#
# A fatal error has been detected by the Java Runtime Environment:
#
#  EXCEPTION_ACCESS_VIOLATION (0xc0000005) at pc=0x00007ffd7405d7d9, pid=10432, tid=5936
#
# JRE version: OpenJDK Runtime Environment Temurin-17.0.2+8 (17.0.2+8) (build 17.0.2+8)
# Java VM: OpenJDK 64-Bit Server VM Temurin-17.0.2+8 (17.0.2+8, mixed mode, tiered, compressed oops, compressed class ptrs, g1 gc, windows-amd64)
# Problematic frame:
# V  [jvm.dll+0x23d7d9]
#
# No core dump will be written. Minidumps are not enabled by default on client versions of Windows
#
# If you would like to submit a bug report, please visit:
#   https://github.com/adoptium/adoptium-support/issues
#

---------------  S U M M A R Y ------------

Command Line: -XX:+ShowCodeDetailsInExceptionMessages -agentlib:jdwp=transport=dt_socket,suspend=y,address=localhost:63235 -javaagent:D:\Saju Ahmed\Softwares\sts-4.14.0.RELEASE\configuration\org.eclipse.osgi\265\0\.cp\lib\javaagent-shaded.jar -Dfile.encoding=UTF-8 org.technohaven.admin.AdminApplication

Host: Intel(R) Core(TM) i3-6100 CPU @ 3.70GHz, 4 cores, 7G,  Windows 10 , 64 bit Build 19041 (10.0.19041.1645)
Time: Wed May 11 17:26:21 2022 Bangladesh Standard Time elapsed time: 1886.474625 seconds (0d 0h 31m 26s)

---------------  T H R E A D  ---------------

Current thread (0x00000179e19a2c70):  VMThread "VM Thread" [stack: 0x0000005287b00000,0x0000005287c00000] [id=5936]

Stack: [0x0000005287b00000,0x0000005287c00000],  sp=0x0000005287bff130,  free space=1020k
Native frames: (J=compiled Java code, j=interpreted, Vv=VM code, C=native code)
V  [jvm.dll+0x23d7d9]
V  [jvm.dll+0x62ab63]
V  [jvm.dll+0x62b521]
V  [jvm.dll+0x52963d]
V  [jvm.dll+0x52d278]
V  [jvm.dll+0x52b04b]
V  [jvm.dll+0x835ebb]
V  [jvm.dll+0x836bf4]
V  [jvm.dll+0x83710c]
V  [jvm.dll+0x8374e4]
V  [jvm.dll+0x8375b0]
V  [jvm.dll+0x7dff2a]
V  [jvm.dll+0x6744d5]
C  [ucrtbase.dll+0x21bb2]
C  [KERNEL32.DLL+0x17034]
C  [ntdll.dll+0x52651]


siginfo: EXCEPTION_ACCESS_VIOLATION (0xc0000005), reading address 0x00000179f3f3a650


Register to memory mapping:

RIP=0x00007ffd7405d7d9 jvm.dll
RAX=0x0000000000200000 is an unknown value
RBX=0x00000179f3d35a60 is pointing into metadata
RCX=0x00000179f3d3a650 is pointing into metadata
RDX=0x000000000000ffff is an unknown value
RSP=0x0000005287bff130 points into unknown readable memory: 0x00000179cdcdbc10 | 10 bc cd cd 79 01 00 00
RBP=0x00000179f3d35a60 is pointing into metadata
RSI=0x000000000000ffff is an unknown value
RDI=0x000000000000ffff is an unknown value
R8 ={method} {0x00000179f3d37260} 'viewEntityList' '(Ljavax/servlet/http/HttpServletRequest;Ljavax/servlet/http/HttpServletResponse;Lorg/springframework/ui/Model;Ljava/util/Map;Lorg/springframework/util/MultiValueMap;)Ljava/lang/String;' in 'org/technohaven/admin/controllers/DistrictController'
R9 =0x0000005287bff210 points into unknown readable memory: 0x00000179f3d37258 | 58 72 d3 f3 79 01 00 00
R10=0x00000179e1996620 points into unknown readable memory: 0x0000001e00000002 | 02 00 00 00 1e 00 00 00
R11={method} {0x00000179f3d37260} 'viewEntityList' '(Ljavax/servlet/http/HttpServletRequest;Ljavax/servlet/http/HttpServletResponse;Lorg/springframework/ui/Model;Ljava/util/Map;Lorg/springframework/util/MultiValueMap;)Ljava/lang/String;' in 'org/technohaven/admin/controllers/DistrictController'
R12=0x00000179e821b2f8 is pointing into metadata
R13=0x00007ffd73e20000 jvm.dll
R14=0x0000005287bff240 points into unknown readable memory: 0x00000179e821cb70 | 70 cb 21 e8 79 01 00 00
R15=0x00000179f3d35a60 is pointing into metadata


Registers:
RAX=0x0000000000200000, RBX=0x00000179f3d35a60, RCX=0x00000179f3d3a650, RDX=0x000000000000ffff
RSP=0x0000005287bff130, RBP=0x00000179f3d35a60, RSI=0x000000000000ffff, RDI=0x000000000000ffff
R8 =0x00000179f3d37258, R9 =0x0000005287bff210, R10=0x00000179e1996620, R11=0x00000179f3d37258
R12=0x00000179e821b2f8, R13=0x00007ffd73e20000, R14=0x0000005287bff240, R15=0x00000179f3d35a60
RIP=0x00007ffd7405d7d9, EFLAGS=0x0000000000010206

Top of Stack: (sp=0x0000005287bff130)
0x0000005287bff130:   00000179cdcdbc10 00000179c624bf60
0x0000005287bff140:   0000005287bff240 0000000000000012
0x0000005287bff150:   000000000000000d 00007ffd7444ab63
0x0000005287bff160:   00000000000000b6 00007ffd7416a4a4
0x0000005287bff170:   0000005287bff210 0000000000000003
0x0000005287bff180:   00000179e821c67e 00007ffd000000e6
0x0000005287bff190:   0000005287bff210 00007ffd73f4668e
0x0000005287bff1a0:   00000179f3d37258 00000179f3d36e20
0x0000005287bff1b0:   00000179f3d35a60 00000179f3d3708b
0x0000005287bff1c0:   00000000000000b6 00007ffd7444b521
0x0000005287bff1d0:   00000000000000b6 0000005287bff249
0x0000005287bff1e0:   00000000000000b6 0000005287bff2a0
0x0000005287bff1f0:   00000179e821b2f8 00000179f3d35a60
0x0000005287bff200:   00000179f3d37258 00000179e19a2c70
0x0000005287bff210:   00000179f3d37258 00000179e19a2c70
0x0000005287bff220:   0000000600000003 000000b6000000d9 

Instructions: (pc=0x00007ffd7405d7d9)
0x00007ffd7405d6d9:   cc cc cc cc cc cc cc 48 89 5c 24 10 48 89 74 24
0x00007ffd7405d6e9:   18 57 48 83 ec 30 48 63 da 49 8b f0 48 8b f9 85
0x00007ffd7405d6f9:   d2 79 24 4c 8d 0d 85 27 70 00 ba b4 02 00 00 4c
0x00007ffd7405d709:   8d 05 b1 27 70 00 48 8d 0d 0a 27 70 00 e8 d5 79
0x00007ffd7405d719:   00 00 e8 a0 7a 43 00 48 8b 4f 10 48 85 c9 74 0f
0x00007ffd7405d729:   48 8d 43 01 48 c1 e0 05 48 8b 04 08 0f b7 d8 48
0x00007ffd7405d739:   63 c3 48 8d 54 24 40 48 89 7c 24 20 48 89 74 24
0x00007ffd7405d749:   28 48 8b 8e 40 02 00 00 8b 5c c7 48 48 89 7c 24
0x00007ffd7405d759:   40 e8 b1 d2 dc ff 0f b7 d3 48 8d 4c 24 20 4c 8b
0x00007ffd7405d769:   c6 e8 f1 fb ff ff 48 8d 4c 24 20 48 8b d8 e8 b4
0x00007ffd7405d779:   cd 10 00 48 8b 74 24 50 48 8b c3 48 8b 5c 24 48
0x00007ffd7405d789:   48 83 c4 30 5f c3 cc 48 89 5c 24 08 57 48 83 ec
0x00007ffd7405d799:   20 48 63 fa 48 8b d9 85 d2 79 24 4c 8d 0d dd 26
0x00007ffd7405d7a9:   70 00 ba b4 02 00 00 4c 8d 05 09 27 70 00 48 8d
0x00007ffd7405d7b9:   0d 62 26 70 00 e8 2d 79 00 00 e8 f8 79 43 00 48
0x00007ffd7405d7c9:   8b 4b 10 48 85 c9 74 0f 48 8d 47 01 48 c1 e0 05
0x00007ffd7405d7d9:   48 8b 04 08 0f b7 f8 48 63 c7 0f b7 4c c3 48 0f
0x00007ffd7405d7e9:   b7 44 cb 4a 48 8b 44 c3 48 48 8b 5c 24 30 48 83
0x00007ffd7405d7f9:   c4 20 5f c3 cc cc cc 4c 8b 41 20 4d 8b 00 e9 64
0x00007ffd7405d809:   02 00 00 cc cc cc cc 48 8b 49 20 48 8b 09 e9 44
0x00007ffd7405d819:   5a 00 00 cc cc cc cc 48 89 5c 24 18 56 57 41 56
0x00007ffd7405d829:   48 83 ec 20 48 83 3d 0b ba 91 00 00 4c 8b f2 48
0x00007ffd7405d839:   8b f9 74 0f 48 8b d1 48 8d 0d a9 25 70 00 e8 f4
0x00007ffd7405d849:   95 e6 ff 45 33 c0 41 8d 50 17 8d 4a 11 e8 95 8a
0x00007ffd7405d859:   e6 ff 33 db 48 85 c0 74 22 48 8d 4f 08 89 58 08
0x00007ffd7405d869:   48 89 48 20 48 8d 0d ec 0f 6d 00 48 89 08 88 58
0x00007ffd7405d879:   0c 48 89 58 10 48 89 58 18 eb 03 48 8b c3 48 8b
0x00007ffd7405d889:   d0 49 8b ce e8 3e fb 3d 00 45 33 c0 41 8d 50 17
0x00007ffd7405d899:   8d 4a 11 e8 4f 8a e6 ff 48 85 c0 74 27 48 8d 0d
0x00007ffd7405d8a9:   73 2a 70 00 c7 40 08 02 00 00 00 48 89 08 48 8d
0x00007ffd7405d8b9:   4f 10 48 89 48 20 c6 40 0c 00 48 89 58 10 48 89
0x00007ffd7405d8c9:   58 18 eb 03 48 8b c3 48 8b d0 49 8b ce e8 f5 fa 


Stack slot to memory mapping:
stack at sp + 0 slots: 0x00000179cdcdbc10 is at entry_point+-944 in (nmethod*)0x00000179cdcdbc10
stack at sp + 1 slots: 0x00000179c624bf60 points into unknown readable memory: 0x0000000300000002 | 02 00 00 00 03 00 00 00
stack at sp + 2 slots: 0x0000005287bff240 points into unknown readable memory: 0x00000179e821cb70 | 70 cb 21 e8 79 01 00 00
stack at sp + 3 slots: 0x0000000000000012 is an unknown value
stack at sp + 4 slots: 0x000000000000000d is an unknown value
stack at sp + 5 slots: 0x00007ffd7444ab63 jvm.dll
stack at sp + 6 slots: 0x00000000000000b6 is an unknown value
stack at sp + 7 slots: 0x00007ffd7416a4a4 jvm.dll

VM_Operation (0x00000052886ff910): RedefineClasses, mode: safepoint, requested by thread 0x00000179e27b6a20, redefining class org.technohaven.admin.controllers.DistrictController



---------------  P R O C E S S  ---------------

Threads class SMR info:
_java_thread_list=0x00000179f078d890, length=47, elements={
0x00000179e197fae0, 0x00000179e1981000, 0x00000179e19d54d0, 0x00000179e19d6ea0,
0x00000179e240b090, 0x00000179e240c890, 0x00000179e2411120, 0x00000179e2412270,
0x00000179e242eee0, 0x00000179e2507810, 0x00000179e27b6a20, 0x00000179e27b76d0,
0x00000179e27bfab0, 0x00000179e38cee30, 0x00000179e55ca4f0, 0x00000179e55ca9c0,
0x00000179ed21a210, 0x00000179ed219870, 0x00000179ed21a6e0, 0x00000179f0f56d40,
0x00000179f0f57210, 0x00000179f0f55a00, 0x00000179f0f55ed0, 0x00000179f0f58a20,
0x00000179f0f563a0, 0x00000179f0f55060, 0x00000179f0f56870, 0x00000179f0f58550,
0x00000179f0f576e0, 0x00000179f0f58080, 0x00000179f0f55530, 0x00000179ebe99940,
0x00000179ebe9bfc0, 0x00000179ebe99e10, 0x00000179ebe9f980, 0x00000179ebe9a2e0,
0x00000179ebea0cc0, 0x00000179ebe9baf0, 0x00000179ebe9c490, 0x00000179ebe9c960,
0x00000179ebe9ce30, 0x00000179ebe9d300, 0x00000179ebe9d7d0, 0x00000179ebe9efe0,
0x00000179ebe9eb10, 0x00000179ebe9dca0, 0x00000179ebe9e170
}

Java Threads: ( => current thread )
  0x00000179e197fae0 JavaThread "Reference Handler" daemon [_thread_blocked, id=4776, stack(0x0000005287c00000,0x0000005287d00000)]
  0x00000179e1981000 JavaThread "Finalizer" daemon [_thread_blocked, id=10996, stack(0x0000005287d00000,0x0000005287e00000)]
  0x00000179e19d54d0 JavaThread "Signal Dispatcher" daemon [_thread_blocked, id=1396, stack(0x0000005287e00000,0x0000005287f00000)]
  0x00000179e19d6ea0 JavaThread "Attach Listener" daemon [_thread_blocked, id=11812, stack(0x0000005287f00000,0x0000005288000000)]
  0x00000179e240b090 JavaThread "Service Thread" daemon [_thread_blocked, id=7448, stack(0x0000005288000000,0x0000005288100000)]
  0x00000179e240c890 JavaThread "Monitor Deflation Thread" daemon [_thread_blocked, id=5876, stack(0x0000005288100000,0x0000005288200000)]
  0x00000179e2411120 JavaThread "C2 CompilerThread0" daemon [_thread_blocked, id=7304, stack(0x0000005288200000,0x0000005288300000)]
  0x00000179e2412270 JavaThread "C1 CompilerThread0" daemon [_thread_blocked, id=3432, stack(0x0000005288300000,0x0000005288400000)]
  0x00000179e242eee0 JavaThread "Sweeper thread" daemon [_thread_blocked, id=13420, stack(0x0000005288400000,0x0000005288500000)]
  0x00000179e2507810 JavaThread "Common-Cleaner" daemon [_thread_blocked, id=11444, stack(0x0000005288500000,0x0000005288600000)]
  0x00000179e27b6a20 JavaThread "JDWP Transport Listener: dt_socket" daemon [_thread_blocked, id=4132, stack(0x0000005288600000,0x0000005288700000)]
  0x00000179e27b76d0 JavaThread "JDWP Event Helper Thread" daemon [_thread_blocked, id=11180, stack(0x0000005288700000,0x0000005288800000)]
  0x00000179e27bfab0 JavaThread "JDWP Command Reader" daemon [_thread_in_native, id=6108, stack(0x0000005288800000,0x0000005288900000)]
  0x00000179e38cee30 JavaThread "Notification Thread" daemon [_thread_blocked, id=12220, stack(0x0000005288e00000,0x0000005288f00000)]
  0x00000179e55ca4f0 JavaThread "Tomcat JDBC Pool Cleaner[791885625:1652266512552]" daemon [_thread_blocked, id=3968, stack(0x0000005289000000,0x0000005289100000)]
  0x00000179e55ca9c0 JavaThread "mysql-cj-abandoned-connection-cleanup" daemon [_thread_blocked, id=4072, stack(0x0000005289100000,0x0000005289200000)]
  0x00000179ed21a210 JavaThread "Catalina-utility-1" [_thread_blocked, id=1160, stack(0x0000005289500000,0x0000005289600000)]
  0x00000179ed219870 JavaThread "Catalina-utility-2" [_thread_blocked, id=3604, stack(0x0000005289600000,0x0000005289700000)]
  0x00000179ed21a6e0 JavaThread "container-0" [_thread_blocked, id=68, stack(0x0000005289700000,0x0000005289800000)]
  0x00000179f0f56d40 JavaThread "TransactionLifecycleMonitorThread" daemon [_thread_blocked, id=6704, stack(0x0000005289800000,0x0000005289900000)]
  0x00000179f0f57210 JavaThread "Connection evictor" daemon [_thread_blocked, id=1104, stack(0x0000005289900000,0x0000005289a00000)]
  0x00000179f0f55a00 JavaThread "quartzScheduler_Worker-1" [_thread_blocked, id=8276, stack(0x0000005289a00000,0x0000005289b00000)]
  0x00000179f0f55ed0 JavaThread "quartzScheduler_Worker-2" [_thread_blocked, id=5952, stack(0x0000005289b00000,0x0000005289c00000)]
  0x00000179f0f58a20 JavaThread "quartzScheduler_Worker-3" [_thread_blocked, id=9332, stack(0x0000005289c00000,0x0000005289d00000)]
  0x00000179f0f563a0 JavaThread "quartzScheduler_Worker-4" [_thread_blocked, id=4136, stack(0x0000005289d00000,0x0000005289e00000)]
  0x00000179f0f55060 JavaThread "quartzScheduler_Worker-5" [_thread_blocked, id=8968, stack(0x0000005289e00000,0x0000005289f00000)]
  0x00000179f0f56870 JavaThread "quartzScheduler_Worker-6" [_thread_blocked, id=11620, stack(0x0000005289f00000,0x000000528a000000)]
  0x00000179f0f58550 JavaThread "quartzScheduler_Worker-7" [_thread_blocked, id=8316, stack(0x000000528a000000,0x000000528a100000)]
  0x00000179f0f576e0 JavaThread "quartzScheduler_Worker-8" [_thread_blocked, id=2128, stack(0x000000528a100000,0x000000528a200000)]
  0x00000179f0f58080 JavaThread "quartzScheduler_Worker-9" [_thread_blocked, id=2204, stack(0x000000528a200000,0x000000528a300000)]
  0x00000179f0f55530 JavaThread "quartzScheduler_Worker-10" [_thread_blocked, id=11800, stack(0x000000528a300000,0x000000528a400000)]
  0x00000179ebe99940 JavaThread "quartzScheduler_QuartzSchedulerThread" [_thread_blocked, id=10152, stack(0x000000528a400000,0x000000528a500000)]
  0x00000179ebe9bfc0 JavaThread "https-jsse-nio-8444-Poller" daemon [_thread_in_native, id=6416, stack(0x000000528a500000,0x000000528a600000)]
  0x00000179ebe99e10 JavaThread "https-jsse-nio-8444-Acceptor" daemon [_thread_in_native, id=4268, stack(0x000000528a600000,0x000000528a700000)]
  0x00000179ebe9f980 JavaThread "http-nio-8081-Poller" daemon [_thread_in_native, id=9324, stack(0x000000528a700000,0x000000528a800000)]
  0x00000179ebe9a2e0 JavaThread "http-nio-8081-Acceptor" daemon [_thread_in_native, id=8664, stack(0x000000528a800000,0x000000528a900000)]
  0x00000179ebea0cc0 JavaThread "DestroyJavaVM" [_thread_blocked, id=6420, stack(0x0000005287500000,0x0000005287600000)]
  0x00000179ebe9baf0 JavaThread "https-jsse-nio-8444-exec-1" daemon [_thread_blocked, id=2360, stack(0x0000005287200000,0x0000005287300000)]
  0x00000179ebe9c490 JavaThread "https-jsse-nio-8444-exec-2" daemon [_thread_blocked, id=14112, stack(0x0000005287300000,0x0000005287400000)]
  0x00000179ebe9c960 JavaThread "https-jsse-nio-8444-exec-3" daemon [_thread_blocked, id=6716, stack(0x0000005288900000,0x0000005288a00000)]
  0x00000179ebe9ce30 JavaThread "https-jsse-nio-8444-exec-4" daemon [_thread_blocked, id=13688, stack(0x000000528a900000,0x000000528aa00000)]
  0x00000179ebe9d300 JavaThread "https-jsse-nio-8444-exec-5" daemon [_thread_blocked, id=7032, stack(0x000000528aa00000,0x000000528ab00000)]
  0x00000179ebe9d7d0 JavaThread "https-jsse-nio-8444-exec-6" daemon [_thread_blocked, id=12352, stack(0x000000528ab00000,0x000000528ac00000)]
  0x00000179ebe9efe0 JavaThread "https-jsse-nio-8444-exec-7" daemon [_thread_blocked, id=12168, stack(0x000000528ac00000,0x000000528ad00000)]
  0x00000179ebe9eb10 JavaThread "https-jsse-nio-8444-exec-8" daemon [_thread_blocked, id=5372, stack(0x000000528ad00000,0x000000528ae00000)]
  0x00000179ebe9dca0 JavaThread "https-jsse-nio-8444-exec-9" daemon [_thread_blocked, id=8360, stack(0x000000528ae00000,0x000000528af00000)]
  0x00000179ebe9e170 JavaThread "https-jsse-nio-8444-exec-10" daemon [_thread_blocked, id=13236, stack(0x000000528af00000,0x000000528b000000)]

Other Threads:
=>0x00000179e19a2c70 VMThread "VM Thread" [stack: 0x0000005287b00000,0x0000005287c00000] [id=5936]
  0x00000179e36b76f0 WatcherThread [stack: 0x0000005288f00000,0x0000005289000000] [id=13244]
  0x00000179c8334630 GCTaskThread "GC Thread#0" [stack: 0x0000005287600000,0x0000005287700000] [id=9896]
  0x00000179e2f24870 GCTaskThread "GC Thread#1" [stack: 0x0000005288a00000,0x0000005288b00000] [id=11964]
  0x00000179e2f24b20 GCTaskThread "GC Thread#2" [stack: 0x0000005288b00000,0x0000005288c00000] [id=7880]
  0x00000179e2f51230 GCTaskThread "GC Thread#3" [stack: 0x0000005288c00000,0x0000005288d00000] [id=12508]
  0x00000179c8346110 ConcurrentGCThread "G1 Main Marker" [stack: 0x0000005287700000,0x0000005287800000] [id=13808]
  0x00000179c83481e0 ConcurrentGCThread "G1 Conc#0" [stack: 0x0000005287800000,0x0000005287900000] [id=2896]
  0x00000179c83ad520 ConcurrentGCThread "G1 Refine#0" [stack: 0x0000005287900000,0x0000005287a00000] [id=11136]
  0x00000179e335acc0 ConcurrentGCThread "G1 Refine#1" [stack: 0x0000005288d00000,0x0000005288e00000] [id=4604]
  0x00000179e897f0e0 ConcurrentGCThread "G1 Refine#2" [stack: 0x0000005289200000,0x0000005289300000] [id=3928]
  0x00000179c83ade50 ConcurrentGCThread "G1 Service" [stack: 0x0000005287a00000,0x0000005287b00000] [id=7740]

Threads with active compile tasks:

VM state: at safepoint (normal execution)

VM Mutex/Monitor currently owned by a thread:  ([mutex/lock_event])
[0x00000179c82f01b0] Threads_lock - owner thread: 0x00000179e19a2c70

Heap address: 0x0000000081c00000, size: 2020 MB, Compressed Oops mode: 32-bit

CDS archive(s) not mapped
Compressed class space mapped at: 0x0000000100000000-0x0000000140000000, reserved size: 1073741824
Narrow klass base: 0x0000000000000000, Narrow klass shift: 3, Narrow klass range: 0x140000000

GC Precious Log:
 CPUs: 4 total, 4 available
 Memory: 8072M
 Large Page Support: Disabled
 NUMA Support: Disabled
 Compressed Oops: Enabled (32-bit)
 Heap Region Size: 1M
 Heap Min Capacity: 8M
 Heap Initial Capacity: 128M
 Heap Max Capacity: 2020M
 Pre-touch: Disabled
 Parallel Workers: 4
 Concurrent Workers: 1
 Concurrent Refinement Workers: 4
 Periodic GC: Disabled

Heap:
 garbage-first heap   total 221184K, used 147390K [0x0000000081c00000, 0x0000000100000000)
  region size 1024K, 36 young (36864K), 8 survivors (8192K)
 Metaspace       used 130984K, committed 131648K, reserved 1171456K
  class space    used 15712K, committed 16064K, reserved 1048576K

Heap Regions: E=young(eden), S=young(survivor), O=old, HS=humongous(starts), HC=humongous(continues), CS=collection set, F=free, OA=open archive, CA=closed archive, TAMS=top-at-mark-start (previous, next)
|   0|0x0000000081c00000, 0x0000000081d00000, 0x0000000081d00000|100%| O|  |TAMS 0x0000000081d00000, 0x0000000081c00000| Untracked 
|   1|0x0000000081d00000, 0x0000000081e00000, 0x0000000081e00000|100%| O|  |TAMS 0x0000000081e00000, 0x0000000081d00000| Untracked 
|   2|0x0000000081e00000, 0x0000000081f00000, 0x0000000081f00000|100%| O|  |TAMS 0x0000000081f00000, 0x0000000081e00000| Untracked 
|   3|0x0000000081f00000, 0x0000000082000000, 0x0000000082000000|100%| O|  |TAMS 0x0000000082000000, 0x0000000081f00000| Untracked 
|   4|0x0000000082000000, 0x0000000082100000, 0x0000000082100000|100%| O|  |TAMS 0x0000000082100000, 0x0000000082000000| Untracked 
|   5|0x0000000082100000, 0x0000000082200000, 0x0000000082200000|100%| O|  |TAMS 0x0000000082200000, 0x0000000082100000| Untracked 
|   6|0x0000000082200000, 0x0000000082300000, 0x0000000082300000|100%| O|  |TAMS 0x0000000082300000, 0x0000000082200000| Untracked 
|   7|0x0000000082300000, 0x0000000082400000, 0x0000000082400000|100%|HS|  |TAMS 0x0000000082400000, 0x0000000082300000| Complete 
|   8|0x0000000082400000, 0x0000000082500000, 0x0000000082500000|100%| O|  |TAMS 0x0000000082500000, 0x0000000082400000| Untracked 
|   9|0x0000000082500000, 0x0000000082600000, 0x0000000082600000|100%| O|  |TAMS 0x0000000082600000, 0x0000000082500000| Untracked 
|  10|0x0000000082600000, 0x0000000082700000, 0x0000000082700000|100%| O|  |TAMS 0x0000000082700000, 0x0000000082600000| Untracked 
|  11|0x0000000082700000, 0x0000000082800000, 0x0000000082800000|100%| O|  |TAMS 0x0000000082800000, 0x0000000082700000| Untracked 
|  12|0x0000000082800000, 0x0000000082900000, 0x0000000082900000|100%| O|  |TAMS 0x0000000082900000, 0x0000000082800000| Untracked 
|  13|0x0000000082900000, 0x0000000082a00000, 0x0000000082a00000|100%| O|  |TAMS 0x0000000082a00000, 0x0000000082900000| Untracked 
|  14|0x0000000082a00000, 0x0000000082b00000, 0x0000000082b00000|100%| O|  |TAMS 0x0000000082b00000, 0x0000000082a00000| Untracked 
|  15|0x0000000082b00000, 0x0000000082c00000, 0x0000000082c00000|100%| O|  |TAMS 0x0000000082c00000, 0x0000000082b00000| Untracked 
|  16|0x0000000082c00000, 0x0000000082d00000, 0x0000000082d00000|100%| O|  |TAMS 0x0000000082d00000, 0x0000000082c00000| Untracked 
|  17|0x0000000082d00000, 0x0000000082e00000, 0x0000000082e00000|100%| O|  |TAMS 0x0000000082e00000, 0x0000000082d00000| Untracked 
|  18|0x0000000082e00000, 0x0000000082f00000, 0x0000000082f00000|100%| O|  |TAMS 0x0000000082f00000, 0x0000000082e00000| Untracked 
|  19|0x0000000082f00000, 0x0000000083000000, 0x0000000083000000|100%| O|  |TAMS 0x0000000083000000, 0x0000000082f00000| Untracked 
|  20|0x0000000083000000, 0x0000000083100000, 0x0000000083100000|100%| O|  |TAMS 0x0000000083100000, 0x0000000083000000| Untracked 
|  21|0x0000000083100000, 0x0000000083200000, 0x0000000083200000|100%| O|  |TAMS 0x0000000083200000, 0x0000000083100000| Untracked 
|  22|0x0000000083200000, 0x0000000083300000, 0x0000000083300000|100%| O|  |TAMS 0x0000000083300000, 0x0000000083200000| Untracked 
|  23|0x0000000083300000, 0x0000000083400000, 0x0000000083400000|100%| O|  |TAMS 0x0000000083400000, 0x0000000083300000| Untracked 
|  24|0x0000000083400000, 0x0000000083500000, 0x0000000083500000|100%| O|  |TAMS 0x0000000083500000, 0x0000000083400000| Untracked 
|  25|0x0000000083500000, 0x0000000083600000, 0x0000000083600000|100%| O|  |TAMS 0x0000000083600000, 0x0000000083500000| Untracked 
|  26|0x0000000083600000, 0x0000000083700000, 0x0000000083700000|100%| O|  |TAMS 0x0000000083700000, 0x0000000083600000| Untracked 
|  27|0x0000000083700000, 0x0000000083800000, 0x0000000083800000|100%| O|  |TAMS 0x0000000083800000, 0x0000000083700000| Untracked 
|  28|0x0000000083800000, 0x0000000083900000, 0x0000000083900000|100%| O|  |TAMS 0x0000000083900000, 0x0000000083800000| Untracked 
|  29|0x0000000083900000, 0x0000000083a00000, 0x0000000083a00000|100%| O|  |TAMS 0x0000000083a00000, 0x0000000083900000| Untracked 
|  30|0x0000000083a00000, 0x0000000083b00000, 0x0000000083b00000|100%| O|  |TAMS 0x0000000083b00000, 0x0000000083a00000| Untracked 
|  31|0x0000000083b00000, 0x0000000083c00000, 0x0000000083c00000|100%| O|  |TAMS 0x0000000083b00000, 0x0000000083b00000| Untracked 
|  32|0x0000000083c00000, 0x0000000083d00000, 0x0000000083d00000|100%| O|  |TAMS 0x0000000083d00000, 0x0000000083c00000| Untracked 
|  33|0x0000000083d00000, 0x0000000083e00000, 0x0000000083e00000|100%| O|  |TAMS 0x0000000083e00000, 0x0000000083d00000| Untracked 
|  34|0x0000000083e00000, 0x0000000083f00000, 0x0000000083f00000|100%| O|  |TAMS 0x0000000083f00000, 0x0000000083e00000| Untracked 
|  35|0x0000000083f00000, 0x0000000083fe5e00, 0x0000000084000000| 89%| O|  |TAMS 0x0000000083fe5e00, 0x0000000083f00000| Untracked 
|  36|0x0000000084000000, 0x0000000084100000, 0x0000000084100000|100%| O|  |TAMS 0x0000000084100000, 0x0000000084000000| Untracked 
|  37|0x0000000084100000, 0x0000000084200000, 0x0000000084200000|100%| O|  |TAMS 0x0000000084200000, 0x0000000084100000| Untracked 
|  38|0x0000000084200000, 0x0000000084300000, 0x0000000084300000|100%| O|  |TAMS 0x0000000084300000, 0x0000000084200000| Untracked 
|  39|0x0000000084300000, 0x0000000084400000, 0x0000000084400000|100%| O|  |TAMS 0x0000000084400000, 0x0000000084300000| Untracked 
|  40|0x0000000084400000, 0x0000000084500000, 0x0000000084500000|100%| O|  |TAMS 0x0000000084500000, 0x0000000084400000| Untracked 
|  41|0x0000000084500000, 0x0000000084600000, 0x0000000084600000|100%| O|  |TAMS 0x0000000084600000, 0x0000000084500000| Untracked 
|  42|0x0000000084600000, 0x0000000084700000, 0x0000000084700000|100%| O|  |TAMS 0x0000000084700000, 0x0000000084600000| Untracked 
|  43|0x0000000084700000, 0x0000000084800000, 0x0000000084800000|100%| O|  |TAMS 0x0000000084800000, 0x0000000084700000| Untracked 
|  44|0x0000000084800000, 0x0000000084900000, 0x0000000084900000|100%| O|  |TAMS 0x0000000084900000, 0x0000000084800000| Untracked 
|  45|0x0000000084900000, 0x0000000084a00000, 0x0000000084a00000|100%| O|  |TAMS 0x0000000084a00000, 0x0000000084900000| Untracked 
|  46|0x0000000084a00000, 0x0000000084b00000, 0x0000000084b00000|100%| O|  |TAMS 0x0000000084b00000, 0x0000000084a00000| Untracked 
|  47|0x0000000084b00000, 0x0000000084c00000, 0x0000000084c00000|100%| O|  |TAMS 0x0000000084c00000, 0x0000000084b00000| Untracked 
|  48|0x0000000084c00000, 0x0000000084d00000, 0x0000000084d00000|100%| O|  |TAMS 0x0000000084d00000, 0x0000000084c00000| Untracked 
|  49|0x0000000084d00000, 0x0000000084e00000, 0x0000000084e00000|100%| O|  |TAMS 0x0000000084e00000, 0x0000000084d00000| Untracked 
|  50|0x0000000084e00000, 0x0000000084f00000, 0x0000000084f00000|100%| O|  |TAMS 0x0000000084f00000, 0x0000000084e00000| Untracked 
|  51|0x0000000084f00000, 0x0000000085000000, 0x0000000085000000|100%| O|  |TAMS 0x0000000085000000, 0x0000000084f00000| Untracked 
|  52|0x0000000085000000, 0x0000000085100000, 0x0000000085100000|100%| O|  |TAMS 0x0000000085000000, 0x0000000085000000| Untracked 
|  53|0x0000000085100000, 0x0000000085200000, 0x0000000085200000|100%| O|  |TAMS 0x0000000085100000, 0x0000000085100000| Untracked 
|  54|0x0000000085200000, 0x0000000085300000, 0x0000000085300000|100%| O|  |TAMS 0x0000000085300000, 0x0000000085200000| Untracked 
|  55|0x0000000085300000, 0x0000000085400000, 0x0000000085400000|100%| O|  |TAMS 0x0000000085400000, 0x0000000085300000| Untracked 
|  56|0x0000000085400000, 0x0000000085500000, 0x0000000085500000|100%| O|  |TAMS 0x0000000085500000, 0x0000000085400000| Untracked 
|  57|0x0000000085500000, 0x0000000085600000, 0x0000000085600000|100%| O|  |TAMS 0x0000000085600000, 0x0000000085500000| Untracked 
|  58|0x0000000085600000, 0x0000000085700000, 0x0000000085700000|100%| O|  |TAMS 0x0000000085700000, 0x0000000085600000| Untracked 
|  59|0x0000000085700000, 0x0000000085800000, 0x0000000085800000|100%| O|  |TAMS 0x0000000085800000, 0x0000000085700000| Untracked 
|  60|0x0000000085800000, 0x0000000085900000, 0x0000000085900000|100%| O|  |TAMS 0x0000000085900000, 0x0000000085800000| Untracked 
|  61|0x0000000085900000, 0x0000000085a00000, 0x0000000085a00000|100%| O|  |TAMS 0x0000000085a00000, 0x0000000085900000| Untracked 
|  62|0x0000000085a00000, 0x0000000085b00000, 0x0000000085b00000|100%| O|  |TAMS 0x0000000085b00000, 0x0000000085a00000| Untracked 
|  63|0x0000000085b00000, 0x0000000085c00000, 0x0000000085c00000|100%| O|  |TAMS 0x0000000085c00000, 0x0000000085b00000| Untracked 
|  64|0x0000000085c00000, 0x0000000085d00000, 0x0000000085d00000|100%| O|  |TAMS 0x0000000085d00000, 0x0000000085c00000| Untracked 
|  65|0x0000000085d00000, 0x0000000085e00000, 0x0000000085e00000|100%| O|  |TAMS 0x0000000085e00000, 0x0000000085d00000| Untracked 
|  66|0x0000000085e00000, 0x0000000085f00000, 0x0000000085f00000|100%| O|  |TAMS 0x0000000085f00000, 0x0000000085e00000| Untracked 
|  67|0x0000000085f00000, 0x0000000086000000, 0x0000000086000000|100%|HS|  |TAMS 0x0000000086000000, 0x0000000085f00000| Complete 
|  68|0x0000000086000000, 0x0000000086100000, 0x0000000086100000|100%| O|  |TAMS 0x0000000086100000, 0x0000000086000000| Untracked 
|  69|0x0000000086100000, 0x0000000086200000, 0x0000000086200000|100%| O|  |TAMS 0x0000000086200000, 0x0000000086100000| Untracked 
|  70|0x0000000086200000, 0x0000000086300000, 0x0000000086300000|100%| O|  |TAMS 0x0000000086300000, 0x0000000086200000| Untracked 
|  71|0x0000000086300000, 0x0000000086400000, 0x0000000086400000|100%| O|  |TAMS 0x0000000086400000, 0x0000000086300000| Untracked 
|  72|0x0000000086400000, 0x0000000086500000, 0x0000000086500000|100%| O|  |TAMS 0x0000000086500000, 0x0000000086400000| Untracked 
|  73|0x0000000086500000, 0x0000000086600000, 0x0000000086600000|100%| O|  |TAMS 0x0000000086600000, 0x0000000086500000| Untracked 
|  74|0x0000000086600000, 0x0000000086700000, 0x0000000086700000|100%| O|  |TAMS 0x0000000086700000, 0x0000000086600000| Untracked 
|  75|0x0000000086700000, 0x0000000086800000, 0x0000000086800000|100%| O|  |TAMS 0x0000000086800000, 0x0000000086700000| Untracked 
|  76|0x0000000086800000, 0x0000000086900000, 0x0000000086900000|100%| O|  |TAMS 0x0000000086900000, 0x0000000086800000| Untracked 
|  77|0x0000000086900000, 0x0000000086a00000, 0x0000000086a00000|100%| O|  |TAMS 0x0000000086a00000, 0x0000000086900000| Untracked 
|  78|0x0000000086a00000, 0x0000000086b00000, 0x0000000086b00000|100%| O|  |TAMS 0x0000000086b00000, 0x0000000086a00000| Untracked 
|  79|0x0000000086b00000, 0x0000000086c00000, 0x0000000086c00000|100%| O|  |TAMS 0x0000000086c00000, 0x0000000086b00000| Untracked 
|  80|0x0000000086c00000, 0x0000000086d00000, 0x0000000086d00000|100%| O|  |TAMS 0x0000000086c00000, 0x0000000086c00000| Untracked 
|  81|0x0000000086d00000, 0x0000000086e00000, 0x0000000086e00000|100%| O|  |TAMS 0x0000000086d00000, 0x0000000086d00000| Untracked 
|  82|0x0000000086e00000, 0x0000000086f00000, 0x0000000086f00000|100%| O|  |TAMS 0x0000000086e00000, 0x0000000086e00000| Untracked 
|  83|0x0000000086f00000, 0x0000000087000000, 0x0000000087000000|100%| O|  |TAMS 0x0000000086f00000, 0x0000000086f00000| Untracked 
|  84|0x0000000087000000, 0x0000000087100000, 0x0000000087100000|100%| O|  |TAMS 0x0000000087000000, 0x0000000087000000| Untracked 
|  85|0x0000000087100000, 0x0000000087200000, 0x0000000087200000|100%| O|  |TAMS 0x0000000087100000, 0x0000000087100000| Untracked 
|  86|0x0000000087200000, 0x0000000087300000, 0x0000000087300000|100%| O|  |TAMS 0x0000000087200000, 0x0000000087200000| Untracked 
|  87|0x0000000087300000, 0x0000000087400000, 0x0000000087400000|100%| O|  |TAMS 0x0000000087300000, 0x0000000087300000| Untracked 
|  88|0x0000000087400000, 0x0000000087500000, 0x0000000087500000|100%| O|  |TAMS 0x0000000087400000, 0x0000000087400000| Untracked 
|  89|0x0000000087500000, 0x0000000087600000, 0x0000000087600000|100%| O|  |TAMS 0x0000000087500000, 0x0000000087500000| Untracked 
|  90|0x0000000087600000, 0x0000000087700000, 0x0000000087700000|100%| O|  |TAMS 0x0000000087600000, 0x0000000087600000| Untracked 
|  91|0x0000000087700000, 0x0000000087800000, 0x0000000087800000|100%| O|  |TAMS 0x0000000087700000, 0x0000000087700000| Untracked 
|  92|0x0000000087800000, 0x0000000087900000, 0x0000000087900000|100%| O|  |TAMS 0x0000000087800000, 0x0000000087800000| Untracked 
|  93|0x0000000087900000, 0x0000000087a00000, 0x0000000087a00000|100%| O|  |TAMS 0x0000000087900000, 0x0000000087900000| Untracked 
|  94|0x0000000087a00000, 0x0000000087b00000, 0x0000000087b00000|100%| O|  |TAMS 0x0000000087a00000, 0x0000000087a00000| Untracked 
|  95|0x0000000087b00000, 0x0000000087c00000, 0x0000000087c00000|100%| O|  |TAMS 0x0000000087b00000, 0x0000000087b00000| Untracked 
|  96|0x0000000087c00000, 0x0000000087d00000, 0x0000000087d00000|100%| O|  |TAMS 0x0000000087c00000, 0x0000000087c00000| Untracked 
|  97|0x0000000087d00000, 0x0000000087e00000, 0x0000000087e00000|100%| O|  |TAMS 0x0000000087d00000, 0x0000000087d00000| Untracked 
|  98|0x0000000087e00000, 0x0000000087f00000, 0x0000000087f00000|100%| O|  |TAMS 0x0000000087e00000, 0x0000000087e00000| Untracked 
|  99|0x0000000087f00000, 0x0000000088000000, 0x0000000088000000|100%| O|  |TAMS 0x0000000087f00000, 0x0000000087f00000| Untracked 
| 100|0x0000000088000000, 0x0000000088100000, 0x0000000088100000|100%| O|  |TAMS 0x0000000088000000, 0x0000000088000000| Untracked 
| 101|0x0000000088100000, 0x0000000088200000, 0x0000000088200000|100%| O|  |TAMS 0x0000000088100000, 0x0000000088100000| Untracked 
| 102|0x0000000088200000, 0x0000000088300000, 0x0000000088300000|100%| O|  |TAMS 0x0000000088200000, 0x0000000088200000| Untracked 
| 103|0x0000000088300000, 0x0000000088400000, 0x0000000088400000|100%| O|  |TAMS 0x0000000088300000, 0x0000000088300000| Untracked 
| 104|0x0000000088400000, 0x0000000088500000, 0x0000000088500000|100%| O|  |TAMS 0x0000000088400000, 0x0000000088400000| Untracked 
| 105|0x0000000088500000, 0x0000000088600000, 0x0000000088600000|100%| O|  |TAMS 0x0000000088500000, 0x0000000088500000| Untracked 
| 106|0x0000000088600000, 0x0000000088700000, 0x0000000088700000|100%| O|  |TAMS 0x0000000088600000, 0x0000000088600000| Untracked 
| 107|0x0000000088700000, 0x0000000088800000, 0x0000000088800000|100%| O|  |TAMS 0x0000000088700000, 0x0000000088700000| Untracked 
| 108|0x0000000088800000, 0x0000000088900000, 0x0000000088900000|100%| O|  |TAMS 0x0000000088800000, 0x0000000088800000| Untracked 
| 109|0x0000000088900000, 0x0000000088a00000, 0x0000000088a00000|100%| O|  |TAMS 0x0000000088900000, 0x0000000088900000| Untracked 
| 110|0x0000000088a00000, 0x0000000088aad200, 0x0000000088b00000| 67%| O|  |TAMS 0x0000000088a00000, 0x0000000088a00000| Untracked 
| 111|0x0000000088b00000, 0x0000000088b00000, 0x0000000088c00000|  0%| F|  |TAMS 0x0000000088b00000, 0x0000000088b00000| Untracked 
| 112|0x0000000088c00000, 0x0000000088c00000, 0x0000000088d00000|  0%| F|  |TAMS 0x0000000088c00000, 0x0000000088c00000| Untracked 
| 113|0x0000000088d00000, 0x0000000088d00000, 0x0000000088e00000|  0%| F|  |TAMS 0x0000000088d00000, 0x0000000088d00000| Untracked 
| 114|0x0000000088e00000, 0x0000000088e00000, 0x0000000088f00000|  0%| F|  |TAMS 0x0000000088e00000, 0x0000000088e00000| Untracked 
| 115|0x0000000088f00000, 0x0000000088f00000, 0x0000000089000000|  0%| F|  |TAMS 0x0000000088f00000, 0x0000000088f00000| Untracked 
| 116|0x0000000089000000, 0x0000000089000000, 0x0000000089100000|  0%| F|  |TAMS 0x0000000089000000, 0x0000000089000000| Untracked 
| 117|0x0000000089100000, 0x0000000089100000, 0x0000000089200000|  0%| F|  |TAMS 0x0000000089100000, 0x0000000089100000| Untracked 
| 118|0x0000000089200000, 0x0000000089200000, 0x0000000089300000|  0%| F|  |TAMS 0x0000000089200000, 0x0000000089200000| Untracked 
| 119|0x0000000089300000, 0x0000000089300000, 0x0000000089400000|  0%| F|  |TAMS 0x0000000089300000, 0x0000000089300000| Untracked 
| 120|0x0000000089400000, 0x0000000089400000, 0x0000000089500000|  0%| F|  |TAMS 0x0000000089400000, 0x0000000089400000| Untracked 
| 121|0x0000000089500000, 0x0000000089500000, 0x0000000089600000|  0%| F|  |TAMS 0x0000000089500000, 0x0000000089500000| Untracked 
| 122|0x0000000089600000, 0x0000000089600000, 0x0000000089700000|  0%| F|  |TAMS 0x0000000089600000, 0x0000000089600000| Untracked 
| 123|0x0000000089700000, 0x0000000089700000, 0x0000000089800000|  0%| F|  |TAMS 0x0000000089700000, 0x0000000089700000| Untracked 
| 124|0x0000000089800000, 0x0000000089800000, 0x0000000089900000|  0%| F|  |TAMS 0x0000000089800000, 0x0000000089800000| Untracked 
| 125|0x0000000089900000, 0x0000000089900000, 0x0000000089a00000|  0%| F|  |TAMS 0x0000000089900000, 0x0000000089900000| Untracked 
| 126|0x0000000089a00000, 0x0000000089a00000, 0x0000000089b00000|  0%| F|  |TAMS 0x0000000089a00000, 0x0000000089a00000| Untracked 
| 127|0x0000000089b00000, 0x0000000089b00000, 0x0000000089c00000|  0%| F|  |TAMS 0x0000000089b00000, 0x0000000089b00000| Untracked 
| 128|0x0000000089c00000, 0x0000000089c00000, 0x0000000089d00000|  0%| F|  |TAMS 0x0000000089c00000, 0x0000000089c00000| Untracked 
| 129|0x0000000089d00000, 0x0000000089d00000, 0x0000000089e00000|  0%| F|  |TAMS 0x0000000089d00000, 0x0000000089d00000| Untracked 
| 130|0x0000000089e00000, 0x0000000089e00000, 0x0000000089f00000|  0%| F|  |TAMS 0x0000000089e00000, 0x0000000089e00000| Untracked 
| 131|0x0000000089f00000, 0x0000000089f00000, 0x000000008a000000|  0%| F|  |TAMS 0x0000000089f00000, 0x0000000089f00000| Untracked 
| 132|0x000000008a000000, 0x000000008a000000, 0x000000008a100000|  0%| F|  |TAMS 0x000000008a000000, 0x000000008a000000| Untracked 
| 133|0x000000008a100000, 0x000000008a100000, 0x000000008a200000|  0%| F|  |TAMS 0x000000008a100000, 0x000000008a100000| Untracked 
| 134|0x000000008a200000, 0x000000008a200000, 0x000000008a300000|  0%| F|  |TAMS 0x000000008a200000, 0x000000008a200000| Untracked 
| 135|0x000000008a300000, 0x000000008a300000, 0x000000008a400000|  0%| F|  |TAMS 0x000000008a300000, 0x000000008a300000| Untracked 
| 136|0x000000008a400000, 0x000000008a400000, 0x000000008a500000|  0%| F|  |TAMS 0x000000008a400000, 0x000000008a400000| Untracked 
| 137|0x000000008a500000, 0x000000008a500000, 0x000000008a600000|  0%| F|  |TAMS 0x000000008a500000, 0x000000008a500000| Untracked 
| 138|0x000000008a600000, 0x000000008a600000, 0x000000008a700000|  0%| F|  |TAMS 0x000000008a600000, 0x000000008a600000| Untracked 
| 139|0x000000008a700000, 0x000000008a700000, 0x000000008a800000|  0%| F|  |TAMS 0x000000008a700000, 0x000000008a700000| Untracked 
| 140|0x000000008a800000, 0x000000008a85ca98, 0x000000008a900000| 36%| S|CS|TAMS 0x000000008a800000, 0x000000008a800000| Complete 
| 141|0x000000008a900000, 0x000000008aa00000, 0x000000008aa00000|100%| S|CS|TAMS 0x000000008a900000, 0x000000008a900000| Complete 
| 142|0x000000008aa00000, 0x000000008ab00000, 0x000000008ab00000|100%| S|CS|TAMS 0x000000008aa00000, 0x000000008aa00000| Complete 
| 143|0x000000008ab00000, 0x000000008ac00000, 0x000000008ac00000|100%| S|CS|TAMS 0x000000008ab00000, 0x000000008ab00000| Complete 
| 144|0x000000008ac00000, 0x000000008ac00000, 0x000000008ad00000|  0%| F|  |TAMS 0x000000008ac00000, 0x000000008ac00000| Untracked 
| 145|0x000000008ad00000, 0x000000008ad00000, 0x000000008ae00000|  0%| F|  |TAMS 0x000000008ad00000, 0x000000008ad00000| Untracked 
| 146|0x000000008ae00000, 0x000000008af00000, 0x000000008af00000|100%| S|CS|TAMS 0x000000008ae00000, 0x000000008ae00000| Complete 
| 147|0x000000008af00000, 0x000000008b000000, 0x000000008b000000|100%| S|CS|TAMS 0x000000008af00000, 0x000000008af00000| Complete 
| 148|0x000000008b000000, 0x000000008b100000, 0x000000008b100000|100%| S|CS|TAMS 0x000000008b000000, 0x000000008b000000| Complete 
| 149|0x000000008b100000, 0x000000008b200000, 0x000000008b200000|100%| S|CS|TAMS 0x000000008b100000, 0x000000008b100000| Complete 
| 150|0x000000008b200000, 0x000000008b200000, 0x000000008b300000|  0%| F|  |TAMS 0x000000008b200000, 0x000000008b200000| Untracked 
| 151|0x000000008b300000, 0x000000008b300000, 0x000000008b400000|  0%| F|  |TAMS 0x000000008b300000, 0x000000008b300000| Untracked 
| 152|0x000000008b400000, 0x000000008b400000, 0x000000008b500000|  0%| F|  |TAMS 0x000000008b400000, 0x000000008b400000| Untracked 
| 153|0x000000008b500000, 0x000000008b500000, 0x000000008b600000|  0%| F|  |TAMS 0x000000008b500000, 0x000000008b500000| Untracked 
| 154|0x000000008b600000, 0x000000008b600000, 0x000000008b700000|  0%| F|  |TAMS 0x000000008b600000, 0x000000008b600000| Untracked 
| 155|0x000000008b700000, 0x000000008b700000, 0x000000008b800000|  0%| F|  |TAMS 0x000000008b700000, 0x000000008b700000| Untracked 
| 156|0x000000008b800000, 0x000000008b800000, 0x000000008b900000|  0%| F|  |TAMS 0x000000008b800000, 0x000000008b800000| Untracked 
| 157|0x000000008b900000, 0x000000008b900000, 0x000000008ba00000|  0%| F|  |TAMS 0x000000008b900000, 0x000000008b900000| Untracked 
| 158|0x000000008ba00000, 0x000000008ba00000, 0x000000008bb00000|  0%| F|  |TAMS 0x000000008ba00000, 0x000000008ba00000| Untracked 
| 159|0x000000008bb00000, 0x000000008bb00000, 0x000000008bc00000|  0%| F|  |TAMS 0x000000008bb00000, 0x000000008bb00000| Untracked 
| 160|0x000000008bc00000, 0x000000008bc00000, 0x000000008bd00000|  0%| F|  |TAMS 0x000000008bc00000, 0x000000008bc00000| Untracked 
| 161|0x000000008bd00000, 0x000000008bd00000, 0x000000008be00000|  0%| F|  |TAMS 0x000000008bd00000, 0x000000008bd00000| Untracked 
| 162|0x000000008be00000, 0x000000008be00000, 0x000000008bf00000|  0%| F|  |TAMS 0x000000008be00000, 0x000000008be00000| Untracked 
| 163|0x000000008bf00000, 0x000000008bf00000, 0x000000008c000000|  0%| F|  |TAMS 0x000000008bf00000, 0x000000008bf00000| Untracked 
| 164|0x000000008c000000, 0x000000008c000000, 0x000000008c100000|  0%| F|  |TAMS 0x000000008c000000, 0x000000008c000000| Untracked 
| 165|0x000000008c100000, 0x000000008c100000, 0x000000008c200000|  0%| F|  |TAMS 0x000000008c100000, 0x000000008c100000| Untracked 
| 166|0x000000008c200000, 0x000000008c200000, 0x000000008c300000|  0%| F|  |TAMS 0x000000008c200000, 0x000000008c200000| Untracked 
| 167|0x000000008c300000, 0x000000008c300000, 0x000000008c400000|  0%| F|  |TAMS 0x000000008c300000, 0x000000008c300000| Untracked 
| 168|0x000000008c400000, 0x000000008c400000, 0x000000008c500000|  0%| F|  |TAMS 0x000000008c400000, 0x000000008c400000| Untracked 
| 169|0x000000008c500000, 0x000000008c500000, 0x000000008c600000|  0%| F|  |TAMS 0x000000008c500000, 0x000000008c500000| Untracked 
| 170|0x000000008c600000, 0x000000008c600000, 0x000000008c700000|  0%| F|  |TAMS 0x000000008c600000, 0x000000008c600000| Untracked 
| 171|0x000000008c700000, 0x000000008c700000, 0x000000008c800000|  0%| F|  |TAMS 0x000000008c700000, 0x000000008c700000| Untracked 
| 172|0x000000008c800000, 0x000000008c800000, 0x000000008c900000|  0%| F|  |TAMS 0x000000008c800000, 0x000000008c800000| Untracked 
| 173|0x000000008c900000, 0x000000008c900000, 0x000000008ca00000|  0%| F|  |TAMS 0x000000008c900000, 0x000000008c900000| Untracked 
| 174|0x000000008ca00000, 0x000000008ca00000, 0x000000008cb00000|  0%| F|  |TAMS 0x000000008ca00000, 0x000000008ca00000| Untracked 
| 175|0x000000008cb00000, 0x000000008cb00000, 0x000000008cc00000|  0%| F|  |TAMS 0x000000008cb00000, 0x000000008cb00000| Untracked 
| 176|0x000000008cc00000, 0x000000008cc00000, 0x000000008cd00000|  0%| F|  |TAMS 0x000000008cc00000, 0x000000008cc00000| Untracked 
| 177|0x000000008cd00000, 0x000000008cd00000, 0x000000008ce00000|  0%| F|  |TAMS 0x000000008cd00000, 0x000000008cd00000| Untracked 
| 178|0x000000008ce00000, 0x000000008ce00000, 0x000000008cf00000|  0%| F|  |TAMS 0x000000008ce00000, 0x000000008ce00000| Untracked 
| 179|0x000000008cf00000, 0x000000008cf00000, 0x000000008d000000|  0%| F|  |TAMS 0x000000008cf00000, 0x000000008cf00000| Untracked 
| 180|0x000000008d000000, 0x000000008d000000, 0x000000008d100000|  0%| F|  |TAMS 0x000000008d000000, 0x000000008d000000| Untracked 
| 181|0x000000008d100000, 0x000000008d100000, 0x000000008d200000|  0%| F|  |TAMS 0x000000008d100000, 0x000000008d100000| Untracked 
| 182|0x000000008d200000, 0x000000008d200000, 0x000000008d300000|  0%| F|  |TAMS 0x000000008d200000, 0x000000008d200000| Untracked 
| 183|0x000000008d300000, 0x000000008d300000, 0x000000008d400000|  0%| F|  |TAMS 0x000000008d300000, 0x000000008d300000| Untracked 
| 184|0x000000008d400000, 0x000000008d400000, 0x000000008d500000|  0%| F|  |TAMS 0x000000008d400000, 0x000000008d400000| Untracked 
| 185|0x000000008d500000, 0x000000008d500000, 0x000000008d600000|  0%| F|  |TAMS 0x000000008d500000, 0x000000008d500000| Untracked 
| 186|0x000000008d600000, 0x000000008d600000, 0x000000008d700000|  0%| F|  |TAMS 0x000000008d600000, 0x000000008d600000| Untracked 
| 187|0x000000008d700000, 0x000000008d700000, 0x000000008d800000|  0%| F|  |TAMS 0x000000008d700000, 0x000000008d700000| Untracked 
| 188|0x000000008d800000, 0x000000008d8ea268, 0x000000008d900000| 91%| E|  |TAMS 0x000000008d800000, 0x000000008d800000| Complete 
| 189|0x000000008d900000, 0x000000008da00000, 0x000000008da00000|100%| E|CS|TAMS 0x000000008d900000, 0x000000008d900000| Complete 
| 190|0x000000008da00000, 0x000000008db00000, 0x000000008db00000|100%| E|CS|TAMS 0x000000008da00000, 0x000000008da00000| Complete 
| 191|0x000000008db00000, 0x000000008dc00000, 0x000000008dc00000|100%| E|CS|TAMS 0x000000008db00000, 0x000000008db00000| Complete 
| 192|0x000000008dc00000, 0x000000008dd00000, 0x000000008dd00000|100%| E|CS|TAMS 0x000000008dc00000, 0x000000008dc00000| Complete 
| 193|0x000000008dd00000, 0x000000008de00000, 0x000000008de00000|100%| E|CS|TAMS 0x000000008dd00000, 0x000000008dd00000| Complete 
| 194|0x000000008de00000, 0x000000008df00000, 0x000000008df00000|100%| E|CS|TAMS 0x000000008de00000, 0x000000008de00000| Complete 
| 195|0x000000008df00000, 0x000000008e000000, 0x000000008e000000|100%| E|CS|TAMS 0x000000008df00000, 0x000000008df00000| Complete 
| 196|0x000000008e000000, 0x000000008e100000, 0x000000008e100000|100%| E|CS|TAMS 0x000000008e000000, 0x000000008e000000| Complete 
| 197|0x000000008e100000, 0x000000008e1ff9b0, 0x000000008e200000| 99%| E|  |TAMS 0x000000008e100000, 0x000000008e100000| Complete 
| 198|0x000000008e200000, 0x000000008e300000, 0x000000008e300000|100%| E|CS|TAMS 0x000000008e200000, 0x000000008e200000| Complete 
| 199|0x000000008e300000, 0x000000008e400000, 0x000000008e400000|100%| E|CS|TAMS 0x000000008e300000, 0x000000008e300000| Complete 
| 200|0x000000008e400000, 0x000000008e500000, 0x000000008e500000|100%| E|CS|TAMS 0x000000008e400000, 0x000000008e400000| Complete 
| 201|0x000000008e500000, 0x000000008e600000, 0x000000008e600000|100%| E|CS|TAMS 0x000000008e500000, 0x000000008e500000| Complete 
| 202|0x000000008e600000, 0x000000008e700000, 0x000000008e700000|100%| E|CS|TAMS 0x000000008e600000, 0x000000008e600000| Complete 
| 203|0x000000008e700000, 0x000000008e800000, 0x000000008e800000|100%| E|CS|TAMS 0x000000008e700000, 0x000000008e700000| Complete 
| 204|0x000000008e800000, 0x000000008e900000, 0x000000008e900000|100%| E|CS|TAMS 0x000000008e800000, 0x000000008e800000| Complete 
| 205|0x000000008e900000, 0x000000008ea00000, 0x000000008ea00000|100%| E|CS|TAMS 0x000000008e900000, 0x000000008e900000| Complete 
| 206|0x000000008ea00000, 0x000000008eb00000, 0x000000008eb00000|100%| E|CS|TAMS 0x000000008ea00000, 0x000000008ea00000| Complete 
| 207|0x000000008eb00000, 0x000000008ec00000, 0x000000008ec00000|100%| E|CS|TAMS 0x000000008eb00000, 0x000000008eb00000| Complete 
| 208|0x000000008ec00000, 0x000000008ed00000, 0x000000008ed00000|100%| E|CS|TAMS 0x000000008ec00000, 0x000000008ec00000| Complete 
| 209|0x000000008ed00000, 0x000000008ee00000, 0x000000008ee00000|100%| E|CS|TAMS 0x000000008ed00000, 0x000000008ed00000| Complete 
| 210|0x000000008ee00000, 0x000000008ef00000, 0x000000008ef00000|100%| E|CS|TAMS 0x000000008ee00000, 0x000000008ee00000| Complete 
| 211|0x000000008ef00000, 0x000000008f000000, 0x000000008f000000|100%| E|CS|TAMS 0x000000008ef00000, 0x000000008ef00000| Complete 
| 212|0x000000008f000000, 0x000000008f100000, 0x000000008f100000|100%| E|CS|TAMS 0x000000008f000000, 0x000000008f000000| Complete 
| 213|0x000000008f100000, 0x000000008f200000, 0x000000008f200000|100%| E|CS|TAMS 0x000000008f100000, 0x000000008f100000| Complete 
| 214|0x000000008f200000, 0x000000008f300000, 0x000000008f300000|100%| E|CS|TAMS 0x000000008f200000, 0x000000008f200000| Complete 
| 215|0x000000008f300000, 0x000000008f400000, 0x000000008f400000|100%| E|CS|TAMS 0x000000008f300000, 0x000000008f300000| Complete 

Card table byte_map: [0x00000179dad90000,0x00000179db190000] _byte_map_base: 0x00000179da982000

Marking Bits (Prev, Next): (CMBitMap*) 0x00000179c8335ba0, (CMBitMap*) 0x00000179c8335b60
 Prev Bits: [0x00000179dd520000, 0x00000179df4b0000)
 Next Bits: [0x00000179db590000, 0x00000179dd520000)

Polling page: 0x00000179c61b0000

Metaspace:

Usage:
  Non-class:    112.57 MB used.
      Class:     15.34 MB used.
       Both:    127.91 MB used.

Virtual space:
  Non-class space:      120.00 MB reserved,     112.88 MB ( 94%) committed,  15 nodes.
      Class space:        1.00 GB reserved,      15.69 MB (  2%) committed,  1 nodes.
             Both:        1.12 GB reserved,     128.56 MB ( 11%) committed. 

Chunk freelists:
   Non-Class:  2.77 MB
       Class:  320.00 KB
        Both:  3.08 MB

MaxMetaspaceSize: unlimited
CompressedClassSpaceSize: 1.00 GB
Initial GC threshold: 21.00 MB
Current GC threshold: 178.88 MB
CDS: off
MetaspaceReclaimPolicy: balanced
 - commit_granule_bytes: 65536.
 - commit_granule_words: 8192.
 - virtual_space_node_default_size: 1048576.
 - enlarge_chunks_in_place: 1.
 - new_chunks_are_fully_committed: 0.
 - uncommit_free_chunks: 1.
 - use_allocation_guard: 0.
 - handle_deallocations: 1.


Internal statistics:

num_allocs_failed_limit: 17.
num_arena_births: 1248.
num_arena_deaths: 0.
num_vsnodes_births: 16.
num_vsnodes_deaths: 0.
num_space_committed: 2057.
num_space_uncommitted: 0.
num_chunks_returned_to_freelist: 17.
num_chunks_taken_from_freelist: 6217.
num_chunk_merges: 9.
num_chunk_splits: 4194.
num_chunks_enlarged: 3007.
num_purges: 0.
num_inconsistent_stats: 0.

CodeHeap 'non-profiled nmethods': size=120000Kb used=10754Kb max_used=10754Kb free=109246Kb
 bounds [0x00000179d3460000, 0x00000179d3ef0000, 0x00000179da990000]
CodeHeap 'profiled nmethods': size=120000Kb used=31114Kb max_used=31114Kb free=88885Kb
 bounds [0x00000179cbf30000, 0x00000179cdda0000, 0x00000179d3460000]
CodeHeap 'non-nmethods': size=5760Kb used=1507Kb max_used=1639Kb free=4252Kb
 bounds [0x00000179cb990000, 0x00000179cbc00000, 0x00000179cbf30000]
 total_blobs=16042 nmethods=15251 adapters=702
 compilation: enabled
              stopped_count=0, restarted_count=0
 full_count=0

Compilation events (20 events):
Event: 1292.551 Thread 0x00000179e2412270 18657   !   3       com.mysql.cj.jdbc.AbandonedConnectionCleanupThread::checkThreadContextClassLoader (20 bytes)
Event: 1292.554 Thread 0x00000179e2412270 nmethod 18657 0x00000179cdd90b90 code [0x00000179cdd90e40, 0x00000179cdd91df8]
Event: 1310.596 Thread 0x00000179e2412270 18658       1       org.apache.catalina.core.StandardWrapper::getServlet (5 bytes)
Event: 1310.596 Thread 0x00000179e2412270 nmethod 18658 0x00000179d3edec90 code [0x00000179d3edee20, 0x00000179d3edeef8]
Event: 1331.885 Thread 0x00000179e2411120 18659       4       java.util.concurrent.ScheduledThreadPoolExecutor$ScheduledFutureTask::compareTo (101 bytes)
Event: 1331.889 Thread 0x00000179e2411120 nmethod 18659 0x00000179d3edef90 code [0x00000179d3edf120, 0x00000179d3edf238]
Event: 1360.601 Thread 0x00000179e2412270 18660       3       java.util.concurrent.locks.ReentrantReadWriteLock$NonfairSync::readerShouldBlock (5 bytes)
Event: 1360.602 Thread 0x00000179e2412270 nmethod 18660 0x00000179cdd92490 code [0x00000179cdd92620, 0x00000179cdd92768]
Event: 1468.890 Thread 0x00000179e2411120 18661       4       java.util.concurrent.locks.LockSupport::parkNanos (29 bytes)
Event: 1468.893 Thread 0x00000179e2411120 nmethod 18661 0x00000179d3edf310 code [0x00000179d3edf4a0, 0x00000179d3edf6c8]
Event: 1470.461 Thread 0x00000179e2411120 18662       4       java.util.concurrent.locks.AbstractQueuedSynchronizer::acquire (20 bytes)
Event: 1470.464 Thread 0x00000179e2411120 nmethod 18662 0x00000179d3edf790 code [0x00000179d3edf920, 0x00000179d3edfa08]
Event: 1630.635 Thread 0x00000179e2411120 18663 %     4       java.util.HashMap::valuesToArray @ 32 (81 bytes)
Event: 1630.652 Thread 0x00000179e2411120 nmethod 18663% 0x00000179d3edfb10 code [0x00000179d3edfca0, 0x00000179d3ee00f8]
Event: 1688.768 Thread 0x00000179e2411120 18664   !   4       java.lang.Thread::blockedOn (27 bytes)
Event: 1688.774 Thread 0x00000179e2411120 nmethod 18664 0x00000179d3ee0310 code [0x00000179d3ee0480, 0x00000179d3ee0738]
Event: 1690.642 Thread 0x00000179e2412270 18665       3       java.util.TreeSet::<init> (10 bytes)
Event: 1690.642 Thread 0x00000179e2412270 nmethod 18665 0x00000179cdd92810 code [0x00000179cdd929c0, 0x00000179cdd92c38]
Event: 1730.645 Thread 0x00000179e2412270 18666       3       java.util.concurrent.ScheduledThreadPoolExecutor::triggerTime (22 bytes)
Event: 1730.646 Thread 0x00000179e2412270 nmethod 18666 0x00000179cdd92d90 code [0x00000179cdd92f40, 0x00000179cdd93128]

GC Heap History (20 events):
Event: 30.018 GC heap before
{Heap before GC invocations=39 (full 0):
 garbage-first heap   total 221184K, used 178181K [0x0000000081c00000, 0x0000000100000000)
  region size 1024K, 105 young (107520K), 11 survivors (11264K)
 Metaspace       used 104487K, committed 105024K, reserved 1146880K
  class space    used 12723K, committed 12992K, reserved 1048576K
}
Event: 30.037 GC heap after
{Heap after GC invocations=40 (full 0):
 garbage-first heap   total 221184K, used 87600K [0x0000000081c00000, 0x0000000100000000)
  region size 1024K, 11 young (11264K), 11 survivors (11264K)
 Metaspace       used 104487K, committed 105024K, reserved 1146880K
  class space    used 12723K, committed 12992K, reserved 1048576K
}
Event: 31.395 GC heap before
{Heap before GC invocations=40 (full 0):
 garbage-first heap   total 221184K, used 178736K [0x0000000081c00000, 0x0000000100000000)
  region size 1024K, 100 young (102400K), 11 survivors (11264K)
 Metaspace       used 108386K, committed 108928K, reserved 1146880K
  class space    used 13105K, committed 13376K, reserved 1048576K
}
Event: 31.415 GC heap after
{Heap after GC invocations=41 (full 0):
 garbage-first heap   total 221184K, used 93793K [0x0000000081c00000, 0x0000000100000000)
  region size 1024K, 12 young (12288K), 12 survivors (12288K)
 Metaspace       used 108386K, committed 108928K, reserved 1146880K
  class space    used 13105K, committed 13376K, reserved 1048576K
}
Event: 31.662 GC heap before
{Heap before GC invocations=41 (full 0):
 garbage-first heap   total 221184K, used 119393K [0x0000000081c00000, 0x0000000100000000)
  region size 1024K, 38 young (38912K), 12 survivors (12288K)
 Metaspace       used 109229K, committed 109760K, reserved 1146880K
  class space    used 13167K, committed 13440K, reserved 1048576K
}
Event: 31.678 GC heap after
{Heap after GC invocations=42 (full 0):
 garbage-first heap   total 221184K, used 96073K [0x0000000081c00000, 0x0000000100000000)
  region size 1024K, 8 young (8192K), 8 survivors (8192K)
 Metaspace       used 109229K, committed 109760K, reserved 1146880K
  class space    used 13167K, committed 13440K, reserved 1048576K
}
Event: 32.928 GC heap before
{Heap before GC invocations=43 (full 0):
 garbage-first heap   total 221184K, used 182089K [0x0000000081c00000, 0x0000000100000000)
  region size 1024K, 92 young (94208K), 8 survivors (8192K)
 Metaspace       used 111565K, committed 112192K, reserved 1155072K
  class space    used 13391K, committed 13696K, reserved 1048576K
}
Event: 32.944 GC heap after
{Heap after GC invocations=44 (full 0):
 garbage-first heap   total 221184K, used 101761K [0x0000000081c00000, 0x0000000100000000)
  region size 1024K, 8 young (8192K), 8 survivors (8192K)
 Metaspace       used 111565K, committed 112192K, reserved 1155072K
  class space    used 13391K, committed 13696K, reserved 1048576K
}
Event: 32.972 GC heap before
{Heap before GC invocations=44 (full 0):
 garbage-first heap   total 221184K, used 103809K [0x0000000081c00000, 0x0000000100000000)
  region size 1024K, 10 young (10240K), 8 survivors (8192K)
 Metaspace       used 111602K, committed 112256K, reserved 1155072K
  class space    used 13395K, committed 13696K, reserved 1048576K
}
Event: 32.983 GC heap after
{Heap after GC invocations=45 (full 0):
 garbage-first heap   total 221184K, used 100625K [0x0000000081c00000, 0x0000000100000000)
  region size 1024K, 2 young (2048K), 2 survivors (2048K)
 Metaspace       used 111602K, committed 112256K, reserved 1155072K
  class space    used 13395K, committed 13696K, reserved 1048576K
}
Event: 34.229 GC heap before
{Heap before GC invocations=45 (full 0):
 garbage-first heap   total 221184K, used 182545K [0x0000000081c00000, 0x0000000100000000)
  region size 1024K, 82 young (83968K), 2 survivors (2048K)
 Metaspace       used 114275K, committed 114880K, reserved 1155072K
  class space    used 13656K, committed 13952K, reserved 1048576K
}
Event: 34.242 GC heap after
{Heap after GC invocations=46 (full 0):
 garbage-first heap   total 221184K, used 105367K [0x0000000081c00000, 0x0000000100000000)
  region size 1024K, 6 young (6144K), 6 survivors (6144K)
 Metaspace       used 114275K, committed 114880K, reserved 1155072K
  class space    used 13656K, committed 13952K, reserved 1048576K
}
Event: 35.609 GC heap before
{Heap before GC invocations=46 (full 0):
 garbage-first heap   total 221184K, used 183191K [0x0000000081c00000, 0x0000000100000000)
  region size 1024K, 82 young (83968K), 6 survivors (6144K)
 Metaspace       used 117527K, committed 118208K, reserved 1155072K
  class space    used 14168K, committed 14528K, reserved 1048576K
}
Event: 35.626 GC heap after
{Heap after GC invocations=47 (full 0):
 garbage-first heap   total 221184K, used 110318K [0x0000000081c00000, 0x0000000100000000)
  region size 1024K, 5 young (5120K), 5 survivors (5120K)
 Metaspace       used 117527K, committed 118208K, reserved 1155072K
  class space    used 14168K, committed 14528K, reserved 1048576K
}
Event: 36.866 GC heap before
{Heap before GC invocations=47 (full 0):
 garbage-first heap   total 221184K, used 184046K [0x0000000081c00000, 0x0000000100000000)
  region size 1024K, 77 young (78848K), 5 survivors (5120K)
 Metaspace       used 120671K, committed 121280K, reserved 1155072K
  class space    used 14573K, committed 14912K, reserved 1048576K
}
Event: 36.876 GC heap after
{Heap after GC invocations=48 (full 0):
 garbage-first heap   total 221184K, used 113678K [0x0000000081c00000, 0x0000000100000000)
  region size 1024K, 9 young (9216K), 9 survivors (9216K)
 Metaspace       used 120671K, committed 121280K, reserved 1155072K
  class space    used 14573K, committed 14912K, reserved 1048576K
}
Event: 99.964 GC heap before
{Heap before GC invocations=48 (full 0):
 garbage-first heap   total 221184K, used 184334K [0x0000000081c00000, 0x0000000100000000)
  region size 1024K, 79 young (80896K), 9 survivors (9216K)
 Metaspace       used 125578K, committed 126272K, reserved 1163264K
  class space    used 15128K, committed 15488K, reserved 1048576K
}
Event: 99.981 GC heap after
{Heap after GC invocations=49 (full 0):
 garbage-first heap   total 221184K, used 117460K [0x0000000081c00000, 0x0000000100000000)
  region size 1024K, 8 young (8192K), 8 survivors (8192K)
 Metaspace       used 125578K, committed 126272K, reserved 1163264K
  class space    used 15128K, committed 15488K, reserved 1048576K
}
Event: 105.920 GC heap before
{Heap before GC invocations=49 (full 0):
 garbage-first heap   total 221184K, used 184020K [0x0000000081c00000, 0x0000000100000000)
  region size 1024K, 74 young (75776K), 8 survivors (8192K)
 Metaspace       used 129388K, committed 130112K, reserved 1163264K
  class space    used 15546K, committed 15936K, reserved 1048576K
}
Event: 105.936 GC heap after
{Heap after GC invocations=50 (full 0):
 garbage-first heap   total 221184K, used 120766K [0x0000000081c00000, 0x0000000100000000)
  region size 1024K, 8 young (8192K), 8 survivors (8192K)
 Metaspace       used 129388K, committed 130112K, reserved 1163264K
  class space    used 15546K, committed 15936K, reserved 1048576K
}

Deoptimization events (20 events):
Event: 161.866 Thread 0x00000179ebe9c490 DEOPT UNPACKING pc=0x00000179cb9e2b43 sp=0x00000052873fd758 mode 1
Event: 161.866 Thread 0x00000179ebe9ce30 DEOPT UNPACKING pc=0x00000179cb9e2b43 sp=0x000000528a9fdbf8 mode 1
Event: 161.867 Thread 0x00000179ebe9efe0 DEOPT PACKING pc=0x00000179cd131ea1 sp=0x000000528acfe760
Event: 161.867 Thread 0x00000179ebe9efe0 DEOPT UNPACKING pc=0x00000179cb9e2b43 sp=0x000000528acfdc18 mode 1
Event: 161.867 Thread 0x00000179ebe9d300 DEOPT PACKING pc=0x00000179cd131ea1 sp=0x000000528aafe410
Event: 161.867 Thread 0x00000179ebe9d300 DEOPT UNPACKING pc=0x00000179cb9e2b43 sp=0x000000528aafd8c8 mode 1
Event: 161.867 Thread 0x00000179ebe9eb10 DEOPT PACKING pc=0x00000179cd131ea1 sp=0x000000528adfe240
Event: 161.867 Thread 0x00000179ebe9eb10 DEOPT UNPACKING pc=0x00000179cb9e2b43 sp=0x000000528adfd6f8 mode 1
Event: 222.804 Thread 0x00000179ebe9dca0 DEOPT PACKING pc=0x00000179cc4f0ff4 sp=0x000000528aefad20
Event: 222.804 Thread 0x00000179ebe9dca0 DEOPT UNPACKING pc=0x00000179cb9e2b43 sp=0x000000528aefa248 mode 0
Event: 230.056 Thread 0x00000179ebe9dca0 DEOPT PACKING pc=0x00000179d3ada120 sp=0x000000528aefae00
Event: 230.056 Thread 0x00000179ebe9dca0 DEOPT UNPACKING pc=0x00000179cb9e2b43 sp=0x000000528aefa2c0 mode 0
Event: 990.435 Thread 0x00000179ed219870 Uncommon trap: trap_request=0xffffff45 fr.pc=0x00000179d3ed46f0 relative=0x00000000000000d0
Event: 990.435 Thread 0x00000179ed219870 Uncommon trap: reason=unstable_if action=reinterpret pc=0x00000179d3ed46f0 method=java.util.concurrent.ScheduledThreadPoolExecutor$ScheduledFutureTask.compareTo(Ljava/util/concurrent/Delayed;)I @ 40 c2
Event: 990.435 Thread 0x00000179ed219870 DEOPT PACKING pc=0x00000179d3ed46f0 sp=0x00000052896fefe0
Event: 990.435 Thread 0x00000179ed219870 DEOPT UNPACKING pc=0x00000179cb9e23a3 sp=0x00000052896fef68 mode 2
Event: 1886.125 Thread 0x00000179e27b6a20 Uncommon trap: trap_request=0xffffff45 fr.pc=0x00000179d39a80cc relative=0x00000000000002ac
Event: 1886.125 Thread 0x00000179e27b6a20 Uncommon trap: reason=unstable_if action=reinterpret pc=0x00000179d39a80cc method=sun.instrument.InstrumentationImpl.transform(Ljava/lang/Module;Ljava/lang/ClassLoader;Ljava/lang/String;Ljava/lang/Class;Ljava/security/ProtectionDomain;[BZ)[B @ 24 c2
Event: 1886.125 Thread 0x00000179e27b6a20 DEOPT PACKING pc=0x00000179d39a80cc sp=0x00000052886fe960
Event: 1886.125 Thread 0x00000179e27b6a20 DEOPT UNPACKING pc=0x00000179cb9e23a3 sp=0x00000052886fe9b8 mode 2

Classes unloaded (0 events):
No events

Classes redefined (0 events):
No events

Internal exceptions (20 events):
Event: 105.647 Thread 0x00000179ebe9e170 Exception <a 'java/lang/NoSuchMethodError'{0x000000008bf85a88}: static [I.<clinit>()V> (0x000000008bf85a88) 
thrown [e:\jenkins\tmp\workspace\build\src\src\hotspot\share\prims\jni.cpp, line 1107]
Event: 105.647 Thread 0x00000179ebe9e170 Exception <a 'java/lang/NoSuchMethodError'{0x000000008bf86ea0}: static [Lorg/hibernate/type/Type;.<clinit>()V> (0x000000008bf86ea0) 
thrown [e:\jenkins\tmp\workspace\build\src\src\hotspot\share\prims\jni.cpp, line 1107]
Event: 105.647 Thread 0x00000179ebe9e170 Exception <a 'java/lang/NoSuchMethodError'{0x000000008bf87ff0}: static [Ljava/lang/Object;.<clinit>()V> (0x000000008bf87ff0) 
thrown [e:\jenkins\tmp\workspace\build\src\src\hotspot\share\prims\jni.cpp, line 1107]
Event: 105.665 Thread 0x00000179ebe9e170 Exception <a 'java/lang/NoSuchMethodError'{0x000000008bff58a0}: static Lorg/hibernate/cache/internal/QueryResultsCacheImpl$CacheItem;.<clinit>()V> (0x000000008bff58a0) 
thrown [e:\jenkins\tmp\workspace\build\src\src\hotspot\share\prims\jni.cpp, line 1107]
Event: 106.169 Thread 0x00000179ebe9dca0 Exception <a 'java/lang/ClassNotFoundException'{0x000000008e2a3c20}: org/broadleafcommerce/cms/admin/web/service/CMSFormBuilderExtensionHandlerBeanInfo> (0x000000008e2a3c20) 
thrown [e:\jenkins\tmp\workspace\build\src\src\hotspot\share\classfile\systemDictionary.cpp, line 256]
Event: 106.171 Thread 0x00000179ebe9dca0 Exception <a 'java/lang/ClassNotFoundException'{0x000000008e2ae1b8}: org/broadleafcommerce/openadmin/web/service/AbstractFormBuilderExtensionHandlerBeanInfo> (0x000000008e2ae1b8) 
thrown [e:\jenkins\tmp\workspace\build\src\src\hotspot\share\classfile\systemDictionary.cpp, line 256]
Event: 106.173 Thread 0x00000179ebe9dca0 Exception <a 'java/lang/ClassNotFoundException'{0x000000008e2b8000}: org/broadleafcommerce/common/extension/AbstractExtensionHandlerBeanInfo> (0x000000008e2b8000) 
thrown [e:\jenkins\tmp\workspace\build\src\src\hotspot\share\classfile\systemDictionary.cpp, line 256]
Event: 106.175 Thread 0x00000179ebe9dca0 Exception <a 'java/lang/ClassNotFoundException'{0x000000008e2c1ea8}: org/broadleafcommerce/common/extension/AbstractExtensionHandlerCustomizer> (0x000000008e2c1ea8) 
thrown [e:\jenkins\tmp\workspace\build\src\src\hotspot\share\classfile\systemDictionary.cpp, line 256]
Event: 106.178 Thread 0x00000179ebe9dca0 Exception <a 'java/lang/ClassNotFoundException'{0x000000008e2d09b0}: org/broadleafcommerce/openadmin/web/service/AbstractFormBuilderExtensionHandlerCustomizer> (0x000000008e2d09b0) 
thrown [e:\jenkins\tmp\workspace\build\src\src\hotspot\share\classfile\systemDictionary.cpp, line 256]
Event: 106.181 Thread 0x00000179ebe9dca0 Exception <a 'java/lang/ClassNotFoundException'{0x000000008e2e03b0}: org/broadleafcommerce/cms/admin/web/service/CMSFormBuilderExtensionHandlerCustomizer> (0x000000008e2e03b0) 
thrown [e:\jenkins\tmp\workspace\build\src\src\hotspot\share\classfile\systemDictionary.cpp, line 256]
Event: 106.185 Thread 0x00000179ebe9dca0 Exception <a 'java/lang/ClassNotFoundException'{0x000000008e12dcd0}: org/broadleafcommerce/openadmin/web/service/extension/TranslationsFormBuilderExtensionHandlerBeanInfo> (0x000000008e12dcd0) 
thrown [e:\jenkins\tmp\workspace\build\src\src\hotspot\share\classfile\systemDictionary.cpp, line 256]
Event: 106.186 Thread 0x00000179ebe9dca0 Exception <a 'java/lang/ClassNotFoundException'{0x000000008e136810}: org/broadleafcommerce/openadmin/web/service/extension/TranslationsFormBuilderExtensionHandlerCustomizer> (0x000000008e136810) 
thrown [e:\jenkins\tmp\workspace\build\src\src\hotspot\share\classfile\systemDictionary.cpp, line 256]
Event: 106.189 Thread 0x00000179ebe9dca0 Exception <a 'java/lang/ClassNotFoundException'{0x000000008e146be0}: org/broadleafcommerce/admin/web/controller/extension/ParentCategorySortExtensionHandlerBeanInfo> (0x000000008e146be0) 
thrown [e:\jenkins\tmp\workspace\build\src\src\hotspot\share\classfile\systemDictionary.cpp, line 256]
Event: 106.191 Thread 0x00000179ebe9dca0 Exception <a 'java/lang/ClassNotFoundException'{0x000000008e151298}: org/broadleafcommerce/admin/web/controller/extension/ParentCategorySortExtensionHandlerCustomizer> (0x000000008e151298) 
thrown [e:\jenkins\tmp\workspace\build\src\src\hotspot\share\classfile\systemDictionary.cpp, line 256]
Event: 106.281 Thread 0x00000179ebe9dca0 Exception <a 'java/lang/ClassNotFoundException'{0x000000008dbbdb70}: org/broadleafcommerce/admin/web/controller/extension/AdminOfferControllerExtensionHandlerBeanInfo> (0x000000008dbbdb70) 
thrown [e:\jenkins\tmp\workspace\build\src\src\hotspot\share\classfile\systemDictionary.cpp, line 256]
Event: 106.282 Thread 0x00000179ebe9dca0 Exception <a 'java/lang/ClassNotFoundException'{0x000000008dbc8288}: org/broadleafcommerce/openadmin/web/controller/AbstractAdminAbstractControllerExtensionHandlerBeanInfo> (0x000000008dbc8288) 
thrown [e:\jenkins\tmp\workspace\build\src\src\hotspot\share\classfile\systemDictionary.cpp, line 256]
Event: 106.283 Thread 0x00000179ebe9dca0 Exception <a 'java/lang/ClassNotFoundException'{0x000000008dbd2a18}: org/broadleafcommerce/openadmin/web/controller/AbstractAdminAbstractControllerExtensionHandlerCustomizer> (0x000000008dbd2a18) 
thrown [e:\jenkins\tmp\workspace\build\src\src\hotspot\share\classfile\systemDictionary.cpp, line 256]
Event: 106.285 Thread 0x00000179ebe9dca0 Exception <a 'java/lang/ClassNotFoundException'{0x000000008dbea408}: org/broadleafcommerce/admin/web/controller/extension/AdminOfferControllerExtensionHandlerCustomizer> (0x000000008dbea408) 
thrown [e:\jenkins\tmp\workspace\build\src\src\hotspot\share\classfile\systemDictionary.cpp, line 256]
Event: 106.286 Thread 0x00000179ebe9dca0 Exception <a 'java/lang/ClassNotFoundException'{0x000000008dbf8800}: org/broadleafcommerce/admin/web/controller/extension/TypedEntityBasicEntityExtensionHandlerBeanInfo> (0x000000008dbf8800) 
thrown [e:\jenkins\tmp\workspace\build\src\src\hotspot\share\classfile\systemDictionary.cpp, line 256]
Event: 106.287 Thread 0x00000179ebe9dca0 Exception <a 'java/lang/ClassNotFoundException'{0x000000008da036b0}: org/broadleafcommerce/admin/web/controller/extension/TypedEntityBasicEntityExtensionHandlerCustomizer> (0x000000008da036b0) 
thrown [e:\jenkins\tmp\workspace\build\src\src\hotspot\share\classfile\systemDictionary.cpp, line 256]

VM Operations (20 events):
Event: 1827.810 Executing VM operation: get/set locals done
Event: 1827.811 Executing VM operation: get/set locals
Event: 1827.812 Executing VM operation: get/set locals done
Event: 1827.813 Executing VM operation: get/set locals
Event: 1827.815 Executing VM operation: get/set locals done
Event: 1827.816 Executing VM operation: get/set locals
Event: 1827.817 Executing VM operation: get/set locals done
Event: 1827.818 Executing VM operation: get/set locals
Event: 1827.818 Executing VM operation: get/set locals done
Event: 1827.820 Executing VM operation: get/set locals
Event: 1827.820 Executing VM operation: get/set locals done
Event: 1827.821 Executing VM operation: get/set locals
Event: 1827.822 Executing VM operation: get/set locals done
Event: 1827.823 Executing VM operation: get/set locals
Event: 1827.823 Executing VM operation: get/set locals done
Event: 1827.825 Executing VM operation: get/set locals
Event: 1827.825 Executing VM operation: get/set locals done
Event: 1870.455 Executing VM operation: ChangeBreakpoints
Event: 1870.460 Executing VM operation: ChangeBreakpoints done
Event: 1886.134 Executing VM operation: RedefineClasses

Events (20 events):
Event: 105.651 loading class java/io/ObjectInputFilter$Config done
Event: 105.652 loading class java/io/ObjectInputFilter$Config$BuiltinFilterFactory
Event: 105.652 loading class java/io/ObjectInputFilter$Config$BuiltinFilterFactory done
Event: 105.652 loading class jdk/internal/access/JavaObjectInputFilterAccess
Event: 105.652 loading class jdk/internal/access/JavaObjectInputFilterAccess done
Event: 105.652 loading class jdk/internal/event/DeserializationEvent
Event: 105.652 loading class jdk/internal/event/DeserializationEvent done
Event: 105.653 loading class java/io/ObjectInputStream$FieldValues
Event: 105.653 loading class java/io/ObjectInputStream$FieldValues done
Event: 105.654 loading class java/util/HashMap$UnsafeHolder
Event: 105.654 loading class java/util/HashMap$UnsafeHolder done
Event: 105.669 loading class java/nio/HeapByteBufferR
Event: 105.670 loading class java/nio/HeapByteBufferR done
Event: 106.187 loading class java/util/WeakHashMap$EntrySet
Event: 106.187 loading class java/util/WeakHashMap$EntrySet done
Event: 106.187 loading class java/util/WeakHashMap$EntryIterator
Event: 106.187 loading class java/util/WeakHashMap$HashIterator
Event: 106.187 loading class java/util/WeakHashMap$HashIterator done
Event: 106.187 loading class java/util/WeakHashMap$EntryIterator done
Event: 110.448 Thread 0x00000179ec480be0 Thread exited: 0x00000179ec480be0


Dynamic libraries:
0x00007ff71b890000 - 0x00007ff71b89e000 	D:\Saju Ahmed\Softwares\sts-4.14.0.RELEASE\plugins\org.eclipse.justj.openjdk.hotspot.jre.full.win32.x86_64_17.0.2.v20220201-1208\jre\bin\javaw.exe
0x00007ffdce290000 - 0x00007ffdce485000 	C:\Windows\SYSTEM32\ntdll.dll
0x00007ffdcccb0000 - 0x00007ffdccd6e000 	C:\Windows\System32\KERNEL32.DLL
0x00007ffdcbc60000 - 0x00007ffdcbf28000 	C:\Windows\System32\KERNELBASE.dll
0x00007ffdcc1f0000 - 0x00007ffdcc2f0000 	C:\Windows\System32\ucrtbase.dll
0x00007ffdb2970000 - 0x00007ffdb2989000 	D:\Saju Ahmed\Softwares\sts-4.14.0.RELEASE\plugins\org.eclipse.justj.openjdk.hotspot.jre.full.win32.x86_64_17.0.2.v20220201-1208\jre\bin\VCRUNTIME140.dll
0x00007ffdb29c0000 - 0x00007ffdb29d8000 	D:\Saju Ahmed\Softwares\sts-4.14.0.RELEASE\plugins\org.eclipse.justj.openjdk.hotspot.jre.full.win32.x86_64_17.0.2.v20220201-1208\jre\bin\jli.dll
0x00007ffdcd150000 - 0x00007ffdcd2f0000 	C:\Windows\System32\USER32.dll
0x00007ffdcc130000 - 0x00007ffdcc152000 	C:\Windows\System32\win32u.dll
0x00007ffdbf150000 - 0x00007ffdbf3ea000 	C:\Windows\WinSxS\amd64_microsoft.windows.common-controls_6595b64144ccf1df_6.0.19041.1110_none_60b5254171f9507e\COMCTL32.dll
0x00007ffdcd2f0000 - 0x00007ffdcd31a000 	C:\Windows\System32\GDI32.dll
0x00007ffdcbfd0000 - 0x00007ffdcc0db000 	C:\Windows\System32\gdi32full.dll
0x00007ffdcc2f0000 - 0x00007ffdcc38e000 	C:\Windows\System32\msvcrt.dll
0x00007ffdcbf30000 - 0x00007ffdcbfcd000 	C:\Windows\System32\msvcp_win.dll
0x00007ffdcdad0000 - 0x00007ffdcdb00000 	C:\Windows\System32\IMM32.DLL
0x00007ffdc86c0000 - 0x00007ffdc86cc000 	D:\Saju Ahmed\Softwares\sts-4.14.0.RELEASE\plugins\org.eclipse.justj.openjdk.hotspot.jre.full.win32.x86_64_17.0.2.v20220201-1208\jre\bin\vcruntime140_1.dll
0x00007ffd9e050000 - 0x00007ffd9e0e1000 	D:\Saju Ahmed\Softwares\sts-4.14.0.RELEASE\plugins\org.eclipse.justj.openjdk.hotspot.jre.full.win32.x86_64_17.0.2.v20220201-1208\jre\bin\msvcp140.dll
0x00007ffd73e20000 - 0x00007ffd74a67000 	D:\Saju Ahmed\Softwares\sts-4.14.0.RELEASE\plugins\org.eclipse.justj.openjdk.hotspot.jre.full.win32.x86_64_17.0.2.v20220201-1208\jre\bin\server\jvm.dll
0x00007ffdcd940000 - 0x00007ffdcd9ee000 	C:\Windows\System32\ADVAPI32.dll
0x00007ffdcc6d0000 - 0x00007ffdcc76c000 	C:\Windows\System32\sechost.dll
0x00007ffdcd020000 - 0x00007ffdcd145000 	C:\Windows\System32\RPCRT4.dll
0x00007ffdcdac0000 - 0x00007ffdcdac8000 	C:\Windows\System32\PSAPI.DLL
0x00007ffdc0160000 - 0x00007ffdc0187000 	C:\Windows\SYSTEM32\WINMM.dll
0x00007ffdb8cd0000 - 0x00007ffdb8cd9000 	C:\Windows\SYSTEM32\WSOCK32.dll
0x00007ffdcd9f0000 - 0x00007ffdcda5b000 	C:\Windows\System32\WS2_32.dll
0x00007ffdc6b50000 - 0x00007ffdc6b5a000 	C:\Windows\SYSTEM32\VERSION.dll
0x00007ffdc98d0000 - 0x00007ffdc98e2000 	C:\Windows\SYSTEM32\kernel.appcore.dll
0x00007ffdc3e80000 - 0x00007ffdc3e8a000 	D:\Saju Ahmed\Softwares\sts-4.14.0.RELEASE\plugins\org.eclipse.justj.openjdk.hotspot.jre.full.win32.x86_64_17.0.2.v20220201-1208\jre\bin\jimage.dll
0x00007ffdc5710000 - 0x00007ffdc58f4000 	C:\Windows\SYSTEM32\DBGHELP.DLL
0x00007ffdc56e0000 - 0x00007ffdc570c000 	C:\Windows\SYSTEM32\dbgcore.DLL
0x00007ffdcc160000 - 0x00007ffdcc1e2000 	C:\Windows\System32\bcryptPrimitives.dll
0x00007ffdac870000 - 0x00007ffdac8ab000 	D:\Saju Ahmed\Softwares\sts-4.14.0.RELEASE\plugins\org.eclipse.justj.openjdk.hotspot.jre.full.win32.x86_64_17.0.2.v20220201-1208\jre\bin\jdwp.dll
0x00007ffdb7030000 - 0x00007ffdb703e000 	D:\Saju Ahmed\Softwares\sts-4.14.0.RELEASE\plugins\org.eclipse.justj.openjdk.hotspot.jre.full.win32.x86_64_17.0.2.v20220201-1208\jre\bin\instrument.dll
0x00007ffdb7370000 - 0x00007ffdb7395000 	D:\Saju Ahmed\Softwares\sts-4.14.0.RELEASE\plugins\org.eclipse.justj.openjdk.hotspot.jre.full.win32.x86_64_17.0.2.v20220201-1208\jre\bin\java.dll
0x00007ffdb72f0000 - 0x00007ffdb7308000 	D:\Saju Ahmed\Softwares\sts-4.14.0.RELEASE\plugins\org.eclipse.justj.openjdk.hotspot.jre.full.win32.x86_64_17.0.2.v20220201-1208\jre\bin\zip.dll
0x00007ffdcdb00000 - 0x00007ffdce244000 	C:\Windows\System32\SHELL32.dll
0x00007ffdc9ad0000 - 0x00007ffdca264000 	C:\Windows\SYSTEM32\windows.storage.dll
0x00007ffdcc7d0000 - 0x00007ffdccb24000 	C:\Windows\System32\combase.dll
0x00007ffdcb3b0000 - 0x00007ffdcb3dc000 	C:\Windows\SYSTEM32\Wldp.dll
0x00007ffdcc410000 - 0x00007ffdcc4bd000 	C:\Windows\System32\SHCORE.dll
0x00007ffdcc770000 - 0x00007ffdcc7c5000 	C:\Windows\System32\shlwapi.dll
0x00007ffdcb8f0000 - 0x00007ffdcb90f000 	C:\Windows\SYSTEM32\profapi.dll
0x00007ffdb6350000 - 0x00007ffdb635c000 	D:\Saju Ahmed\Softwares\sts-4.14.0.RELEASE\plugins\org.eclipse.justj.openjdk.hotspot.jre.full.win32.x86_64_17.0.2.v20220201-1208\jre\bin\dt_socket.dll
0x00007ffdcada0000 - 0x00007ffdcaddb000 	C:\Windows\SYSTEM32\IPHLPAPI.DLL
0x00007ffdcb110000 - 0x00007ffdcb17a000 	C:\Windows\system32\mswsock.dll
0x00007ffdcade0000 - 0x00007ffdcaeab000 	C:\Windows\SYSTEM32\DNSAPI.dll
0x00007ffdcd010000 - 0x00007ffdcd018000 	C:\Windows\System32\NSI.dll
0x00007ffdc4cd0000 - 0x00007ffdc4cda000 	C:\Windows\System32\rasadhlp.dll
0x00007ffdc4ac0000 - 0x00007ffdc4b3f000 	C:\Windows\System32\fwpuclnt.dll
0x00007ffdcbb80000 - 0x00007ffdcbba7000 	C:\Windows\System32\bcrypt.dll
0x00007ffdb70e0000 - 0x00007ffdb70f9000 	D:\Saju Ahmed\Softwares\sts-4.14.0.RELEASE\plugins\org.eclipse.justj.openjdk.hotspot.jre.full.win32.x86_64_17.0.2.v20220201-1208\jre\bin\net.dll
0x00007ffdc65a0000 - 0x00007ffdc66aa000 	C:\Windows\SYSTEM32\WINHTTP.dll
0x00007ffdb6e10000 - 0x00007ffdb6e25000 	D:\Saju Ahmed\Softwares\sts-4.14.0.RELEASE\plugins\org.eclipse.justj.openjdk.hotspot.jre.full.win32.x86_64_17.0.2.v20220201-1208\jre\bin\nio.dll
0x00007ffdb6c20000 - 0x00007ffdb6c30000 	D:\Saju Ahmed\Softwares\sts-4.14.0.RELEASE\plugins\org.eclipse.justj.openjdk.hotspot.jre.full.win32.x86_64_17.0.2.v20220201-1208\jre\bin\verify.dll
0x00007ffdc3d40000 - 0x00007ffdc3d49000 	D:\Saju Ahmed\Softwares\sts-4.14.0.RELEASE\plugins\org.eclipse.justj.openjdk.hotspot.jre.full.win32.x86_64_17.0.2.v20220201-1208\jre\bin\management.dll
0x00007ffdb7d20000 - 0x00007ffdb7d2b000 	D:\Saju Ahmed\Softwares\sts-4.14.0.RELEASE\plugins\org.eclipse.justj.openjdk.hotspot.jre.full.win32.x86_64_17.0.2.v20220201-1208\jre\bin\management_ext.dll
0x00007ffdb66f0000 - 0x00007ffdb6707000 	C:\Windows\system32\napinsp.dll
0x00007ffdb66d0000 - 0x00007ffdb66eb000 	C:\Windows\system32\pnrpnsp.dll
0x00007ffdb66b0000 - 0x00007ffdb66c5000 	C:\Windows\system32\wshbth.dll
0x00007ffdc8420000 - 0x00007ffdc843d000 	C:\Windows\system32\NLAapi.dll
0x00007ffdb6690000 - 0x00007ffdb66a2000 	C:\Windows\System32\winrnr.dll
0x00007ffdcb300000 - 0x00007ffdcb318000 	C:\Windows\SYSTEM32\CRYPTSP.dll
0x00007ffdcaa30000 - 0x00007ffdcaa64000 	C:\Windows\system32\rsaenh.dll
0x00007ffdcb870000 - 0x00007ffdcb89e000 	C:\Windows\SYSTEM32\USERENV.dll
0x00007ffdcb320000 - 0x00007ffdcb32c000 	C:\Windows\SYSTEM32\CRYPTBASE.dll
0x00007ffdc8f60000 - 0x00007ffdc8f77000 	C:\Windows\SYSTEM32\dhcpcsvc6.DLL
0x00007ffdc8570000 - 0x00007ffdc858d000 	C:\Windows\SYSTEM32\dhcpcsvc.DLL
0x00007ffdb6c10000 - 0x00007ffdb6c1e000 	D:\Saju Ahmed\Softwares\sts-4.14.0.RELEASE\plugins\org.eclipse.justj.openjdk.hotspot.jre.full.win32.x86_64_17.0.2.v20220201-1208\jre\bin\sunmscapi.dll
0x00007ffdcb9b0000 - 0x00007ffdcbb06000 	C:\Windows\System32\CRYPT32.dll
0x00007ffdcb420000 - 0x00007ffdcb447000 	C:\Windows\SYSTEM32\ncrypt.dll
0x00007ffdcb3e0000 - 0x00007ffdcb41b000 	C:\Windows\SYSTEM32\NTASN1.dll
0x00007ffdb72c0000 - 0x00007ffdb72c7000 	C:\Windows\system32\wshunix.dll

dbghelp: loaded successfully - version: 4.0.5 - missing functions: none
symbol engine: initialized successfully - sym options: 0x614 - pdb path: .;D:\Saju Ahmed\Softwares\sts-4.14.0.RELEASE\plugins\org.eclipse.justj.openjdk.hotspot.jre.full.win32.x86_64_17.0.2.v20220201-1208\jre\bin;C:\Windows\SYSTEM32;C:\Windows\WinSxS\amd64_microsoft.windows.common-controls_6595b64144ccf1df_6.0.19041.1110_none_60b5254171f9507e;D:\Saju Ahmed\Softwares\sts-4.14.0.RELEASE\plugins\org.eclipse.justj.openjdk.hotspot.jre.full.win32.x86_64_17.0.2.v20220201-1208\jre\bin\server

VM Arguments:
jvm_args: -XX:+ShowCodeDetailsInExceptionMessages -agentlib:jdwp=transport=dt_socket,suspend=y,address=localhost:63235 -javaagent:D:\Saju Ahmed\Softwares\sts-4.14.0.RELEASE\configuration\org.eclipse.osgi\265\0\.cp\lib\javaagent-shaded.jar -Dfile.encoding=UTF-8 
java_command: org.technohaven.admin.AdminApplication
java_class_path (initial): D:\Saju Ahmed\Java work files\workspace-spring-tool-suite\automobile-b2b-web\admin\target\classes;D:\Saju Ahmed\Java work files\workspace-spring-tool-suite\automobile-b2b-web\core\target\classes;C:\Users\Firus\.m2\repository\org\springframework\boot\spring-boot-starter-actuator\2.4.13\spring-boot-starter-actuator-2.4.13.jar;C:\Users\Firus\.m2\repository\org\springframework\boot\spring-boot-actuator-autoconfigure\2.4.13\spring-boot-actuator-autoconfigure-2.4.13.jar;C:\Users\Firus\.m2\repository\org\springframework\boot\spring-boot-actuator\2.4.13\spring-boot-actuator-2.4.13.jar;C:\Users\Firus\.m2\repository\io\micrometer\micrometer-core\1.6.13\micrometer-core-1.6.13.jar;C:\Users\Firus\.m2\repository\org\hdrhistogram\HdrHistogram\2.1.12\HdrHistogram-2.1.12.jar;C:\Users\Firus\.m2\repository\org\latencyutils\LatencyUtils\2.0.3\LatencyUtils-2.0.3.jar;C:\Users\Firus\.m2\repository\org\broadleafcommerce\broadleaf-framework\6.2.2-GA\broadleaf-framework-6.2.2-GA.jar;C:\Users\Firus\.m2\repository\org\apache\solr\solr-solrj\8.11.1\solr-solrj-8.11.1.jar;C:\Users\Firus\.m2\repository\commons-lang\commons-lang\2.6\commons-lang-2.6.jar;C:\Users\Firus\.m2\repository\io\netty\netty-buffer\4.1.70.Final\netty-buffer-4.1.70.Final.jar;C:\Users\Firus\.m2\repository\io\netty\netty-codec\4.1.70.Final\netty-codec-4.1.70.Final.jar;C:\Users\Firus\.m2\repository\io\netty\netty-common\4.1.70.Final\netty-common-4.1.70.Final.jar;C:\Users\Firus\.m2\repository\io\netty\netty-handler\4.1.70.Final\netty-handler-4.1.70.Final.jar;C:\Users\Firus\.m2\repository\io\netty\netty-resolver\4.1.70.Final\netty-resolver-4.1.70.Final.jar;C:\Users\Firus\.m2\repository\io\netty\netty-transport\4.1.70.Final\netty-transport-4.1.70.Final.jar;C:\Users\Firus\.m2\repository\io\netty\netty-transport-native-epoll\4.1.70.Final\netty-transport-native-epoll-4.1.70.Final.jar;C:\Users\Firus\.m2\repository\io\netty\netty-transport-classes-epoll\4.1.70.Final\netty-transport-classes-epoll-4.1.70.Final.
Launcher Type: SUN_STANDARD

[Global flags]
     intx CICompilerCount                          = 3                                         {product} {ergonomic}
     uint ConcGCThreads                            = 1                                         {product} {ergonomic}
     uint G1ConcRefinementThreads                  = 4                                         {product} {ergonomic}
   size_t G1HeapRegionSize                         = 1048576                                   {product} {ergonomic}
    uintx GCDrainStackTargetSize                   = 64                                        {product} {ergonomic}
   size_t InitialHeapSize                          = 134217728                                 {product} {ergonomic}
   size_t MarkStackSize                            = 4194304                                   {product} {ergonomic}
   size_t MaxHeapSize                              = 2118123520                                {product} {ergonomic}
   size_t MaxNewSize                               = 1270874112                                {product} {ergonomic}
   size_t MinHeapDeltaBytes                        = 1048576                                   {product} {ergonomic}
   size_t MinHeapSize                              = 8388608                                   {product} {ergonomic}
    uintx NonNMethodCodeHeapSize                   = 5832780                                {pd product} {ergonomic}
    uintx NonProfiledCodeHeapSize                  = 122912730                              {pd product} {ergonomic}
    uintx ProfiledCodeHeapSize                     = 122912730                              {pd product} {ergonomic}
    uintx ReservedCodeCacheSize                    = 251658240                              {pd product} {ergonomic}
     bool SegmentedCodeCache                       = true                                      {product} {ergonomic}
     bool ShowCodeDetailsInExceptionMessages       = true                                   {manageable} {command line}
   size_t SoftMaxHeapSize                          = 2118123520                             {manageable} {ergonomic}
     bool UseCompressedClassPointers               = true                           {product lp64_product} {ergonomic}
     bool UseCompressedOops                        = true                           {product lp64_product} {ergonomic}
     bool UseG1GC                                  = true                                      {product} {ergonomic}
     bool UseLargePagesIndividualAllocation        = false                                  {pd product} {ergonomic}

Logging:
Log output configuration:
 #0: stdout all=warning uptime,level,tags
 #1: stderr all=off uptime,level,tags

Environment Variables:
JAVA_HOME=C:\Program Files\Java\jdk-11.0.11
PATH=D:\Saju Ahmed\Softwares\sts-4.14.0.RELEASE\plugins\org.eclipse.justj.openjdk.hotspot.jre.full.win32.x86_64_17.0.2.v20220201-1208\jre\bin;D:/Saju Ahmed/Softwares/sts-4.14.0.RELEASE//plugins/org.eclipse.justj.openjdk.hotspot.jre.full.win32.x86_64_17.0.2.v20220201-1208/jre/bin/server;D:/Saju Ahmed/Softwares/sts-4.14.0.RELEASE//plugins/org.eclipse.justj.openjdk.hotspot.jre.full.win32.x86_64_17.0.2.v20220201-1208/jre/bin;C:\Program Files\Common Files\Oracle\Java\javapath;C:\app\Firus\product\18.0.0\dbhomeXE\bin;C:\Windows\system32;C:\Windows;C:\Windows\System32\Wbem;C:\Windows\System32\WindowsPowerShell\v1.0\;C:\Windows\System32\OpenSSH\;C:\Program Files\Git\cmd;C:\Program Files\apache-maven-3.5.4\bin;C:\Program Files\Java\jdk-11.0.11\bin;C:\Program Files\MySQL\MySQL Shell 8.0\bin\;C:\Users\Firus\AppData\Local\Microsoft\WindowsApps;;C:\Users\Firus\AppData\Local\Programs\Microsoft VS Code\bin;D:\Saju Ahmed\Softwares\sts-4.14.0.RELEASE;
USERNAME=Firus
OS=Windows_NT
PROCESSOR_IDENTIFIER=Intel64 Family 6 Model 94 Stepping 3, GenuineIntel



---------------  S Y S T E M  ---------------

OS:
 Windows 10 , 64 bit Build 19041 (10.0.19041.1645)
OS uptime: 24 days 4:26 hours

CPU: total 4 (initial active 4) (2 cores per cpu, 2 threads per core) family 6 model 94 stepping 3 microcode 0xcc, cx8, cmov, fxsr, ht, mmx, 3dnowpref, sse, sse2, sse3, ssse3, sse4.1, sse4.2, popcnt, lzcnt, tsc, tscinvbit, avx, avx2, aes, erms, clmul, bmi1, bmi2, adx, fma, vzeroupper, clflush, clflushopt

Memory: 4k page, system-wide physical 8072M (1817M free)
TotalPageFile size 14471M (AvailPageFile size 3240M)
current process WorkingSet (physical memory assigned to process): 506M, peak: 573M
current process commit charge ("private bytes"): 540M, peak: 597M

vm_info: OpenJDK 64-Bit Server VM (17.0.2+8) for windows-amd64 JRE (17.0.2+8), built on Jan 20 2022 04:52:34 by "" with MS VC++ 16.7 (VS2019)

END.
