#
# A fatal error has been detected by the Java Runtime Environment:
#
#  EXCEPTION_ACCESS_VIOLATION (0xc0000005) at pc=0x00007ff9cb47d69a, pid=7260, tid=10756
#
# JRE version: OpenJDK Runtime Environment Temurin-17.0.2+8 (17.0.2+8) (build 17.0.2+8)
# Java VM: OpenJDK 64-Bit Server VM Temurin-17.0.2+8 (17.0.2+8, mixed mode, tiered, compressed oops, compressed class ptrs, g1 gc, windows-amd64)
# Problematic frame:
# V  [jvm.dll+0x79d69a]
#
# No core dump will be written. Minidumps are not enabled by default on client versions of Windows
#
# If you would like to submit a bug report, please visit:
#   https://github.com/adoptium/adoptium-support/issues
#

---------------  S U M M A R Y ------------

Command Line: -XX:+ShowCodeDetailsInExceptionMessages -agentlib:jdwp=transport=dt_socket,suspend=y,address=localhost:53610 -javaagent:D:\Saju Ahmed\Softwares\sts-4.14.0.RELEASE\configuration\org.eclipse.osgi\265\0\.cp\lib\javaagent-shaded.jar -Dfile.encoding=Cp1252 org.technohaven.api.ApiApplication

Host: Intel(R) Core(TM) i3-6100 CPU @ 3.70GHz, 4 cores, 7G,  Windows 10 , 64 bit Build 19041 (10.0.19041.1741)
Time: Tue Jun 28 17:59:13 2022 Bangladesh Standard Time elapsed time: 1394.406176 seconds (0d 0h 23m 14s)

---------------  T H R E A D  ---------------

Current thread (0x000002a0ffc40e00):  JavaThread "JDWP Transport Listener: dt_socket" daemon [_thread_in_vm, id=10756, stack(0x000000f412e00000,0x000000f412f00000)]

Stack: [0x000000f412e00000,0x000000f412f00000],  sp=0x000000f412eff830,  free space=1022k
Native frames: (J=compiled Java code, j=interpreted, Vv=VM code, C=native code)
V  [jvm.dll+0x79d69a]
V  [jvm.dll+0x50842c]
V  [jvm.dll+0x4cfa94]
C  [jdwp.dll+0x22dff]


siginfo: EXCEPTION_ACCESS_VIOLATION (0xc0000005), reading address 0x00000000003f0085


Register to memory mapping:

RIP=0x00007ff9cb47d69a jvm.dll
RAX=0x0000000000000082 is an unknown value
RBX=0x000002a0ff93eab3 points into unknown readable memory: 70 6c 3b 00 65
RCX=0x00000000003f0081 is an unknown value
RDX=0x000002a08bf3b5a0 points into unknown readable memory: 0x6365742f67726f4c | 4c 6f 72 67 2f 74 65 63
RSP=0x000000f412eff830 is pointing into the stack for thread: 0x000002a0ffc40e00
RBP=0x000002a0ffc5d530 points into unknown readable memory: 0x0000000000000002 | 02 00 00 00 00 00 00 00
RSI=0x0 is NULL
RDI=0xffffffffffffffff is an unknown value
R8 =0x00000000000000e0 is an unknown value
R9 =0x0000000000000040 is an unknown value
R10=0x00000000000000c0 is an unknown value
R11=0x000000f412eff850 is pointing into the stack for thread: 0x000002a0ffc40e00
R12=0x000000f412eff988 is pointing into the stack for thread: 0x000002a0ffc40e00
R13=0x0 is NULL
R14=0x000000010040edd0 is a pointer to class: 
org.technohaven.api.wrapper.AdminSecPermsWrapper {0x000000010040edd8}
 - instance size:     3
 - klass size:        81
 - access:            public synchronized 
 - state:             fully_initialized
 - name:              'org/technohaven/api/wrapper/AdminSecPermsWrapper'
 - super:             'org/broadleafcommerce/common/rest/api/wrapper/BaseWrapper'
 - sub:               
 - arrays:            NULL
 - methods:           Array<T>(0x000002a08dbcf6e8)
 - method ordering:   Array<T>(0x000002a08fef6138)
 - default_methods:   Array<T>(0x0000000000000000)
 - local interfaces:  Array<T>(0x000002a087614d80)
 - trans. interfaces: Array<T>(0x000002a087615380)
 - constants:         constant pool [137] {0x000002a094dc78c0} for 'org/technohaven/api/wrapper/AdminSecPermsWrapper' cache=0x000002a0876383b8
 - class loader data:  loader data: 0x000002a0fef0a300 for instance a 'jdk/internal/loader/ClassLoaders$AppClassLoader'{0x0000000082420a20}
 - source file:       'AdminSecPermsWrapper.java'
 - source debug extension:       SMAP
AdminSecPermsWrapper.java
Java
*S jdt
*F
1 AdminSecPermsWrapper.java
2 file:/D:/Saju%20Ahmed/Java%20work%20files/workspace-spring-tool-suite/automobile-b2b-web/api/target/classes/
*L
*E

 - class annotations:       Array<T>(0x000002a094d915a0)
 - class type annotations:  Array<T>(0x0000000000000000)
 - field annotations:       Array<T>(0x000002a087632338)
 - field type annotations:  Array<T>(0x0000000000000000)
 - generic signature: '
[error occurred during error reporting (printing register info), id 0xc0000005, EXCEPTION_ACCESS_VIOLATION (0xc0000005) at pc=0x00007ff9cb47e2a6]

Registers:
RAX=0x0000000000000082, RBX=0x000002a0ff93eab3, RCX=0x00000000003f0081, RDX=0x000002a08bf3b5a0
RSP=0x000000f412eff830, RBP=0x000002a0ffc5d530, RSI=0x0000000000000000, RDI=0xffffffffffffffff
R8 =0x00000000000000e0, R9 =0x0000000000000040, R10=0x00000000000000c0, R11=0x000000f412eff850
R12=0x000000f412eff988, R13=0x0000000000000000, R14=0x000000010040edd0, R15=0x000000f412eff9d8
RIP=0x00007ff9cb47d69a, EFLAGS=0x0000000000010206

Top of Stack: (sp=0x000000f412eff830)
0x000000f412eff830:   0000000000000030 000000010040edd0
0x000000f412eff840:   000002a0ffc40e00 0000000000000000
0x000000f412eff850:   ffffffffffffffff 00007ff9cb1e842c
0x000000f412eff860:   000002a0ff93eab3 000002a0ff93ea80
0x000000f412eff870:   000002a0ffc5d530 000002a0ffb7d310
0x000000f412eff880:   000002a0ff93ea30 00000000000003d8
0x000000f412eff890:   000002a0ff93ea40 000002a0ff93ee18
0x000000f412eff8a0:   0000000000000002 000000f412eff988
0x000000f412eff8b0:   0000000000000000 0000000000000000
0x000000f412eff8c0:   00000000833d5c58 00007ff9cb1afa94
0x000000f412eff8d0:   000002a0ffc40e00 000000f412eff9d8
0x000000f412eff8e0:   000002a0e78417e0 000000f412eff9d8
0x000000f412eff8f0:   000002a0ffc40e00 0000000000000000
0x000000f412eff900:   000002a000000000 0000000000000000
0x000000f412eff910:   000000000000000d 00007ff9f5c22dff
0x000000f412eff920:   000000f412eff9d0 00007ff9f5c31aa0 

Instructions: (pc=0x00007ff9cb47d69a)
0x00007ff9cb47d59a:   48 83 c4 20 5f e9 4c 8d 90 ff cc cc cc cc cc cc
0x00007ff9cb47d5aa:   cc cc cc cc cc cc 48 89 5c 24 08 57 48 83 ec 20
0x00007ff9cb47d5ba:   83 fa 02 8d 42 06 b9 08 00 00 00 49 8b d8 0f 4e
0x00007ff9cb47d5ca:   c1 48 63 c8 48 83 c1 07 83 e1 f8 48 63 f9 49 8b
0x00007ff9cb47d5da:   48 18 48 8b c7 48 f7 d0 48 3b c1 73 16 4c 8d 05
0x00007ff9cb47d5ea:   da 4c 17 00 48 8b d7 48 8b cb e8 57 f0 90 ff 48
0x00007ff9cb47d5fa:   8b 4b 18 48 8d 04 39 48 3b 43 20 76 18 45 33 c0
0x00007ff9cb47d60a:   48 8b d7 48 8b cb 48 8b 5c 24 30 48 83 c4 20 5f
0x00007ff9cb47d61a:   e9 b1 ec 90 ff 48 89 43 18 48 8b c1 48 8b 5c 24
0x00007ff9cb47d62a:   30 48 83 c4 20 5f c3 cc cc cc cc cc cc cc cc cc
0x00007ff9cb47d63a:   cc cc cc cc cc cc 4c 8b d2 4c 8b d9 45 85 c0 7e
0x00007ff9cb47d64a:   3c 44 0f b7 49 04 41 8d 40 ff 41 3b c1 44 0f 4c
0x00007ff9cb47d65a:   c8 4d 63 c1 45 85 c9 7e 1f 48 8b c2 4c 2b da 49
0x00007ff9cb47d66a:   8b d0 0f 1f 40 00 41 0f b6 4c 03 06 88 08 48 8d
0x00007ff9cb47d67a:   40 01 48 83 ea 01 75 ee 43 c6 04 10 00 49 8b c2
0x00007ff9cb47d68a:   c3 cc cc cc cc cc 48 89 5c 24 08 57 48 83 ec 20
0x00007ff9cb47d69a:   0f b7 59 04 48 8b f9 33 d2 48 8d 4b 01 e8 84 df
0x00007ff9cb47d6aa:   f2 ff 0f b7 57 04 4c 8b c0 3b da 0f 42 d3 44 8b
0x00007ff9cb47d6ba:   ca 85 d2 74 39 48 2b f8 0f 1f 40 00 66 66 0f 1f
0x00007ff9cb47d6ca:   84 00 00 00 00 00 0f b6 4c 07 06 88 08 48 ff c0
0x00007ff9cb47d6da:   48 8b c8 49 2b c8 49 3b c9 7c eb 42 c6 04 02 00
0x00007ff9cb47d6ea:   49 8b c0 48 8b 5c 24 30 48 83 c4 20 5f c3 48 8b
0x00007ff9cb47d6fa:   5c 24 30 c6 04 02 00 48 83 c4 20 5f c3 cc cc cc
0x00007ff9cb47d70a:   cc cc cc cc cc cc 4c 8b d1 45 85 c0 7e 6c 44 0f
0x00007ff9cb47d71a:   b7 49 04 41 8d 40 ff 41 3b c1 44 0f 4c c8 4d 63
0x00007ff9cb47d72a:   d9 45 85 c9 7e 22 48 8b ca 4c 2b d2 4d 8b c3 0f
0x00007ff9cb47d73a:   1f 80 00 00 00 00 41 0f b6 44 0a 06 88 01 48 8d
0x00007ff9cb47d74a:   49 01 49 83 e8 01 75 ee 41 c6 04 13 00 48 c7 c0
0x00007ff9cb47d75a:   ff ff ff ff 66 90 48 ff c0 80 3c 02 00 75 f7 48
0x00007ff9cb47d76a:   63 c8 85 c0 48 8b c2 7e 14 80 38 2f 75 03 c6 00
0x00007ff9cb47d77a:   2e 48 ff c0 48 83 e9 01 75 ef 48 8b c2 c3 cc cc
0x00007ff9cb47d78a:   cc cc cc cc cc cc 48 83 ec 28 e8 f7 fe ff ff 4c 


Stack slot to memory mapping:
stack at sp + 0 slots: 0x0000000000000030 is an unknown value
stack at sp + 1 slots: 0x000000010040edd0 is a pointer to class: 
org.technohaven.api.wrapper.AdminSecPermsWrapper {0x000000010040edd8}
 - instance size:     3
 - klass size:        81
 - access:            public synchronized 
 - state:             fully_initialized
 - name:              'org/technohaven/api/wrapper/AdminSecPermsWrapper'
 - super:             'org/broadleafcommerce/common/rest/api/wrapper/BaseWrapper'
 - sub:               
 - arrays:            NULL
 - methods:           Array<T>(0x000002a08dbcf6e8)
 - method ordering:   Array<T>(0x000002a08fef6138)
 - default_methods:   Array<T>(0x0000000000000000)
 - local interfaces:  Array<T>(0x000002a087614d80)
 - trans. interfaces: Array<T>(0x000002a087615380)
 - constants:         constant pool [137] {0x000002a094dc78c0} for 'org/technohaven/api/wrapper/AdminSecPermsWrapper' cache=0x000002a0876383b8
 - class loader data:  loader data: 0x000002a0fef0a300 for instance a 'jdk/internal/loader/ClassLoaders$AppClassLoader'{0x0000000082420a20}
 - source file:       'AdminSecPermsWrapper.java'
 - source debug extension:       SMAP
AdminSecPermsWrapper.java
Java
*S jdt
*F
1 AdminSecPermsWrapper.java
2 file:/D:/Saju%20Ahmed/Java%20work%20files/workspace-spring-tool-suite/automobile-b2b-web/api/target/classes/
*L
*E

 - class annotations:       Array<T>(0x000002a094d915a0)
 - class type annotations:  Array<T>(0x0000000000000000)
 - field annotations:       Array<T>(0x000002a087632338)
 - field type annotations:  Array<T>(0x0000000000000000)
 - generic signature: '
[error occurred during error reporting (inspecting top of stack), id 0xc0000005, EXCEPTION_ACCESS_VIOLATION (0xc0000005) at pc=0x00007ff9cb47e2a6]


---------------  P R O C E S S  ---------------

Threads class SMR info:
_java_thread_list=0x000002a088e4c550, length=47, elements={
0x000002a0feeea670, 0x000002a0feeeb4e0, 0x000002a0fef2c2c0, 0x000002a0fef302f0,
0x000002a0fef30ca0, 0x000002a0fef32660, 0x000002a0ff93bab0, 0x000002a0ff93c460,
0x000002a0ff947240, 0x000002a0ffa4c8c0, 0x000002a0ffc40e00, 0x000002a0ffc428d0,
0x000002a0ffc42dc0, 0x000002a082b19e10, 0x000002a088fb5590, 0x000002a088fb68d0,
0x000002a088fb20a0, 0x000002a083a343f0, 0x000002a083a35730, 0x000002a086619f10,
0x000002a086613530, 0x000002a086613a00, 0x000002a0866173c0, 0x000002a086614d40,
0x000002a086615210, 0x000002a0866156e0, 0x000002a086615bb0, 0x000002a086616550,
0x000002a08661a3e0, 0x000002a08661a8b0, 0x000002a086616080, 0x000002a086616a20,
0x000002a0866190a0, 0x000002a086618230, 0x000002a086617d60, 0x000002a086618700,
0x000002a088fb3d80, 0x000002a08b629560, 0x000002a08b627880, 0x000002a08b627d50,
0x000002a08b62c580, 0x000002a08b626540, 0x000002a08b6273b0, 0x000002a08b629a30,
0x000002a08b628220, 0x000002a08b62cf20, 0x000002a08b62ad70
}

Java Threads: ( => current thread )
  0x000002a0feeea670 JavaThread "Reference Handler" daemon [_thread_blocked, id=8044, stack(0x000000f412400000,0x000000f412500000)]
  0x000002a0feeeb4e0 JavaThread "Finalizer" daemon [_thread_blocked, id=8904, stack(0x000000f412500000,0x000000f412600000)]
  0x000002a0fef2c2c0 JavaThread "Signal Dispatcher" daemon [_thread_blocked, id=7896, stack(0x000000f412600000,0x000000f412700000)]
  0x000002a0fef302f0 JavaThread "Attach Listener" daemon [_thread_blocked, id=13620, stack(0x000000f412700000,0x000000f412800000)]
  0x000002a0fef30ca0 JavaThread "Service Thread" daemon [_thread_blocked, id=3860, stack(0x000000f412800000,0x000000f412900000)]
  0x000002a0fef32660 JavaThread "Monitor Deflation Thread" daemon [_thread_blocked, id=8860, stack(0x000000f412900000,0x000000f412a00000)]
  0x000002a0ff93bab0 JavaThread "C2 CompilerThread0" daemon [_thread_blocked, id=6336, stack(0x000000f412a00000,0x000000f412b00000)]
  0x000002a0ff93c460 JavaThread "C1 CompilerThread0" daemon [_thread_blocked, id=7116, stack(0x000000f412b00000,0x000000f412c00000)]
  0x000002a0ff947240 JavaThread "Sweeper thread" daemon [_thread_blocked, id=5476, stack(0x000000f412c00000,0x000000f412d00000)]
  0x000002a0ffa4c8c0 JavaThread "Common-Cleaner" daemon [_thread_blocked, id=13632, stack(0x000000f412d00000,0x000000f412e00000)]
=>0x000002a0ffc40e00 JavaThread "JDWP Transport Listener: dt_socket" daemon [_thread_in_vm, id=10756, stack(0x000000f412e00000,0x000000f412f00000)]
  0x000002a0ffc428d0 JavaThread "JDWP Event Helper Thread" daemon [_thread_blocked, id=14248, stack(0x000000f412f00000,0x000000f413000000)]
  0x000002a0ffc42dc0 JavaThread "JDWP Command Reader" daemon [_thread_in_native, id=3392, stack(0x000000f413000000,0x000000f413100000)]
  0x000002a082b19e10 JavaThread "Notification Thread" daemon [_thread_blocked, id=3096, stack(0x000000f413500000,0x000000f413600000)]
  0x000002a088fb5590 JavaThread "Tomcat JDBC Pool Cleaner[1807837413:1656416173803]" daemon [_thread_blocked, id=1832, stack(0x000000f413900000,0x000000f413a00000)]
  0x000002a088fb68d0 JavaThread "mysql-cj-abandoned-connection-cleanup" daemon [_thread_blocked, id=6380, stack(0x000000f413a00000,0x000000f413b00000)]
  0x000002a088fb20a0 JavaThread "Catalina-utility-1" [_thread_blocked, id=11000, stack(0x000000f413b00000,0x000000f413c00000)]
  0x000002a083a343f0 JavaThread "Catalina-utility-2" [_thread_blocked, id=9012, stack(0x000000f413c00000,0x000000f413d00000)]
  0x000002a083a35730 JavaThread "container-0" [_thread_blocked, id=8100, stack(0x000000f413d00000,0x000000f413e00000)]
  0x000002a086619f10 JavaThread "Connection evictor" daemon [_thread_blocked, id=9384, stack(0x000000f413e00000,0x000000f413f00000)]
  0x000002a086613530 JavaThread "TransactionLifecycleMonitorThread" daemon [_thread_blocked, id=6752, stack(0x000000f414100000,0x000000f414200000)]
  0x000002a086613a00 JavaThread "quartzScheduler_Worker-1" [_thread_blocked, id=10872, stack(0x000000f414200000,0x000000f414300000)]
  0x000002a0866173c0 JavaThread "quartzScheduler_Worker-2" [_thread_blocked, id=9592, stack(0x000000f414300000,0x000000f414400000)]
  0x000002a086614d40 JavaThread "quartzScheduler_Worker-3" [_thread_blocked, id=68, stack(0x000000f414400000,0x000000f414500000)]
  0x000002a086615210 JavaThread "quartzScheduler_Worker-4" [_thread_blocked, id=7492, stack(0x000000f414500000,0x000000f414600000)]
  0x000002a0866156e0 JavaThread "quartzScheduler_Worker-5" [_thread_blocked, id=11476, stack(0x000000f414600000,0x000000f414700000)]
  0x000002a086615bb0 JavaThread "quartzScheduler_Worker-6" [_thread_blocked, id=2628, stack(0x000000f414700000,0x000000f414800000)]
  0x000002a086616550 JavaThread "quartzScheduler_Worker-7" [_thread_blocked, id=9120, stack(0x000000f414800000,0x000000f414900000)]
  0x000002a08661a3e0 JavaThread "quartzScheduler_Worker-8" [_thread_blocked, id=7484, stack(0x000000f414900000,0x000000f414a00000)]
  0x000002a08661a8b0 JavaThread "quartzScheduler_Worker-9" [_thread_blocked, id=5992, stack(0x000000f414a00000,0x000000f414b00000)]
  0x000002a086616080 JavaThread "quartzScheduler_Worker-10" [_thread_blocked, id=8480, stack(0x000000f414b00000,0x000000f414c00000)]
  0x000002a086616a20 JavaThread "quartzScheduler_QuartzSchedulerThread" [_thread_blocked, id=9652, stack(0x000000f414c00000,0x000000f414d00000)]
  0x000002a0866190a0 JavaThread "https-jsse-nio-8445-Poller" daemon [_thread_in_native, id=12440, stack(0x000000f414d00000,0x000000f414e00000)]
  0x000002a086618230 JavaThread "https-jsse-nio-8445-Acceptor" daemon [_thread_in_native, id=572, stack(0x000000f414e00000,0x000000f414f00000)]
  0x000002a086617d60 JavaThread "http-nio-8082-Poller" daemon [_thread_in_native, id=13396, stack(0x000000f414f00000,0x000000f415000000)]
  0x000002a086618700 JavaThread "http-nio-8082-Acceptor" daemon [_thread_in_native, id=6528, stack(0x000000f415000000,0x000000f415100000)]
  0x000002a088fb3d80 JavaThread "DestroyJavaVM" [_thread_blocked, id=14204, stack(0x000000f411d00000,0x000000f411e00000)]
  0x000002a08b629560 JavaThread "https-jsse-nio-8445-exec-1" daemon [_thread_blocked, id=2692, stack(0x000000f411a00000,0x000000f411b00000)]
  0x000002a08b627880 JavaThread "https-jsse-nio-8445-exec-2" daemon [_thread_blocked, id=13200, stack(0x000000f411b00000,0x000000f411c00000)]
  0x000002a08b627d50 JavaThread "https-jsse-nio-8445-exec-3" daemon [_thread_blocked, id=7884, stack(0x000000f413100000,0x000000f413200000)]
  0x000002a08b62c580 JavaThread "https-jsse-nio-8445-exec-4" daemon [_thread_blocked, id=9736, stack(0x000000f415100000,0x000000f415200000)]
  0x000002a08b626540 JavaThread "https-jsse-nio-8445-exec-5" daemon [_thread_blocked, id=5924, stack(0x000000f415200000,0x000000f415300000)]
  0x000002a08b6273b0 JavaThread "https-jsse-nio-8445-exec-6" daemon [_thread_blocked, id=13832, stack(0x000000f415300000,0x000000f415400000)]
  0x000002a08b629a30 JavaThread "https-jsse-nio-8445-exec-7" daemon [_thread_blocked, id=8172, stack(0x000000f415400000,0x000000f415500000)]
  0x000002a08b628220 JavaThread "https-jsse-nio-8445-exec-8" daemon [_thread_blocked, id=10868, stack(0x000000f415500000,0x000000f415600000)]
  0x000002a08b62cf20 JavaThread "https-jsse-nio-8445-exec-9" daemon [_thread_blocked, id=10500, stack(0x000000f415600000,0x000000f415700000)]
  0x000002a08b62ad70 JavaThread "https-jsse-nio-8445-exec-10" daemon [_thread_blocked, id=5616, stack(0x000000f415700000,0x000000f415800000)]

Other Threads:
  0x000002a0feea1200 VMThread "VM Thread" [stack: 0x000000f412300000,0x000000f412400000] [id=13736]
  0x000002a0825a9080 WatcherThread [stack: 0x000000f413600000,0x000000f413700000] [id=6684]
  0x000002a0e7892720 GCTaskThread "GC Thread#0" [stack: 0x000000f411e00000,0x000000f411f00000] [id=5384]
  0x000002a082c8f450 GCTaskThread "GC Thread#1" [stack: 0x000000f413200000,0x000000f413300000] [id=10928]
  0x000002a082b3e910 GCTaskThread "GC Thread#2" [stack: 0x000000f413300000,0x000000f413400000] [id=11444]
  0x000002a082946690 GCTaskThread "GC Thread#3" [stack: 0x000000f413400000,0x000000f413500000] [id=10068]
  0x000002a0e78a4a90 ConcurrentGCThread "G1 Main Marker" [stack: 0x000000f411f00000,0x000000f412000000] [id=7528]
  0x000002a0e78a6c50 ConcurrentGCThread "G1 Conc#0" [stack: 0x000000f412000000,0x000000f412100000] [id=3652]
  0x000002a0e790d610 ConcurrentGCThread "G1 Refine#0" [stack: 0x000000f412100000,0x000000f412200000] [id=5392]
  0x000002a086faf880 ConcurrentGCThread "G1 Refine#1" [stack: 0x000000f413700000,0x000000f413800000] [id=10636]
  0x000002a088e26770 ConcurrentGCThread "G1 Refine#2" [stack: 0x000000f413800000,0x000000f413900000] [id=13960]
  0x000002a0e790e030 ConcurrentGCThread "G1 Service" [stack: 0x000000f412200000,0x000000f412300000] [id=5828]

Threads with active compile tasks:

VM state: not at safepoint (normal execution)

VM Mutex/Monitor currently owned by a thread: None

Heap address: 0x0000000081c00000, size: 2020 MB, Compressed Oops mode: 32-bit

CDS archive(s) not mapped
Compressed class space mapped at: 0x0000000100000000-0x0000000140000000, reserved size: 1073741824
Narrow klass base: 0x0000000000000000, Narrow klass shift: 3, Narrow klass range: 0x140000000

GC Precious Log:
 CPUs: 4 total, 4 available
 Memory: 8072M
 Large Page Support: Disabled
 NUMA Support: Disabled
 Compressed Oops: Enabled (32-bit)
 Heap Region Size: 1M
 Heap Min Capacity: 8M
 Heap Initial Capacity: 128M
 Heap Max Capacity: 2020M
 Pre-touch: Disabled
 Parallel Workers: 4
 Concurrent Workers: 1
 Concurrent Refinement Workers: 4
 Periodic GC: Disabled

Heap:
 garbage-first heap   total 206848K, used 139834K [0x0000000081c00000, 0x0000000100000000)
  region size 1024K, 37 young (37888K), 8 survivors (8192K)
 Metaspace       used 122596K, committed 123392K, reserved 1163264K
  class space    used 14513K, committed 14912K, reserved 1048576K

Heap Regions: E=young(eden), S=young(survivor), O=old, HS=humongous(starts), HC=humongous(continues), CS=collection set, F=free, OA=open archive, CA=closed archive, TAMS=top-at-mark-start (previous, next)
|   0|0x0000000081c00000, 0x0000000081d00000, 0x0000000081d00000|100%|HS|  |TAMS 0x0000000081d00000, 0x0000000081c00000| Complete 
|   1|0x0000000081d00000, 0x0000000081e00000, 0x0000000081e00000|100%| O|  |TAMS 0x0000000081e00000, 0x0000000081d00000| Untracked 
|   2|0x0000000081e00000, 0x0000000081f00000, 0x0000000081f00000|100%| O|  |TAMS 0x0000000081f00000, 0x0000000081e00000| Untracked 
|   3|0x0000000081f00000, 0x0000000082000000, 0x0000000082000000|100%| O|  |TAMS 0x0000000082000000, 0x0000000081f00000| Untracked 
|   4|0x0000000082000000, 0x0000000082100000, 0x0000000082100000|100%| O|  |TAMS 0x0000000082100000, 0x0000000082000000| Untracked 
|   5|0x0000000082100000, 0x0000000082200000, 0x0000000082200000|100%| O|  |TAMS 0x0000000082200000, 0x0000000082100000| Untracked 
|   6|0x0000000082200000, 0x0000000082300000, 0x0000000082300000|100%| O|  |TAMS 0x0000000082300000, 0x0000000082200000| Untracked 
|   7|0x0000000082300000, 0x0000000082400000, 0x0000000082400000|100%| O|  |TAMS 0x0000000082400000, 0x0000000082300000| Untracked 
|   8|0x0000000082400000, 0x0000000082500000, 0x0000000082500000|100%| O|  |TAMS 0x0000000082500000, 0x0000000082400000| Untracked 
|   9|0x0000000082500000, 0x0000000082600000, 0x0000000082600000|100%| O|  |TAMS 0x0000000082600000, 0x0000000082500000| Untracked 
|  10|0x0000000082600000, 0x0000000082700000, 0x0000000082700000|100%| O|  |TAMS 0x0000000082700000, 0x0000000082600000| Untracked 
|  11|0x0000000082700000, 0x0000000082800000, 0x0000000082800000|100%| O|  |TAMS 0x0000000082800000, 0x0000000082700000| Untracked 
|  12|0x0000000082800000, 0x0000000082900000, 0x0000000082900000|100%| O|  |TAMS 0x0000000082900000, 0x0000000082800000| Untracked 
|  13|0x0000000082900000, 0x0000000082a00000, 0x0000000082a00000|100%| O|  |TAMS 0x0000000082a00000, 0x0000000082900000| Untracked 
|  14|0x0000000082a00000, 0x0000000082b00000, 0x0000000082b00000|100%| O|  |TAMS 0x0000000082b00000, 0x0000000082a00000| Untracked 
|  15|0x0000000082b00000, 0x0000000082c00000, 0x0000000082c00000|100%| O|  |TAMS 0x0000000082c00000, 0x0000000082b00000| Untracked 
|  16|0x0000000082c00000, 0x0000000082d00000, 0x0000000082d00000|100%| O|  |TAMS 0x0000000082d00000, 0x0000000082c00000| Untracked 
|  17|0x0000000082d00000, 0x0000000082e00000, 0x0000000082e00000|100%| O|  |TAMS 0x0000000082e00000, 0x0000000082d00000| Untracked 
|  18|0x0000000082e00000, 0x0000000082f00000, 0x0000000082f00000|100%| O|  |TAMS 0x0000000082f00000, 0x0000000082e00000| Untracked 
|  19|0x0000000082f00000, 0x0000000082ff4e00, 0x0000000083000000| 95%| O|  |TAMS 0x0000000082ff4e00, 0x0000000082f00000| Untracked 
|  20|0x0000000083000000, 0x0000000083100000, 0x0000000083100000|100%| O|  |TAMS 0x0000000083100000, 0x0000000083000000| Untracked 
|  21|0x0000000083100000, 0x0000000083200000, 0x0000000083200000|100%| O|  |TAMS 0x0000000083200000, 0x0000000083100000| Untracked 
|  22|0x0000000083200000, 0x0000000083300000, 0x0000000083300000|100%| O|  |TAMS 0x0000000083300000, 0x0000000083200000| Untracked 
|  23|0x0000000083300000, 0x0000000083400000, 0x0000000083400000|100%| O|  |TAMS 0x0000000083400000, 0x0000000083300000| Untracked 
|  24|0x0000000083400000, 0x0000000083500000, 0x0000000083500000|100%| O|  |TAMS 0x0000000083500000, 0x0000000083400000| Untracked 
|  25|0x0000000083500000, 0x0000000083600000, 0x0000000083600000|100%| O|  |TAMS 0x0000000083600000, 0x0000000083500000| Untracked 
|  26|0x0000000083600000, 0x0000000083700000, 0x0000000083700000|100%| O|  |TAMS 0x0000000083700000, 0x0000000083600000| Untracked 
|  27|0x0000000083700000, 0x0000000083800000, 0x0000000083800000|100%| O|  |TAMS 0x0000000083800000, 0x0000000083700000| Untracked 
|  28|0x0000000083800000, 0x0000000083900000, 0x0000000083900000|100%| O|  |TAMS 0x0000000083900000, 0x0000000083800000| Untracked 
|  29|0x0000000083900000, 0x0000000083a00000, 0x0000000083a00000|100%| O|  |TAMS 0x0000000083a00000, 0x0000000083900000| Untracked 
|  30|0x0000000083a00000, 0x0000000083b00000, 0x0000000083b00000|100%| O|  |TAMS 0x0000000083b00000, 0x0000000083a00000| Untracked 
|  31|0x0000000083b00000, 0x0000000083c00000, 0x0000000083c00000|100%| O|  |TAMS 0x0000000083c00000, 0x0000000083b00000| Untracked 
|  32|0x0000000083c00000, 0x0000000083d00000, 0x0000000083d00000|100%| O|  |TAMS 0x0000000083d00000, 0x0000000083c00000| Untracked 
|  33|0x0000000083d00000, 0x0000000083e00000, 0x0000000083e00000|100%| O|  |TAMS 0x0000000083e00000, 0x0000000083d00000| Untracked 
|  34|0x0000000083e00000, 0x0000000083f00000, 0x0000000083f00000|100%| O|  |TAMS 0x0000000083e00000, 0x0000000083e00000| Untracked 
|  35|0x0000000083f00000, 0x0000000084000000, 0x0000000084000000|100%| O|  |TAMS 0x0000000084000000, 0x0000000083f00000| Untracked 
|  36|0x0000000084000000, 0x0000000084100000, 0x0000000084100000|100%| O|  |TAMS 0x0000000084100000, 0x0000000084000000| Untracked 
|  37|0x0000000084100000, 0x0000000084200000, 0x0000000084200000|100%| O|  |TAMS 0x0000000084200000, 0x0000000084100000| Untracked 
|  38|0x0000000084200000, 0x0000000084300000, 0x0000000084300000|100%| O|  |TAMS 0x0000000084300000, 0x0000000084200000| Untracked 
|  39|0x0000000084300000, 0x0000000084400000, 0x0000000084400000|100%| O|  |TAMS 0x0000000084400000, 0x0000000084300000| Untracked 
|  40|0x0000000084400000, 0x0000000084500000, 0x0000000084500000|100%| O|  |TAMS 0x0000000084500000, 0x0000000084400000| Untracked 
|  41|0x0000000084500000, 0x0000000084600000, 0x0000000084600000|100%| O|  |TAMS 0x0000000084600000, 0x0000000084500000| Untracked 
|  42|0x0000000084600000, 0x0000000084700000, 0x0000000084700000|100%| O|  |TAMS 0x0000000084700000, 0x0000000084600000| Untracked 
|  43|0x0000000084700000, 0x0000000084800000, 0x0000000084800000|100%| O|  |TAMS 0x0000000084800000, 0x0000000084700000| Untracked 
|  44|0x0000000084800000, 0x0000000084900000, 0x0000000084900000|100%| O|  |TAMS 0x0000000084900000, 0x0000000084800000| Untracked 
|  45|0x0000000084900000, 0x0000000084a00000, 0x0000000084a00000|100%| O|  |TAMS 0x0000000084a00000, 0x0000000084900000| Untracked 
|  46|0x0000000084a00000, 0x0000000084b00000, 0x0000000084b00000|100%| O|  |TAMS 0x0000000084b00000, 0x0000000084a00000| Untracked 
|  47|0x0000000084b00000, 0x0000000084c00000, 0x0000000084c00000|100%| O|  |TAMS 0x0000000084c00000, 0x0000000084b00000| Untracked 
|  48|0x0000000084c00000, 0x0000000084d00000, 0x0000000084d00000|100%| O|  |TAMS 0x0000000084d00000, 0x0000000084c00000| Untracked 
|  49|0x0000000084d00000, 0x0000000084e00000, 0x0000000084e00000|100%| O|  |TAMS 0x0000000084e00000, 0x0000000084d00000| Untracked 
|  50|0x0000000084e00000, 0x0000000084f00000, 0x0000000084f00000|100%| O|  |TAMS 0x0000000084f00000, 0x0000000084e00000| Untracked 
|  51|0x0000000084f00000, 0x0000000085000000, 0x0000000085000000|100%| O|  |TAMS 0x0000000085000000, 0x0000000084f00000| Untracked 
|  52|0x0000000085000000, 0x0000000085100000, 0x0000000085100000|100%| O|  |TAMS 0x0000000085100000, 0x0000000085000000| Untracked 
|  53|0x0000000085100000, 0x0000000085200000, 0x0000000085200000|100%| O|  |TAMS 0x0000000085200000, 0x0000000085100000| Untracked 
|  54|0x0000000085200000, 0x0000000085300000, 0x0000000085300000|100%| O|  |TAMS 0x0000000085300000, 0x0000000085200000| Untracked 
|  55|0x0000000085300000, 0x0000000085400000, 0x0000000085400000|100%| O|  |TAMS 0x0000000085400000, 0x0000000085300000| Untracked 
|  56|0x0000000085400000, 0x0000000085500000, 0x0000000085500000|100%| O|  |TAMS 0x0000000085500000, 0x0000000085400000| Untracked 
|  57|0x0000000085500000, 0x0000000085600000, 0x0000000085600000|100%| O|  |TAMS 0x0000000085600000, 0x0000000085500000| Untracked 
|  58|0x0000000085600000, 0x0000000085700000, 0x0000000085700000|100%| O|  |TAMS 0x0000000085600000, 0x0000000085600000| Untracked 
|  59|0x0000000085700000, 0x0000000085800000, 0x0000000085800000|100%| O|  |TAMS 0x0000000085700000, 0x0000000085700000| Untracked 
|  60|0x0000000085800000, 0x0000000085900000, 0x0000000085900000|100%|HS|  |TAMS 0x0000000085900000, 0x0000000085800000| Complete 
|  61|0x0000000085900000, 0x0000000085a00000, 0x0000000085a00000|100%| O|  |TAMS 0x0000000085a00000, 0x0000000085900000| Untracked 
|  62|0x0000000085a00000, 0x0000000085b00000, 0x0000000085b00000|100%| O|  |TAMS 0x0000000085b00000, 0x0000000085a00000| Untracked 
|  63|0x0000000085b00000, 0x0000000085c00000, 0x0000000085c00000|100%| O|  |TAMS 0x0000000085c00000, 0x0000000085b00000| Untracked 
|  64|0x0000000085c00000, 0x0000000085d00000, 0x0000000085d00000|100%| O|  |TAMS 0x0000000085d00000, 0x0000000085c00000| Untracked 
|  65|0x0000000085d00000, 0x0000000085e00000, 0x0000000085e00000|100%| O|  |TAMS 0x0000000085e00000, 0x0000000085d00000| Untracked 
|  66|0x0000000085e00000, 0x0000000085f00000, 0x0000000085f00000|100%| O|  |TAMS 0x0000000085f00000, 0x0000000085e00000| Untracked 
|  67|0x0000000085f00000, 0x0000000086000000, 0x0000000086000000|100%| O|  |TAMS 0x0000000086000000, 0x0000000085f00000| Untracked 
|  68|0x0000000086000000, 0x0000000086100000, 0x0000000086100000|100%| O|  |TAMS 0x0000000086100000, 0x0000000086000000| Untracked 
|  69|0x0000000086100000, 0x0000000086200000, 0x0000000086200000|100%| O|  |TAMS 0x0000000086200000, 0x0000000086100000| Untracked 
|  70|0x0000000086200000, 0x0000000086300000, 0x0000000086300000|100%| O|  |TAMS 0x0000000086300000, 0x0000000086200000| Untracked 
|  71|0x0000000086300000, 0x0000000086400000, 0x0000000086400000|100%| O|  |TAMS 0x0000000086400000, 0x0000000086300000| Untracked 
|  72|0x0000000086400000, 0x0000000086500000, 0x0000000086500000|100%| O|  |TAMS 0x0000000086500000, 0x0000000086400000| Untracked 
|  73|0x0000000086500000, 0x0000000086600000, 0x0000000086600000|100%| O|  |TAMS 0x0000000086600000, 0x0000000086500000| Untracked 
|  74|0x0000000086600000, 0x0000000086700000, 0x0000000086700000|100%| O|  |TAMS 0x0000000086700000, 0x0000000086600000| Untracked 
|  75|0x0000000086700000, 0x0000000086800000, 0x0000000086800000|100%| O|  |TAMS 0x0000000086800000, 0x0000000086700000| Untracked 
|  76|0x0000000086800000, 0x0000000086900000, 0x0000000086900000|100%| O|  |TAMS 0x0000000086900000, 0x0000000086800000| Untracked 
|  77|0x0000000086900000, 0x0000000086a00000, 0x0000000086a00000|100%| O|  |TAMS 0x000000008695ac08, 0x0000000086900000| Untracked 
|  78|0x0000000086a00000, 0x0000000086b00000, 0x0000000086b00000|100%| O|  |TAMS 0x0000000086a00000, 0x0000000086a00000| Untracked 
|  79|0x0000000086b00000, 0x0000000086c00000, 0x0000000086c00000|100%| O|  |TAMS 0x0000000086b00000, 0x0000000086b00000| Untracked 
|  80|0x0000000086c00000, 0x0000000086d00000, 0x0000000086d00000|100%| O|  |TAMS 0x0000000086c00000, 0x0000000086c00000| Untracked 
|  81|0x0000000086d00000, 0x0000000086e00000, 0x0000000086e00000|100%| O|  |TAMS 0x0000000086d00000, 0x0000000086d00000| Untracked 
|  82|0x0000000086e00000, 0x0000000086f00000, 0x0000000086f00000|100%| O|  |TAMS 0x0000000086e00000, 0x0000000086e00000| Untracked 
|  83|0x0000000086f00000, 0x0000000087000000, 0x0000000087000000|100%| O|  |TAMS 0x0000000086f00000, 0x0000000086f00000| Untracked 
|  84|0x0000000087000000, 0x0000000087100000, 0x0000000087100000|100%| O|  |TAMS 0x0000000087000000, 0x0000000087000000| Untracked 
|  85|0x0000000087100000, 0x0000000087200000, 0x0000000087200000|100%| O|  |TAMS 0x0000000087100000, 0x0000000087100000| Untracked 
|  86|0x0000000087200000, 0x0000000087300000, 0x0000000087300000|100%| O|  |TAMS 0x0000000087200000, 0x0000000087200000| Untracked 
|  87|0x0000000087300000, 0x0000000087400000, 0x0000000087400000|100%| O|  |TAMS 0x0000000087300000, 0x0000000087300000| Untracked 
|  88|0x0000000087400000, 0x0000000087500000, 0x0000000087500000|100%| O|  |TAMS 0x0000000087400000, 0x0000000087400000| Untracked 
|  89|0x0000000087500000, 0x0000000087600000, 0x0000000087600000|100%| O|  |TAMS 0x0000000087500000, 0x0000000087500000| Untracked 
|  90|0x0000000087600000, 0x0000000087700000, 0x0000000087700000|100%| O|  |TAMS 0x0000000087600000, 0x0000000087600000| Untracked 
|  91|0x0000000087700000, 0x0000000087800000, 0x0000000087800000|100%| O|  |TAMS 0x0000000087700000, 0x0000000087700000| Untracked 
|  92|0x0000000087800000, 0x0000000087900000, 0x0000000087900000|100%| O|  |TAMS 0x0000000087800000, 0x0000000087800000| Untracked 
|  93|0x0000000087900000, 0x0000000087a00000, 0x0000000087a00000|100%| O|  |TAMS 0x0000000087900000, 0x0000000087900000| Untracked 
|  94|0x0000000087a00000, 0x0000000087b00000, 0x0000000087b00000|100%| O|  |TAMS 0x0000000087a00000, 0x0000000087a00000| Untracked 
|  95|0x0000000087b00000, 0x0000000087c00000, 0x0000000087c00000|100%| O|  |TAMS 0x0000000087b00000, 0x0000000087b00000| Untracked 
|  96|0x0000000087c00000, 0x0000000087d00000, 0x0000000087d00000|100%| O|  |TAMS 0x0000000087c00000, 0x0000000087c00000| Untracked 
|  97|0x0000000087d00000, 0x0000000087e00000, 0x0000000087e00000|100%| O|  |TAMS 0x0000000087d00000, 0x0000000087d00000| Untracked 
|  98|0x0000000087e00000, 0x0000000087f00000, 0x0000000087f00000|100%| O|  |TAMS 0x0000000087e00000, 0x0000000087e00000| Untracked 
|  99|0x0000000087f00000, 0x0000000088000000, 0x0000000088000000|100%| O|  |TAMS 0x0000000087f00000, 0x0000000087f00000| Untracked 
| 100|0x0000000088000000, 0x0000000088100000, 0x0000000088100000|100%| O|  |TAMS 0x0000000088000000, 0x0000000088000000| Untracked 
| 101|0x0000000088100000, 0x0000000088145600, 0x0000000088200000| 27%| O|  |TAMS 0x0000000088100000, 0x0000000088100000| Untracked 
| 102|0x0000000088200000, 0x0000000088200000, 0x0000000088300000|  0%| F|  |TAMS 0x0000000088200000, 0x0000000088200000| Untracked 
| 103|0x0000000088300000, 0x0000000088300000, 0x0000000088400000|  0%| F|  |TAMS 0x0000000088300000, 0x0000000088300000| Untracked 
| 104|0x0000000088400000, 0x0000000088400000, 0x0000000088500000|  0%| F|  |TAMS 0x0000000088400000, 0x0000000088400000| Untracked 
| 105|0x0000000088500000, 0x0000000088500000, 0x0000000088600000|  0%| F|  |TAMS 0x0000000088500000, 0x0000000088500000| Untracked 
| 106|0x0000000088600000, 0x0000000088600000, 0x0000000088700000|  0%| F|  |TAMS 0x0000000088600000, 0x0000000088600000| Untracked 
| 107|0x0000000088700000, 0x0000000088700000, 0x0000000088800000|  0%| F|  |TAMS 0x0000000088700000, 0x0000000088700000| Untracked 
| 108|0x0000000088800000, 0x0000000088800000, 0x0000000088900000|  0%| F|  |TAMS 0x0000000088800000, 0x0000000088800000| Untracked 
| 109|0x0000000088900000, 0x0000000088900000, 0x0000000088a00000|  0%| F|  |TAMS 0x0000000088900000, 0x0000000088900000| Untracked 
| 110|0x0000000088a00000, 0x0000000088a00000, 0x0000000088b00000|  0%| F|  |TAMS 0x0000000088a00000, 0x0000000088a00000| Untracked 
| 111|0x0000000088b00000, 0x0000000088b00000, 0x0000000088c00000|  0%| F|  |TAMS 0x0000000088b00000, 0x0000000088b00000| Untracked 
| 112|0x0000000088c00000, 0x0000000088c00000, 0x0000000088d00000|  0%| F|  |TAMS 0x0000000088c00000, 0x0000000088c00000| Untracked 
| 113|0x0000000088d00000, 0x0000000088d00000, 0x0000000088e00000|  0%| F|  |TAMS 0x0000000088d00000, 0x0000000088d00000| Untracked 
| 114|0x0000000088e00000, 0x0000000088e00000, 0x0000000088f00000|  0%| F|  |TAMS 0x0000000088e00000, 0x0000000088e00000| Untracked 
| 115|0x0000000088f00000, 0x0000000088f00000, 0x0000000089000000|  0%| F|  |TAMS 0x0000000088f00000, 0x0000000088f00000| Untracked 
| 116|0x0000000089000000, 0x0000000089000000, 0x0000000089100000|  0%| F|  |TAMS 0x0000000089000000, 0x0000000089000000| Untracked 
| 117|0x0000000089100000, 0x0000000089100000, 0x0000000089200000|  0%| F|  |TAMS 0x0000000089100000, 0x0000000089100000| Untracked 
| 118|0x0000000089200000, 0x0000000089200000, 0x0000000089300000|  0%| F|  |TAMS 0x0000000089200000, 0x0000000089200000| Untracked 
| 119|0x0000000089300000, 0x0000000089300000, 0x0000000089400000|  0%| F|  |TAMS 0x0000000089300000, 0x0000000089300000| Untracked 
| 120|0x0000000089400000, 0x0000000089400000, 0x0000000089500000|  0%| F|  |TAMS 0x0000000089400000, 0x0000000089400000| Untracked 
| 121|0x0000000089500000, 0x0000000089500000, 0x0000000089600000|  0%| F|  |TAMS 0x0000000089500000, 0x0000000089500000| Untracked 
| 122|0x0000000089600000, 0x0000000089600000, 0x0000000089700000|  0%| F|  |TAMS 0x0000000089600000, 0x0000000089600000| Untracked 
| 123|0x0000000089700000, 0x0000000089754530, 0x0000000089800000| 32%| S|CS|TAMS 0x0000000089700000, 0x0000000089700000| Complete 
| 124|0x0000000089800000, 0x0000000089800000, 0x0000000089900000|  0%| F|  |TAMS 0x0000000089800000, 0x0000000089800000| Untracked 
| 125|0x0000000089900000, 0x0000000089900000, 0x0000000089a00000|  0%| F|  |TAMS 0x0000000089900000, 0x0000000089900000| Untracked 
| 126|0x0000000089a00000, 0x0000000089a00000, 0x0000000089b00000|  0%| F|  |TAMS 0x0000000089a00000, 0x0000000089a00000| Untracked 
| 127|0x0000000089b00000, 0x0000000089b00000, 0x0000000089c00000|  0%| F|  |TAMS 0x0000000089b00000, 0x0000000089b00000| Untracked 
| 128|0x0000000089c00000, 0x0000000089d00000, 0x0000000089d00000|100%| S|CS|TAMS 0x0000000089c00000, 0x0000000089c00000| Complete 
| 129|0x0000000089d00000, 0x0000000089e00000, 0x0000000089e00000|100%| S|CS|TAMS 0x0000000089d00000, 0x0000000089d00000| Complete 
| 130|0x0000000089e00000, 0x0000000089f00000, 0x0000000089f00000|100%| S|CS|TAMS 0x0000000089e00000, 0x0000000089e00000| Complete 
| 131|0x0000000089f00000, 0x000000008a000000, 0x000000008a000000|100%| S|CS|TAMS 0x0000000089f00000, 0x0000000089f00000| Complete 
| 132|0x000000008a000000, 0x000000008a100000, 0x000000008a100000|100%| S|CS|TAMS 0x000000008a000000, 0x000000008a000000| Complete 
| 133|0x000000008a100000, 0x000000008a200000, 0x000000008a200000|100%| S|CS|TAMS 0x000000008a100000, 0x000000008a100000| Complete 
| 134|0x000000008a200000, 0x000000008a300000, 0x000000008a300000|100%| S|CS|TAMS 0x000000008a200000, 0x000000008a200000| Complete 
| 135|0x000000008a300000, 0x000000008a300000, 0x000000008a400000|  0%| F|  |TAMS 0x000000008a300000, 0x000000008a300000| Untracked 
| 136|0x000000008a400000, 0x000000008a400000, 0x000000008a500000|  0%| F|  |TAMS 0x000000008a400000, 0x000000008a400000| Untracked 
| 137|0x000000008a500000, 0x000000008a500000, 0x000000008a600000|  0%| F|  |TAMS 0x000000008a500000, 0x000000008a500000| Untracked 
| 138|0x000000008a600000, 0x000000008a600000, 0x000000008a700000|  0%| F|  |TAMS 0x000000008a600000, 0x000000008a600000| Untracked 
| 139|0x000000008a700000, 0x000000008a700000, 0x000000008a800000|  0%| F|  |TAMS 0x000000008a700000, 0x000000008a700000| Untracked 
| 140|0x000000008a800000, 0x000000008a800000, 0x000000008a900000|  0%| F|  |TAMS 0x000000008a800000, 0x000000008a800000| Untracked 
| 141|0x000000008a900000, 0x000000008a900000, 0x000000008aa00000|  0%| F|  |TAMS 0x000000008a900000, 0x000000008a900000| Untracked 
| 142|0x000000008aa00000, 0x000000008aa00000, 0x000000008ab00000|  0%| F|  |TAMS 0x000000008aa00000, 0x000000008aa00000| Untracked 
| 143|0x000000008ab00000, 0x000000008ab00000, 0x000000008ac00000|  0%| F|  |TAMS 0x000000008ab00000, 0x000000008ab00000| Untracked 
| 144|0x000000008ac00000, 0x000000008ac00000, 0x000000008ad00000|  0%| F|  |TAMS 0x000000008ac00000, 0x000000008ac00000| Untracked 
| 145|0x000000008ad00000, 0x000000008ad00000, 0x000000008ae00000|  0%| F|  |TAMS 0x000000008ad00000, 0x000000008ad00000| Untracked 
| 146|0x000000008ae00000, 0x000000008ae00000, 0x000000008af00000|  0%| F|  |TAMS 0x000000008ae00000, 0x000000008ae00000| Untracked 
| 147|0x000000008af00000, 0x000000008af00000, 0x000000008b000000|  0%| F|  |TAMS 0x000000008af00000, 0x000000008af00000| Untracked 
| 148|0x000000008b000000, 0x000000008b000000, 0x000000008b100000|  0%| F|  |TAMS 0x000000008b000000, 0x000000008b000000| Untracked 
| 149|0x000000008b100000, 0x000000008b100000, 0x000000008b200000|  0%| F|  |TAMS 0x000000008b100000, 0x000000008b100000| Untracked 
| 150|0x000000008b200000, 0x000000008b200000, 0x000000008b300000|  0%| F|  |TAMS 0x000000008b200000, 0x000000008b200000| Untracked 
| 151|0x000000008b300000, 0x000000008b300000, 0x000000008b400000|  0%| F|  |TAMS 0x000000008b300000, 0x000000008b300000| Untracked 
| 152|0x000000008b400000, 0x000000008b400000, 0x000000008b500000|  0%| F|  |TAMS 0x000000008b400000, 0x000000008b400000| Untracked 
| 153|0x000000008b500000, 0x000000008b500000, 0x000000008b600000|  0%| F|  |TAMS 0x000000008b500000, 0x000000008b500000| Untracked 
| 154|0x000000008b600000, 0x000000008b600000, 0x000000008b700000|  0%| F|  |TAMS 0x000000008b600000, 0x000000008b600000| Untracked 
| 155|0x000000008b700000, 0x000000008b700000, 0x000000008b800000|  0%| F|  |TAMS 0x000000008b700000, 0x000000008b700000| Untracked 
| 156|0x000000008b800000, 0x000000008b800000, 0x000000008b900000|  0%| F|  |TAMS 0x000000008b800000, 0x000000008b800000| Untracked 
| 157|0x000000008b900000, 0x000000008b900000, 0x000000008ba00000|  0%| F|  |TAMS 0x000000008b900000, 0x000000008b900000| Untracked 
| 158|0x000000008ba00000, 0x000000008ba00000, 0x000000008bb00000|  0%| F|  |TAMS 0x000000008ba00000, 0x000000008ba00000| Untracked 
| 159|0x000000008bb00000, 0x000000008bb00000, 0x000000008bc00000|  0%| F|  |TAMS 0x000000008bb00000, 0x000000008bb00000| Untracked 
| 160|0x000000008bc00000, 0x000000008bc00000, 0x000000008bd00000|  0%| F|  |TAMS 0x000000008bc00000, 0x000000008bc00000| Untracked 
| 161|0x000000008bd00000, 0x000000008bd00000, 0x000000008be00000|  0%| F|  |TAMS 0x000000008bd00000, 0x000000008bd00000| Untracked 
| 162|0x000000008be00000, 0x000000008be00000, 0x000000008bf00000|  0%| F|  |TAMS 0x000000008be00000, 0x000000008be00000| Untracked 
| 163|0x000000008bf00000, 0x000000008bf00000, 0x000000008c000000|  0%| F|  |TAMS 0x000000008bf00000, 0x000000008bf00000| Untracked 
| 164|0x000000008c000000, 0x000000008c000000, 0x000000008c100000|  0%| F|  |TAMS 0x000000008c000000, 0x000000008c000000| Untracked 
| 165|0x000000008c100000, 0x000000008c100000, 0x000000008c200000|  0%| F|  |TAMS 0x000000008c100000, 0x000000008c100000| Untracked 
| 166|0x000000008c200000, 0x000000008c200000, 0x000000008c300000|  0%| F|  |TAMS 0x000000008c200000, 0x000000008c200000| Untracked 
| 167|0x000000008c300000, 0x000000008c300000, 0x000000008c400000|  0%| F|  |TAMS 0x000000008c300000, 0x000000008c300000| Untracked 
| 168|0x000000008c400000, 0x000000008c400000, 0x000000008c500000|  0%| F|  |TAMS 0x000000008c400000, 0x000000008c400000| Untracked 
| 169|0x000000008c500000, 0x000000008c500000, 0x000000008c600000|  0%| F|  |TAMS 0x000000008c500000, 0x000000008c500000| Untracked 
| 170|0x000000008c600000, 0x000000008c600000, 0x000000008c700000|  0%| F|  |TAMS 0x000000008c600000, 0x000000008c600000| Untracked 
| 171|0x000000008c700000, 0x000000008c700000, 0x000000008c800000|  0%| F|  |TAMS 0x000000008c700000, 0x000000008c700000| Untracked 
| 172|0x000000008c800000, 0x000000008c800000, 0x000000008c900000|  0%| F|  |TAMS 0x000000008c800000, 0x000000008c800000| Untracked 
| 173|0x000000008c900000, 0x000000008c9277c0, 0x000000008ca00000| 15%| E|  |TAMS 0x000000008c900000, 0x000000008c900000| Complete 
| 174|0x000000008ca00000, 0x000000008cb00000, 0x000000008cb00000|100%| E|CS|TAMS 0x000000008ca00000, 0x000000008ca00000| Complete 
| 175|0x000000008cb00000, 0x000000008cc00000, 0x000000008cc00000|100%| E|CS|TAMS 0x000000008cb00000, 0x000000008cb00000| Complete 
| 176|0x000000008cc00000, 0x000000008cd00000, 0x000000008cd00000|100%| E|CS|TAMS 0x000000008cc00000, 0x000000008cc00000| Complete 
| 177|0x000000008cd00000, 0x000000008ce00000, 0x000000008ce00000|100%| E|CS|TAMS 0x000000008cd00000, 0x000000008cd00000| Complete 
| 178|0x000000008ce00000, 0x000000008cf00000, 0x000000008cf00000|100%| E|CS|TAMS 0x000000008ce00000, 0x000000008ce00000| Complete 
| 179|0x000000008cf00000, 0x000000008d000000, 0x000000008d000000|100%| E|CS|TAMS 0x000000008cf00000, 0x000000008cf00000| Complete 
| 180|0x000000008d000000, 0x000000008d100000, 0x000000008d100000|100%| E|CS|TAMS 0x000000008d000000, 0x000000008d000000| Complete 
| 181|0x000000008d100000, 0x000000008d200000, 0x000000008d200000|100%| E|CS|TAMS 0x000000008d100000, 0x000000008d100000| Complete 
| 182|0x000000008d200000, 0x000000008d300000, 0x000000008d300000|100%| E|CS|TAMS 0x000000008d200000, 0x000000008d200000| Complete 
| 183|0x000000008d300000, 0x000000008d400000, 0x000000008d400000|100%| E|CS|TAMS 0x000000008d300000, 0x000000008d300000| Complete 
| 184|0x000000008d400000, 0x000000008d500000, 0x000000008d500000|100%| E|CS|TAMS 0x000000008d400000, 0x000000008d400000| Complete 
| 185|0x000000008d500000, 0x000000008d600000, 0x000000008d600000|100%| E|CS|TAMS 0x000000008d500000, 0x000000008d500000| Complete 
| 186|0x000000008d600000, 0x000000008d700000, 0x000000008d700000|100%| E|CS|TAMS 0x000000008d600000, 0x000000008d600000| Complete 
| 187|0x000000008d700000, 0x000000008d800000, 0x000000008d800000|100%| E|CS|TAMS 0x000000008d700000, 0x000000008d700000| Complete 
| 188|0x000000008d800000, 0x000000008d900000, 0x000000008d900000|100%| E|CS|TAMS 0x000000008d800000, 0x000000008d800000| Complete 
| 189|0x000000008d900000, 0x000000008da00000, 0x000000008da00000|100%| E|CS|TAMS 0x000000008d900000, 0x000000008d900000| Complete 
| 190|0x000000008da00000, 0x000000008db00000, 0x000000008db00000|100%| E|CS|TAMS 0x000000008da00000, 0x000000008da00000| Complete 
| 191|0x000000008db00000, 0x000000008dc00000, 0x000000008dc00000|100%| E|CS|TAMS 0x000000008db00000, 0x000000008db00000| Complete 
| 192|0x000000008dc00000, 0x000000008dd00000, 0x000000008dd00000|100%| E|CS|TAMS 0x000000008dc00000, 0x000000008dc00000| Complete 
| 193|0x000000008dd00000, 0x000000008de00000, 0x000000008de00000|100%| E|CS|TAMS 0x000000008dd00000, 0x000000008dd00000| Complete 
| 194|0x000000008de00000, 0x000000008df00000, 0x000000008df00000|100%| E|CS|TAMS 0x000000008de00000, 0x000000008de00000| Complete 
| 195|0x000000008df00000, 0x000000008e000000, 0x000000008e000000|100%| E|CS|TAMS 0x000000008df00000, 0x000000008df00000| Complete 
| 196|0x000000008e000000, 0x000000008e100000, 0x000000008e100000|100%| E|CS|TAMS 0x000000008e000000, 0x000000008e000000| Complete 
| 197|0x000000008e100000, 0x000000008e200000, 0x000000008e200000|100%| E|CS|TAMS 0x000000008e100000, 0x000000008e100000| Complete 
| 198|0x000000008e200000, 0x000000008e300000, 0x000000008e300000|100%| E|CS|TAMS 0x000000008e200000, 0x000000008e200000| Complete 
| 199|0x000000008e300000, 0x000000008e400000, 0x000000008e400000|100%| E|CS|TAMS 0x000000008e300000, 0x000000008e300000| Complete 
| 200|0x000000008e400000, 0x000000008e500000, 0x000000008e500000|100%| E|CS|TAMS 0x000000008e400000, 0x000000008e400000| Complete 
| 201|0x000000008e500000, 0x000000008e600000, 0x000000008e600000|100%| E|CS|TAMS 0x000000008e500000, 0x000000008e500000| Complete 

Card table byte_map: [0x000002a0fa2f0000,0x000002a0fa6f0000] _byte_map_base: 0x000002a0f9ee2000

Marking Bits (Prev, Next): (CMBitMap*) 0x000002a0e7893d80, (CMBitMap*) 0x000002a0e7893d40
 Prev Bits: [0x000002a0fca80000, 0x000002a0fea10000)
 Next Bits: [0x000002a0faaf0000, 0x000002a0fca80000)

Polling page: 0x000002a0e5810000

Metaspace:

Usage:
  Non-class:    105.55 MB used.
      Class:     14.17 MB used.
       Both:    119.72 MB used.

Virtual space:
  Non-class space:      112.00 MB reserved,     105.94 MB ( 95%) committed,  14 nodes.
      Class space:        1.00 GB reserved,      14.56 MB (  1%) committed,  1 nodes.
             Both:        1.11 GB reserved,     120.50 MB ( 11%) committed. 

Chunk freelists:
   Non-Class:  2.12 MB
       Class:  1.25 MB
        Both:  3.37 MB

MaxMetaspaceSize: unlimited
CompressedClassSpaceSize: 1.00 GB
Initial GC threshold: 21.00 MB
Current GC threshold: 163.06 MB
CDS: off
MetaspaceReclaimPolicy: balanced
 - commit_granule_bytes: 65536.
 - commit_granule_words: 8192.
 - virtual_space_node_default_size: 1048576.
 - enlarge_chunks_in_place: 1.
 - new_chunks_are_fully_committed: 0.
 - uncommit_free_chunks: 1.
 - use_allocation_guard: 0.
 - handle_deallocations: 1.


Internal statistics:

num_allocs_failed_limit: 12.
num_arena_births: 1428.
num_arena_deaths: 0.
num_vsnodes_births: 15.
num_vsnodes_deaths: 0.
num_space_committed: 1928.
num_space_uncommitted: 0.
num_chunks_returned_to_freelist: 12.
num_chunks_taken_from_freelist: 6002.
num_chunk_merges: 6.
num_chunk_splits: 3975.
num_chunks_enlarged: 2787.
num_purges: 0.
num_inconsistent_stats: 0.

CodeHeap 'non-profiled nmethods': size=120000Kb used=11878Kb max_used=11878Kb free=108121Kb
 bounds [0x000002a0f29c0000, 0x000002a0f3560000, 0x000002a0f9ef0000]
CodeHeap 'profiled nmethods': size=120000Kb used=32321Kb max_used=32321Kb free=87678Kb
 bounds [0x000002a0eb490000, 0x000002a0ed430000, 0x000002a0f29c0000]
CodeHeap 'non-nmethods': size=5760Kb used=1484Kb max_used=1591Kb free=4275Kb
 bounds [0x000002a0eaef0000, 0x000002a0eb160000, 0x000002a0eb490000]
 total_blobs=16716 nmethods=15960 adapters=665
 compilation: enabled
              stopped_count=0, restarted_count=0
 full_count=0

Compilation events (20 events):
Event: 1379.921 Thread 0x000002a0ff93c460 nmethod 19556 0x000002a0ed415a90 code [0x000002a0ed415c80, 0x000002a0ed4162e8]
Event: 1379.921 Thread 0x000002a0ff93c460 19557       3       org.hibernate.query.internal.AbstractProducedQuery::setCacheable (7 bytes)
Event: 1379.921 Thread 0x000002a0ff93c460 nmethod 19557 0x000002a0ed416510 code [0x000002a0ed4166a0, 0x000002a0ed4167b8]
Event: 1379.925 Thread 0x000002a0ff93c460 19558       3       java.util.concurrent.ConcurrentHashMap::keySet (5 bytes)
Event: 1379.926 Thread 0x000002a0ff93c460 nmethod 19558 0x000002a0ed416890 code [0x000002a0ed416a20, 0x000002a0ed416be8]
Event: 1379.928 Thread 0x000002a0ff93c460 19559       3       com.mysql.cj.protocol.a.NativeProtocol::findMysqlType (1037 bytes)
Event: 1379.934 Thread 0x000002a0ff93c460 nmethod 19559 0x000002a0ed416c90 code [0x000002a0ed4173c0, 0x000002a0ed41c378]
Event: 1379.934 Thread 0x000002a0ff93c460 19563       3       com.mysql.cj.result.Field::adjustFlagsByMysqlType (149 bytes)
Event: 1379.934 Thread 0x000002a0ff93c460 nmethod 19563 0x000002a0ed41d390 code [0x000002a0ed41d540, 0x000002a0ed41d8f8]
Event: 1379.934 Thread 0x000002a0ff93c460 19561       3       java.util.concurrent.ConcurrentHashMap$EntrySetView::iterator (34 bytes)
Event: 1379.934 Thread 0x000002a0ff93c460 nmethod 19561 0x000002a0ed41da10 code [0x000002a0ed41dbc0, 0x000002a0ed41de08]
Event: 1379.934 Thread 0x000002a0ff93c460 19562       3       java.util.concurrent.ConcurrentHashMap::entrySet (25 bytes)
Event: 1379.935 Thread 0x000002a0ff93c460 nmethod 19562 0x000002a0ed41df10 code [0x000002a0ed41e0c0, 0x000002a0ed41e458]
Event: 1379.935 Thread 0x000002a0ff93c460 19560   !   3       org.springframework.orm.jpa.ExtendedEntityManagerCreator$ExtendedEntityManagerInvocationHandler::invoke (486 bytes)
Event: 1379.937 Thread 0x000002a0ff93c460 nmethod 19560 0x000002a0ed41e590 code [0x000002a0ed41ea20, 0x000002a0ed420a18]
Event: 1379.946 Thread 0x000002a0ff93bab0 nmethod 19537 0x000002a0f3554d10 code [0x000002a0f3554f20, 0x000002a0f3556028]
Event: 1379.946 Thread 0x000002a0ff93bab0 19554       4       org.springframework.beans.factory.support.AbstractAutowireCapableBeanFactory::applyBeanPostProcessorsAfterInitialization (61 bytes)
Event: 1379.953 Thread 0x000002a0ff93bab0 nmethod 19554 0x000002a0f3556a90 code [0x000002a0f3556c20, 0x000002a0f3556ed8]
Event: 1379.953 Thread 0x000002a0ff93bab0 19542   !   4       java.security.Provider::getService (128 bytes)
Event: 1380.009 Thread 0x000002a0ff93bab0 nmethod 19542 0x000002a0f3557210 code [0x000002a0f3557440, 0x000002a0f3558bf0]

GC Heap History (20 events):
Event: 29.014 GC heap before
{Heap before GC invocations=41 (full 0):
 garbage-first heap   total 172032K, used 88053K [0x0000000081c00000, 0x0000000100000000)
  region size 1024K, 8 young (8192K), 7 survivors (7168K)
 Metaspace       used 101170K, committed 101696K, reserved 1138688K
  class space    used 11957K, committed 12224K, reserved 1048576K
}
Event: 29.021 GC heap after
{Heap after GC invocations=42 (full 0):
 garbage-first heap   total 206848K, used 87661K [0x0000000081c00000, 0x0000000100000000)
  region size 1024K, 1 young (1024K), 1 survivors (1024K)
 Metaspace       used 101170K, committed 101696K, reserved 1138688K
  class space    used 11957K, committed 12224K, reserved 1048576K
}
Event: 30.278 GC heap before
{Heap before GC invocations=42 (full 0):
 garbage-first heap   total 206848K, used 169581K [0x0000000081c00000, 0x0000000100000000)
  region size 1024K, 81 young (82944K), 1 survivors (1024K)
 Metaspace       used 105179K, committed 105792K, reserved 1146880K
  class space    used 12530K, committed 12864K, reserved 1048576K
}
Event: 30.290 GC heap after
{Heap after GC invocations=43 (full 0):
 garbage-first heap   total 206848K, used 92015K [0x0000000081c00000, 0x0000000100000000)
  region size 1024K, 6 young (6144K), 6 survivors (6144K)
 Metaspace       used 105179K, committed 105792K, reserved 1146880K
  class space    used 12530K, committed 12864K, reserved 1048576K
}
Event: 31.527 GC heap before
{Heap before GC invocations=43 (full 0):
 garbage-first heap   total 206848K, used 169839K [0x0000000081c00000, 0x0000000100000000)
  region size 1024K, 82 young (83968K), 6 survivors (6144K)
 Metaspace       used 108244K, committed 108928K, reserved 1146880K
  class space    used 12836K, committed 13184K, reserved 1048576K
}
Event: 31.544 GC heap after
{Heap after GC invocations=44 (full 0):
 garbage-first heap   total 206848K, used 97519K [0x0000000081c00000, 0x0000000100000000)
  region size 1024K, 11 young (11264K), 11 survivors (11264K)
 Metaspace       used 108244K, committed 108928K, reserved 1146880K
  class space    used 12836K, committed 13184K, reserved 1048576K
}
Event: 32.636 GC heap before
{Heap before GC invocations=44 (full 0):
 garbage-first heap   total 206848K, used 170223K [0x0000000081c00000, 0x0000000100000000)
  region size 1024K, 82 young (83968K), 11 survivors (11264K)
 Metaspace       used 111198K, committed 111872K, reserved 1155072K
  class space    used 13298K, committed 13632K, reserved 1048576K
}
Event: 32.650 GC heap after
{Heap after GC invocations=45 (full 0):
 garbage-first heap   total 206848K, used 101098K [0x0000000081c00000, 0x0000000100000000)
  region size 1024K, 4 young (4096K), 4 survivors (4096K)
 Metaspace       used 111198K, committed 111872K, reserved 1155072K
  class space    used 13298K, committed 13632K, reserved 1048576K
}
Event: 33.597 GC heap before
{Heap before GC invocations=45 (full 0):
 garbage-first heap   total 206848K, used 171754K [0x0000000081c00000, 0x0000000100000000)
  region size 1024K, 73 young (74752K), 4 survivors (4096K)
 Metaspace       used 113577K, committed 114176K, reserved 1155072K
  class space    used 13554K, committed 13888K, reserved 1048576K
}
Event: 33.605 GC heap after
{Heap after GC invocations=46 (full 0):
 garbage-first heap   total 206848K, used 103169K [0x0000000081c00000, 0x0000000100000000)
  region size 1024K, 6 young (6144K), 6 survivors (6144K)
 Metaspace       used 113577K, committed 114176K, reserved 1155072K
  class space    used 13554K, committed 13888K, reserved 1048576K
}
Event: 34.517 GC heap before
{Heap before GC invocations=46 (full 0):
 garbage-first heap   total 206848K, used 172801K [0x0000000081c00000, 0x0000000100000000)
  region size 1024K, 74 young (75776K), 6 survivors (6144K)
 Metaspace       used 115028K, committed 115712K, reserved 1155072K
  class space    used 13704K, committed 14080K, reserved 1048576K
}
Event: 34.529 GC heap after
{Heap after GC invocations=47 (full 0):
 garbage-first heap   total 206848K, used 104303K [0x0000000081c00000, 0x0000000100000000)
  region size 1024K, 4 young (4096K), 4 survivors (4096K)
 Metaspace       used 115028K, committed 115712K, reserved 1155072K
  class space    used 13704K, committed 14080K, reserved 1048576K
}
Event: 35.123 GC heap before
{Heap before GC invocations=47 (full 0):
 garbage-first heap   total 206848K, used 174959K [0x0000000081c00000, 0x0000000100000000)
  region size 1024K, 73 young (74752K), 4 survivors (4096K)
 Metaspace       used 115144K, committed 115840K, reserved 1155072K
  class space    used 13706K, committed 14080K, reserved 1048576K
}
Event: 35.130 GC heap after
{Heap after GC invocations=48 (full 0):
 garbage-first heap   total 206848K, used 104913K [0x0000000081c00000, 0x0000000100000000)
  region size 1024K, 5 young (5120K), 5 survivors (5120K)
 Metaspace       used 115144K, committed 115840K, reserved 1155072K
  class space    used 13706K, committed 14080K, reserved 1048576K
}
Event: 35.739 GC heap before
{Heap before GC invocations=48 (full 0):
 garbage-first heap   total 206848K, used 176593K [0x0000000081c00000, 0x0000000100000000)
  region size 1024K, 75 young (76800K), 5 survivors (5120K)
 Metaspace       used 115245K, committed 115904K, reserved 1155072K
  class space    used 13707K, committed 14080K, reserved 1048576K
}
Event: 35.750 GC heap after
{Heap after GC invocations=49 (full 0):
 garbage-first heap   total 206848K, used 105146K [0x0000000081c00000, 0x0000000100000000)
  region size 1024K, 5 young (5120K), 5 survivors (5120K)
 Metaspace       used 115245K, committed 115904K, reserved 1155072K
  class space    used 13707K, committed 14080K, reserved 1048576K
}
Event: 118.053 GC heap before
{Heap before GC invocations=49 (full 0):
 garbage-first heap   total 206848K, used 176826K [0x0000000081c00000, 0x0000000100000000)
  region size 1024K, 76 young (77824K), 5 survivors (5120K)
 Metaspace       used 117805K, committed 118464K, reserved 1155072K
  class space    used 13959K, committed 14272K, reserved 1048576K
}
Event: 118.061 GC heap after
{Heap after GC invocations=50 (full 0):
 garbage-first heap   total 206848K, used 108280K [0x0000000081c00000, 0x0000000100000000)
  region size 1024K, 8 young (8192K), 8 survivors (8192K)
 Metaspace       used 117805K, committed 118464K, reserved 1155072K
  class space    used 13959K, committed 14272K, reserved 1048576K
}
Event: 208.234 GC heap before
{Heap before GC invocations=50 (full 0):
 garbage-first heap   total 206848K, used 175864K [0x0000000081c00000, 0x0000000100000000)
  region size 1024K, 75 young (76800K), 8 survivors (8192K)
 Metaspace       used 122018K, committed 122816K, reserved 1163264K
  class space    used 14446K, committed 14848K, reserved 1048576K
}
Event: 208.246 GC heap after
{Heap after GC invocations=51 (full 0):
 garbage-first heap   total 206848K, used 111162K [0x0000000081c00000, 0x0000000100000000)
  region size 1024K, 8 young (8192K), 8 survivors (8192K)
 Metaspace       used 122018K, committed 122816K, reserved 1163264K
  class space    used 14446K, committed 14848K, reserved 1048576K
}

Deoptimization events (20 events):
Event: 1240.305 Thread 0x000002a08b62c580 DEOPT PACKING pc=0x000002a0eb886464 sp=0x000000f4151fe6d0
Event: 1240.305 Thread 0x000002a08b62c580 DEOPT UNPACKING pc=0x000002a0eaf42b43 sp=0x000000f4151fdb78 mode 0
Event: 1240.306 Thread 0x000002a08b62c580 DEOPT PACKING pc=0x000002a0ec3c9069 sp=0x000000f4151fe2b0
Event: 1240.306 Thread 0x000002a08b62c580 DEOPT UNPACKING pc=0x000002a0eaf42b43 sp=0x000000f4151fd768 mode 1
Event: 1379.901 Thread 0x000002a08b626540 DEOPT PACKING pc=0x000002a0ec2e19df sp=0x000000f4152fe3b0
Event: 1379.901 Thread 0x000002a08b626540 DEOPT UNPACKING pc=0x000002a0eaf42b43 sp=0x000000f4152fd820 mode 1
Event: 1379.901 Thread 0x000002a08b626540 Uncommon trap: trap_request=0xffffff97 fr.pc=0x000002a0f3536654 relative=0x0000000000000134
Event: 1379.901 Thread 0x000002a08b626540 Uncommon trap: reason=unhandled action=none pc=0x000002a0f3536654 method=javax.crypto.Cipher.checkCipherState()V @ 24 c2
Event: 1379.901 Thread 0x000002a08b626540 DEOPT PACKING pc=0x000002a0f3536654 sp=0x000000f4152fe4f0
Event: 1379.901 Thread 0x000002a08b626540 DEOPT UNPACKING pc=0x000002a0eaf423a3 sp=0x000000f4152fe490 mode 2
Event: 1379.902 Thread 0x000002a08b626540 DEOPT PACKING pc=0x000002a0eb6634ac sp=0x000000f4152fe7f0
Event: 1379.902 Thread 0x000002a08b626540 DEOPT UNPACKING pc=0x000002a0eaf42b43 sp=0x000000f4152fdd70 mode 1
Event: 1379.902 Thread 0x000002a08b626540 DEOPT PACKING pc=0x000002a0eb77bdbc sp=0x000000f4152fe930
Event: 1379.902 Thread 0x000002a08b626540 DEOPT UNPACKING pc=0x000002a0eaf42b43 sp=0x000000f4152fde40 mode 1
Event: 1379.910 Thread 0x000002a08b629560 DEOPT PACKING pc=0x000002a0ec2e19df sp=0x000000f411afe410
Event: 1379.910 Thread 0x000002a08b629560 DEOPT UNPACKING pc=0x000002a0eaf42b43 sp=0x000000f411afd880 mode 1
Event: 1391.309 Thread 0x000002a08b6273b0 Uncommon trap: trap_request=0xffffff45 fr.pc=0x000002a0f2c09204 relative=0x00000000000005c4
Event: 1391.309 Thread 0x000002a08b6273b0 Uncommon trap: reason=unstable_if action=reinterpret pc=0x000002a0f2c09204 method=java.lang.Class.reflectionData()Ljava/lang/Class$ReflectionData; @ 31 c2
Event: 1391.309 Thread 0x000002a08b6273b0 DEOPT PACKING pc=0x000002a0f2c09204 sp=0x000000f4153f9530
Event: 1391.309 Thread 0x000002a08b6273b0 DEOPT UNPACKING pc=0x000002a0eaf423a3 sp=0x000000f4153f9428 mode 2

Classes unloaded (0 events):
No events

Classes redefined (20 events):
Event: 1322.591 Thread 0x000002a0feea1200 redefined class name=org.technohaven.api.services.AdminModuleServiceImpl, count=1
Event: 1322.591 Thread 0x000002a0feea1200 redefined class name=org.technohaven.api.services.AdminModuleService, count=1
Event: 1322.591 Thread 0x000002a0feea1200 redefined class name=org.technohaven.api.endpoint.vehicleConfig.ModelEndPoint, count=1
Event: 1322.591 Thread 0x000002a0feea1200 redefined class name=org.technohaven.api.endpoint.vehicleConfig.BrandEndPoint, count=1
Event: 1322.591 Thread 0x000002a0feea1200 redefined class name=org.technohaven.api.endpoint.productCon.TransmissionEndPoint, count=1
Event: 1322.591 Thread 0x000002a0feea1200 redefined class name=org.technohaven.api.endpoint.productCon.FuelTypeEndPoint, count=1
Event: 1322.591 Thread 0x000002a0feea1200 redefined class name=org.technohaven.api.endpoint.productCon.ColorEndPoint, count=1
Event: 1322.591 Thread 0x000002a0feea1200 redefined class name=org.technohaven.api.endpoint.location.PortEndPoint, count=1
Event: 1322.591 Thread 0x000002a0feea1200 redefined class name=org.technohaven.api.endpoint.location.DistrictEndPoint, count=1
Event: 1322.591 Thread 0x000002a0feea1200 redefined class name=org.technohaven.api.endpoint.location.CityEndPoint, count=1
Event: 1322.591 Thread 0x000002a0feea1200 redefined class name=org.technohaven.api.endpoint.info.WarehouseEndPoint, count=1
Event: 1322.591 Thread 0x000002a0feea1200 redefined class name=org.technohaven.api.endpoint.info.ShowroomEndPoint, count=1
Event: 1322.591 Thread 0x000002a0feea1200 redefined class name=org.technohaven.api.endpoint.info.ProfileEndPoint, count=1
Event: 1322.591 Thread 0x000002a0feea1200 redefined class name=org.technohaven.api.endpoint.cart.CustomCartEndpoint, count=1
Event: 1322.591 Thread 0x000002a0feea1200 redefined class name=org.technohaven.api.configuration.RestApiMvcConfiguration, count=1
Event: 1322.591 Thread 0x000002a0feea1200 redefined class name=org.technohaven.api.configuration.RestApiMvcConfiguration$SwaggerConfig, count=1
Event: 1322.591 Thread 0x000002a0feea1200 redefined class name=org.technohaven.api.ApiApplication, count=1
Event: 1322.591 Thread 0x000002a0feea1200 redefined class name=org.technohaven.api.configuration.RestApiMvcConfiguration$EnableBroadleafRestControllers, count=1
Event: 1322.591 Thread 0x000002a0feea1200 redefined class name=org.technohaven.api.configuration.ApiConfig, count=1
Event: 1322.591 Thread 0x000002a0feea1200 redefined class name=org.technohaven.api.SpringRestExceptionMapper, count=1

Internal exceptions (20 events):
Event: 32.974 Thread 0x000002a0e7855570 Exception <a 'java/lang/ClassNotFoundException'{0x000000008cedadf0}: org/broadleafcommerce/common/extensibility/jpa/AutoDDLCreateStatusTestBeanCustomizer> (0x000000008cedadf0) 
thrown [e:\jenkins\tmp\workspace\build\src\src\hotspot\share\classfile\systemDictionary.cpp, line 256]
Event: 33.000 Thread 0x000002a0e7855570 Exception <a 'java/lang/NoSuchMethodError'{0x000000008cde3378}: 'java.lang.Object java.lang.invoke.DirectMethodHandle$Holder.invokeSpecial(java.lang.Object, java.lang.Object, int, java.lang.Object, int, java.lang.Object)'> (0x000000008cde3378) 
thrown [e:\jenkins\tmp\workspace\build\src\src\hotspot\share\interpreter\linkResolver.cpp, line 766]
Event: 33.001 Thread 0x000002a0e7855570 Exception <a 'java/lang/NoSuchMethodError'{0x000000008cdeb178}: 'java.lang.Object java.lang.invoke.DirectMethodHandle$Holder.newInvokeSpecial(java.lang.Object, java.lang.Object, int, java.lang.Object, int)'> (0x000000008cdeb178) 
thrown [e:\jenkins\tmp\workspace\build\src\src\hotspot\share\interpreter\linkResolver.cpp, line 766]
Event: 33.001 Thread 0x000002a0e7855570 Exception <a 'java/lang/NoSuchMethodError'{0x000000008cdef278}: 'java.lang.Object java.lang.invoke.DirectMethodHandle$Holder.invokeSpecial(java.lang.Object, java.lang.Object, java.lang.Object, int, java.lang.Object, int)'> (0x000000008cdef278) 
thrown [e:\jenkins\tmp\workspace\build\src\src\hotspot\share\interpreter\linkResolver.cpp, line 766]
Event: 33.004 Thread 0x000002a0e7855570 Exception <a 'java/lang/NoSuchMethodError'{0x000000008cdff110}: 'void java.lang.invoke.DirectMethodHandle$Holder.invokeVirtual(java.lang.Object, java.lang.Object)'> (0x000000008cdff110) 
thrown [e:\jenkins\tmp\workspace\build\src\src\hotspot\share\interpreter\linkResolver.cpp, line 766]
Event: 36.380 Thread 0x000002a0e7855570 Implicit null exception at 0x000002a0f29eda77 to 0x000002a0f29ee0d8
Event: 118.363 Thread 0x000002a08b627880 Exception <a 'java/lang/NoSuchMethodError'{0x000000008d8080d8}: 'java.lang.Object java.lang.invoke.DirectMethodHandle$Holder.invokeStaticInit(java.lang.Object, java.lang.Object, java.lang.Object, java.lang.Object, java.lang.Object, java.lang.Object)'> (0x000000008d8080d8) 
thrown [e:\jenkins\tmp\workspace\build\src\src\hotspot\share\interpreter\linkResolver.cpp, line 766]
Event: 118.713 Thread 0x000002a08b627880 Implicit null exception at 0x000002a0f335f156 to 0x000002a0f3366534
Event: 119.192 Thread 0x000002a08b62c580 Exception <a 'java/io/IOException'{0x000000008bd78950}> (0x000000008bd78950) 
thrown [e:\jenkins\tmp\workspace\build\src\src\hotspot\share\prims\jni.cpp, line 516]
Event: 119.196 Thread 0x000002a08b62c580 Exception <a 'java/io/IOException'{0x000000008bd79b18}> (0x000000008bd79b18) 
thrown [e:\jenkins\tmp\workspace\build\src\src\hotspot\share\prims\jni.cpp, line 516]
Event: 208.323 Thread 0x000002a08b62ad70 Exception <a 'java/lang/ClassCastException'{0x000000008e574458}: class [Ljava.lang.Object; cannot be cast to class org.technohaven.core.entities.AdminSecPerm ([Ljava.lang.Object; is in module java.base of loader 'bootstrap'; org.technohaven.core.entities.AdminSecPerm is in unnamed module of loader 'app')> (0x000000008e574458) 
thrown [e:\jenkins\tmp\workspace\build\src\src\hotspot\share\interpreter\interpreterRuntime.cpp, line 444]
Event: 208.324 Thread 0x000002a08b62ad70 Exception <a 'java/lang/reflect/InvocationTargetException'{0x000000008e5751c8}> (0x000000008e5751c8) 
thrown [e:\jenkins\tmp\workspace\build\src\src\hotspot\share\runtime\reflection.cpp, line 1121]
Event: 354.644 Thread 0x000002a08b628220 Exception <a 'java/lang/ClassCastException'{0x000000008dba67f8}: class [Ljava.lang.Object; cannot be cast to class org.technohaven.core.entities.AdminSecPerm ([Ljava.lang.Object; is in module java.base of loader 'bootstrap'; org.technohaven.core.entities.AdminSecPerm is in unnamed module of loader 'app')> (0x000000008dba67f8) 
thrown [e:\jenkins\tmp\workspace\build\src\src\hotspot\share\interpreter\interpreterRuntime.cpp, line 444]
Event: 354.644 Thread 0x000002a08b628220 Exception <a 'java/lang/reflect/InvocationTargetException'{0x000000008dba7568}> (0x000000008dba7568) 
thrown [e:\jenkins\tmp\workspace\build\src\src\hotspot\share\runtime\reflection.cpp, line 1121]
Event: 462.092 Thread 0x000002a08b62ad70 Exception <a 'java/lang/ClassCastException'{0x000000008d6d2fb0}: class [Ljava.lang.Object; cannot be cast to class org.technohaven.core.entities.AdminSecPerm ([Ljava.lang.Object; is in module java.base of loader 'bootstrap'; org.technohaven.core.entities.AdminSecPerm is in unnamed module of loader 'app')> (0x000000008d6d2fb0) 
thrown [e:\jenkins\tmp\workspace\build\src\src\hotspot\share\interpreter\interpreterRuntime.cpp, line 444]
Event: 462.092 Thread 0x000002a08b62ad70 Exception <a 'java/lang/reflect/InvocationTargetException'{0x000000008d6d3d20}> (0x000000008d6d3d20) 
thrown [e:\jenkins\tmp\workspace\build\src\src\hotspot\share\runtime\reflection.cpp, line 1121]
Event: 1098.632 Thread 0x000002a08b629a30 Exception <a 'java/lang/ClassCastException'{0x000000008d2efbb8}: class [Ljava.lang.Object; cannot be cast to class org.technohaven.core.entities.AdminSecPerm ([Ljava.lang.Object; is in module java.base of loader 'bootstrap'; org.technohaven.core.entities.AdminSecPerm is in unnamed module of loader 'app')> (0x000000008d2efbb8) 
thrown [e:\jenkins\tmp\workspace\build\src\src\hotspot\share\interpreter\interpreterRuntime.cpp, line 444]
Event: 1102.287 Thread 0x000002a08b629a30 Exception <a 'java/lang/reflect/InvocationTargetException'{0x000000008d2f0928}> (0x000000008d2f0928) 
thrown [e:\jenkins\tmp\workspace\build\src\src\hotspot\share\runtime\reflection.cpp, line 1121]
Event: 1236.431 Thread 0x000002a08b62c580 Exception <a 'java/lang/ClassCastException'{0x000000008cfd89f8}: class [Ljava.lang.Object; cannot be cast to class org.technohaven.core.entities.AdminSecPerm ([Ljava.lang.Object; is in module java.base of loader 'bootstrap'; org.technohaven.core.entities.AdminSecPerm is in unnamed module of loader 'app')> (0x000000008cfd89f8) 
thrown [e:\jenkins\tmp\workspace\build\src\src\hotspot\share\interpreter\interpreterRuntime.cpp, line 444]
Event: 1240.290 Thread 0x000002a08b62c580 Exception <a 'java/lang/reflect/InvocationTargetException'{0x000000008cfd9768}> (0x000000008cfd9768) 
thrown [e:\jenkins\tmp\workspace\build\src\src\hotspot\share\runtime\reflection.cpp, line 1121]

VM Operations (20 events):
Event: 1394.161 Executing VM operation: GetObjectMonitorUsage
Event: 1394.161 Executing VM operation: GetObjectMonitorUsage done
Event: 1394.161 Executing VM operation: GetObjectMonitorUsage
Event: 1394.161 Executing VM operation: GetObjectMonitorUsage done
Event: 1394.162 Executing VM operation: GetObjectMonitorUsage
Event: 1394.162 Executing VM operation: GetObjectMonitorUsage done
Event: 1394.162 Executing VM operation: GetObjectMonitorUsage
Event: 1394.162 Executing VM operation: GetObjectMonitorUsage done
Event: 1394.163 Executing VM operation: GetObjectMonitorUsage
Event: 1394.163 Executing VM operation: GetObjectMonitorUsage done
Event: 1394.163 Executing VM operation: GetObjectMonitorUsage
Event: 1394.163 Executing VM operation: GetObjectMonitorUsage done
Event: 1394.165 Executing VM operation: GetObjectMonitorUsage
Event: 1394.165 Executing VM operation: GetObjectMonitorUsage done
Event: 1394.165 Executing VM operation: GetObjectMonitorUsage
Event: 1394.165 Executing VM operation: GetObjectMonitorUsage done
Event: 1394.168 Executing VM operation: GetObjectMonitorUsage
Event: 1394.168 Executing VM operation: GetObjectMonitorUsage done
Event: 1394.168 Executing VM operation: GetObjectMonitorUsage
Event: 1394.169 Executing VM operation: GetObjectMonitorUsage done

Events (20 events):
Event: 119.495 loading class java/lang/Package$1PackageInfoProxy
Event: 119.495 loading class java/lang/Package$1PackageInfoProxy done
Event: 123.391 Thread 0x000002a08914ae50 Thread exited: 0x000002a08914ae50
Event: 173.140 Thread 0x000002a08914ccb0 Thread added: 0x000002a08914ccb0
Event: 176.221 Thread 0x000002a08914ccb0 Thread exited: 0x000002a08914ccb0
Event: 179.781 Thread 0x000002a08914c7a0 Thread added: 0x000002a08914c7a0
Event: 182.365 Thread 0x000002a08914c7a0 Thread exited: 0x000002a08914c7a0
Event: 208.328 Thread 0x000002a0891485d0 Thread added: 0x000002a0891485d0
Event: 213.861 Thread 0x000002a0891485d0 Thread exited: 0x000002a0891485d0
Event: 302.957 Thread 0x000002a08914ccb0 Thread added: 0x000002a08914ccb0
Event: 308.112 Thread 0x000002a08914ccb0 Thread exited: 0x000002a08914ccb0
Event: 310.903 Thread 0x000002a089147bb0 Thread added: 0x000002a089147bb0
Event: 311.092 Thread 0x000002a0ff947240 flushing nmethod 0x000002a0f2d23d10
Event: 311.095 Thread 0x000002a0ff947240 flushing nmethod 0x000002a0f335ba90
Event: 311.103 Thread 0x000002a0ff947240 flushing nmethod 0x000002a0ebc76590
Event: 311.107 Thread 0x000002a0ff947240 flushing nmethod 0x000002a0ec250090
Event: 311.122 Thread 0x000002a0ff947240 flushing nmethod 0x000002a0ed335390
Event: 316.040 Thread 0x000002a089147bb0 Thread exited: 0x000002a089147bb0
Event: 446.212 Thread 0x000002a089148ae0 Thread added: 0x000002a089148ae0
Event: 451.427 Thread 0x000002a089148ae0 Thread exited: 0x000002a089148ae0


Dynamic libraries:
0x00007ff7493a0000 - 0x00007ff7493ae000 	D:\Saju Ahmed\Softwares\sts-4.14.0.RELEASE\plugins\org.eclipse.justj.openjdk.hotspot.jre.full.win32.x86_64_17.0.2.v20220201-1208\jre\bin\javaw.exe
0x00007ffa0e5d0000 - 0x00007ffa0e7c7000 	C:\Windows\SYSTEM32\ntdll.dll
0x00007ffa0e4d0000 - 0x00007ffa0e58d000 	C:\Windows\System32\KERNEL32.DLL
0x00007ffa0c230000 - 0x00007ffa0c4fd000 	C:\Windows\System32\KERNELBASE.dll
0x00007ffa0c530000 - 0x00007ffa0c630000 	C:\Windows\System32\ucrtbase.dll
0x00007ff9ff6d0000 - 0x00007ff9ff6e8000 	D:\Saju Ahmed\Softwares\sts-4.14.0.RELEASE\plugins\org.eclipse.justj.openjdk.hotspot.jre.full.win32.x86_64_17.0.2.v20220201-1208\jre\bin\jli.dll
0x00007ff9f7d50000 - 0x00007ff9f7d69000 	D:\Saju Ahmed\Softwares\sts-4.14.0.RELEASE\plugins\org.eclipse.justj.openjdk.hotspot.jre.full.win32.x86_64_17.0.2.v20220201-1208\jre\bin\VCRUNTIME140.dll
0x00007ffa0d300000 - 0x00007ffa0d4a0000 	C:\Windows\System32\USER32.dll
0x00007ff9f9130000 - 0x00007ff9f93ca000 	C:\Windows\WinSxS\amd64_microsoft.windows.common-controls_6595b64144ccf1df_6.0.19041.1110_none_60b5254171f9507e\COMCTL32.dll
0x00007ffa0bef0000 - 0x00007ffa0bf12000 	C:\Windows\System32\win32u.dll
0x00007ffa0c830000 - 0x00007ffa0c8ce000 	C:\Windows\System32\msvcrt.dll
0x00007ffa0d6b0000 - 0x00007ffa0d6da000 	C:\Windows\System32\GDI32.dll
0x00007ffa0bde0000 - 0x00007ffa0beeb000 	C:\Windows\System32\gdi32full.dll
0x00007ffa0bd40000 - 0x00007ffa0bddd000 	C:\Windows\System32\msvcp_win.dll
0x00007ffa0cb60000 - 0x00007ffa0cb90000 	C:\Windows\System32\IMM32.DLL
0x00007ffa09550000 - 0x00007ffa0955c000 	D:\Saju Ahmed\Softwares\sts-4.14.0.RELEASE\plugins\org.eclipse.justj.openjdk.hotspot.jre.full.win32.x86_64_17.0.2.v20220201-1208\jre\bin\vcruntime140_1.dll
0x00007ff9e3f00000 - 0x00007ff9e3f91000 	D:\Saju Ahmed\Softwares\sts-4.14.0.RELEASE\plugins\org.eclipse.justj.openjdk.hotspot.jre.full.win32.x86_64_17.0.2.v20220201-1208\jre\bin\msvcp140.dll
0x00007ff9cace0000 - 0x00007ff9cb927000 	D:\Saju Ahmed\Softwares\sts-4.14.0.RELEASE\plugins\org.eclipse.justj.openjdk.hotspot.jre.full.win32.x86_64_17.0.2.v20220201-1208\jre\bin\server\jvm.dll
0x00007ffa0d1f0000 - 0x00007ffa0d29e000 	C:\Windows\System32\ADVAPI32.dll
0x00007ffa0cb90000 - 0x00007ffa0cc2c000 	C:\Windows\System32\sechost.dll
0x00007ffa0de30000 - 0x00007ffa0df55000 	C:\Windows\System32\RPCRT4.dll
0x00007ffa0d0b0000 - 0x00007ffa0d0b8000 	C:\Windows\System32\PSAPI.DLL
0x00007ffa07800000 - 0x00007ffa07809000 	C:\Windows\SYSTEM32\WSOCK32.dll
0x00007ff9f9e70000 - 0x00007ff9f9e97000 	C:\Windows\SYSTEM32\WINMM.dll
0x00007ffa06610000 - 0x00007ffa0661a000 	C:\Windows\SYSTEM32\VERSION.dll
0x00007ffa0e460000 - 0x00007ffa0e4cb000 	C:\Windows\System32\WS2_32.dll
0x00007ffa09bf0000 - 0x00007ffa09c02000 	C:\Windows\SYSTEM32\kernel.appcore.dll
0x00007ff9ffd30000 - 0x00007ff9ffd3a000 	D:\Saju Ahmed\Softwares\sts-4.14.0.RELEASE\plugins\org.eclipse.justj.openjdk.hotspot.jre.full.win32.x86_64_17.0.2.v20220201-1208\jre\bin\jimage.dll
0x00007ff9fad20000 - 0x00007ff9faf04000 	C:\Windows\SYSTEM32\DBGHELP.DLL
0x00007ff9fc770000 - 0x00007ff9fc79c000 	C:\Windows\SYSTEM32\dbgcore.DLL
0x00007ffa0c1a0000 - 0x00007ffa0c222000 	C:\Windows\System32\bcryptPrimitives.dll
0x00007ff9f5c00000 - 0x00007ff9f5c3b000 	D:\Saju Ahmed\Softwares\sts-4.14.0.RELEASE\plugins\org.eclipse.justj.openjdk.hotspot.jre.full.win32.x86_64_17.0.2.v20220201-1208\jre\bin\jdwp.dll
0x00007ff9ffc90000 - 0x00007ff9ffc9e000 	D:\Saju Ahmed\Softwares\sts-4.14.0.RELEASE\plugins\org.eclipse.justj.openjdk.hotspot.jre.full.win32.x86_64_17.0.2.v20220201-1208\jre\bin\instrument.dll
0x00007ff9fd0f0000 - 0x00007ff9fd115000 	D:\Saju Ahmed\Softwares\sts-4.14.0.RELEASE\plugins\org.eclipse.justj.openjdk.hotspot.jre.full.win32.x86_64_17.0.2.v20220201-1208\jre\bin\java.dll
0x00007ff9fdb90000 - 0x00007ff9fdba8000 	D:\Saju Ahmed\Softwares\sts-4.14.0.RELEASE\plugins\org.eclipse.justj.openjdk.hotspot.jre.full.win32.x86_64_17.0.2.v20220201-1208\jre\bin\zip.dll
0x00007ffa0d6e0000 - 0x00007ffa0de24000 	C:\Windows\System32\SHELL32.dll
0x00007ffa09df0000 - 0x00007ffa0a584000 	C:\Windows\SYSTEM32\windows.storage.dll
0x00007ffa0cd50000 - 0x00007ffa0d0a4000 	C:\Windows\System32\combase.dll
0x00007ffa0b6e0000 - 0x00007ffa0b70c000 	C:\Windows\SYSTEM32\Wldp.dll
0x00007ffa0d4b0000 - 0x00007ffa0d55d000 	C:\Windows\System32\SHCORE.dll
0x00007ffa0d5f0000 - 0x00007ffa0d645000 	C:\Windows\System32\shlwapi.dll
0x00007ffa0bc30000 - 0x00007ffa0bc4f000 	C:\Windows\SYSTEM32\profapi.dll
0x00007ff9ff760000 - 0x00007ff9ff76c000 	D:\Saju Ahmed\Softwares\sts-4.14.0.RELEASE\plugins\org.eclipse.justj.openjdk.hotspot.jre.full.win32.x86_64_17.0.2.v20220201-1208\jre\bin\dt_socket.dll
0x00007ffa0b130000 - 0x00007ffa0b16b000 	C:\Windows\SYSTEM32\IPHLPAPI.DLL
0x00007ffa0b440000 - 0x00007ffa0b4aa000 	C:\Windows\system32\mswsock.dll
0x00007ffa0b170000 - 0x00007ffa0b23b000 	C:\Windows\SYSTEM32\DNSAPI.dll
0x00007ffa0d560000 - 0x00007ffa0d568000 	C:\Windows\System32\NSI.dll
0x00007ffa05330000 - 0x00007ffa0533a000 	C:\Windows\System32\rasadhlp.dll
0x00007ffa041b0000 - 0x00007ffa04230000 	C:\Windows\System32\fwpuclnt.dll
0x00007ffa0c500000 - 0x00007ffa0c527000 	C:\Windows\System32\bcrypt.dll
0x00007ff9fce30000 - 0x00007ff9fce49000 	D:\Saju Ahmed\Softwares\sts-4.14.0.RELEASE\plugins\org.eclipse.justj.openjdk.hotspot.jre.full.win32.x86_64_17.0.2.v20220201-1208\jre\bin\net.dll
0x00007ffa03fe0000 - 0x00007ffa040ea000 	C:\Windows\SYSTEM32\WINHTTP.dll
0x00007ff9f7d70000 - 0x00007ff9f7d85000 	D:\Saju Ahmed\Softwares\sts-4.14.0.RELEASE\plugins\org.eclipse.justj.openjdk.hotspot.jre.full.win32.x86_64_17.0.2.v20220201-1208\jre\bin\nio.dll
0x00007ffa09560000 - 0x00007ffa09570000 	D:\Saju Ahmed\Softwares\sts-4.14.0.RELEASE\plugins\org.eclipse.justj.openjdk.hotspot.jre.full.win32.x86_64_17.0.2.v20220201-1208\jre\bin\verify.dll
0x00007ff9ff590000 - 0x00007ff9ff599000 	D:\Saju Ahmed\Softwares\sts-4.14.0.RELEASE\plugins\org.eclipse.justj.openjdk.hotspot.jre.full.win32.x86_64_17.0.2.v20220201-1208\jre\bin\management.dll
0x00007ff9f7850000 - 0x00007ff9f785b000 	D:\Saju Ahmed\Softwares\sts-4.14.0.RELEASE\plugins\org.eclipse.justj.openjdk.hotspot.jre.full.win32.x86_64_17.0.2.v20220201-1208\jre\bin\management_ext.dll
0x00007ff9fc6c0000 - 0x00007ff9fc6d7000 	C:\Windows\system32\napinsp.dll
0x00007ff9fc6a0000 - 0x00007ff9fc6bb000 	C:\Windows\system32\pnrpnsp.dll
0x00007ff9fc680000 - 0x00007ff9fc695000 	C:\Windows\system32\wshbth.dll
0x00007ffa07630000 - 0x00007ffa0764d000 	C:\Windows\system32\NLAapi.dll
0x00007ff9fc660000 - 0x00007ff9fc672000 	C:\Windows\System32\winrnr.dll
0x00007ffa0b640000 - 0x00007ffa0b658000 	C:\Windows\SYSTEM32\CRYPTSP.dll
0x00007ffa0adc0000 - 0x00007ffa0adf4000 	C:\Windows\system32\rsaenh.dll
0x00007ffa0bbf0000 - 0x00007ffa0bc1e000 	C:\Windows\SYSTEM32\USERENV.dll
0x00007ffa0b630000 - 0x00007ffa0b63c000 	C:\Windows\SYSTEM32\CRYPTBASE.dll
0x00007ffa05ce0000 - 0x00007ffa05cf7000 	C:\Windows\SYSTEM32\dhcpcsvc6.DLL
0x00007ffa05cc0000 - 0x00007ffa05cdd000 	C:\Windows\SYSTEM32\dhcpcsvc.DLL
0x00007ff9ff690000 - 0x00007ff9ff69e000 	D:\Saju Ahmed\Softwares\sts-4.14.0.RELEASE\plugins\org.eclipse.justj.openjdk.hotspot.jre.full.win32.x86_64_17.0.2.v20220201-1208\jre\bin\sunmscapi.dll
0x00007ffa0bf20000 - 0x00007ffa0c076000 	C:\Windows\System32\CRYPT32.dll
0x00007ffa0b750000 - 0x00007ffa0b777000 	C:\Windows\SYSTEM32\ncrypt.dll
0x00007ffa0b710000 - 0x00007ffa0b74b000 	C:\Windows\SYSTEM32\NTASN1.dll
0x00007ff9ff1d0000 - 0x00007ff9ff1d7000 	C:\Windows\system32\wshunix.dll

dbghelp: loaded successfully - version: 4.0.5 - missing functions: none
symbol engine: initialized successfully - sym options: 0x614 - pdb path: .;D:\Saju Ahmed\Softwares\sts-4.14.0.RELEASE\plugins\org.eclipse.justj.openjdk.hotspot.jre.full.win32.x86_64_17.0.2.v20220201-1208\jre\bin;C:\Windows\SYSTEM32;C:\Windows\WinSxS\amd64_microsoft.windows.common-controls_6595b64144ccf1df_6.0.19041.1110_none_60b5254171f9507e;D:\Saju Ahmed\Softwares\sts-4.14.0.RELEASE\plugins\org.eclipse.justj.openjdk.hotspot.jre.full.win32.x86_64_17.0.2.v20220201-1208\jre\bin\server

VM Arguments:
jvm_args: -XX:+ShowCodeDetailsInExceptionMessages -agentlib:jdwp=transport=dt_socket,suspend=y,address=localhost:53610 -javaagent:D:\Saju Ahmed\Softwares\sts-4.14.0.RELEASE\configuration\org.eclipse.osgi\265\0\.cp\lib\javaagent-shaded.jar -Dfile.encoding=Cp1252 
java_command: org.technohaven.api.ApiApplication
java_class_path (initial): D:\Saju Ahmed\Java work files\workspace-spring-tool-suite\automobile-b2b-web\api\target\classes;D:\Saju Ahmed\Java work files\workspace-spring-tool-suite\automobile-b2b-web\core\target\classes;C:\Users\Firus\.m2\repository\org\springframework\boot\spring-boot-starter-actuator\2.4.13\spring-boot-starter-actuator-2.4.13.jar;C:\Users\Firus\.m2\repository\org\springframework\boot\spring-boot-actuator-autoconfigure\2.4.13\spring-boot-actuator-autoconfigure-2.4.13.jar;C:\Users\Firus\.m2\repository\org\springframework\boot\spring-boot-actuator\2.4.13\spring-boot-actuator-2.4.13.jar;C:\Users\Firus\.m2\repository\io\micrometer\micrometer-core\1.6.13\micrometer-core-1.6.13.jar;C:\Users\Firus\.m2\repository\org\hdrhistogram\HdrHistogram\2.1.12\HdrHistogram-2.1.12.jar;C:\Users\Firus\.m2\repository\org\latencyutils\LatencyUtils\2.0.3\LatencyUtils-2.0.3.jar;C:\Users\Firus\.m2\repository\org\broadleafcommerce\broadleaf-framework\6.2.2-GA\broadleaf-framework-6.2.2-GA.jar;C:\Users\Firus\.m2\repository\org\apache\solr\solr-solrj\8.11.1\solr-solrj-8.11.1.jar;C:\Users\Firus\.m2\repository\commons-lang\commons-lang\2.6\commons-lang-2.6.jar;C:\Users\Firus\.m2\repository\io\netty\netty-buffer\4.1.70.Final\netty-buffer-4.1.70.Final.jar;C:\Users\Firus\.m2\repository\io\netty\netty-codec\4.1.70.Final\netty-codec-4.1.70.Final.jar;C:\Users\Firus\.m2\repository\io\netty\netty-common\4.1.70.Final\netty-common-4.1.70.Final.jar;C:\Users\Firus\.m2\repository\io\netty\netty-handler\4.1.70.Final\netty-handler-4.1.70.Final.jar;C:\Users\Firus\.m2\repository\io\netty\netty-resolver\4.1.70.Final\netty-resolver-4.1.70.Final.jar;C:\Users\Firus\.m2\repository\io\netty\netty-transport\4.1.70.Final\netty-transport-4.1.70.Final.jar;C:\Users\Firus\.m2\repository\io\netty\netty-transport-native-epoll\4.1.70.Final\netty-transport-native-epoll-4.1.70.Final.jar;C:\Users\Firus\.m2\repository\io\netty\netty-transport-classes-epoll\4.1.70.Final\netty-transport-classes-epoll-4.1.70.Final.ja
Launcher Type: SUN_STANDARD

[Global flags]
     intx CICompilerCount                          = 3                                         {product} {ergonomic}
     uint ConcGCThreads                            = 1                                         {product} {ergonomic}
     uint G1ConcRefinementThreads                  = 4                                         {product} {ergonomic}
   size_t G1HeapRegionSize                         = 1048576                                   {product} {ergonomic}
    uintx GCDrainStackTargetSize                   = 64                                        {product} {ergonomic}
   size_t InitialHeapSize                          = 134217728                                 {product} {ergonomic}
   size_t MarkStackSize                            = 4194304                                   {product} {ergonomic}
   size_t MaxHeapSize                              = 2118123520                                {product} {ergonomic}
   size_t MaxNewSize                               = 1270874112                                {product} {ergonomic}
   size_t MinHeapDeltaBytes                        = 1048576                                   {product} {ergonomic}
   size_t MinHeapSize                              = 8388608                                   {product} {ergonomic}
    uintx NonNMethodCodeHeapSize                   = 5832780                                {pd product} {ergonomic}
    uintx NonProfiledCodeHeapSize                  = 122912730                              {pd product} {ergonomic}
    uintx ProfiledCodeHeapSize                     = 122912730                              {pd product} {ergonomic}
    uintx ReservedCodeCacheSize                    = 251658240                              {pd product} {ergonomic}
     bool SegmentedCodeCache                       = true                                      {product} {ergonomic}
     bool ShowCodeDetailsInExceptionMessages       = true                                   {manageable} {command line}
   size_t SoftMaxHeapSize                          = 2118123520                             {manageable} {ergonomic}
     bool UseCompressedClassPointers               = true                           {product lp64_product} {ergonomic}
     bool UseCompressedOops                        = true                           {product lp64_product} {ergonomic}
     bool UseG1GC                                  = true                                      {product} {ergonomic}
     bool UseLargePagesIndividualAllocation        = false                                  {pd product} {ergonomic}

Logging:
Log output configuration:
 #0: stdout all=warning uptime,level,tags
 #1: stderr all=off uptime,level,tags

Environment Variables:
JAVA_HOME=C:\Program Files\Java\jdk1.8.0_333
PATH=D:\Saju Ahmed\Softwares\sts-4.14.0.RELEASE\plugins\org.eclipse.justj.openjdk.hotspot.jre.full.win32.x86_64_17.0.2.v20220201-1208\jre\bin;D:/Saju Ahmed/Softwares/sts-4.14.0.RELEASE//plugins/org.eclipse.justj.openjdk.hotspot.jre.full.win32.x86_64_17.0.2.v20220201-1208/jre/bin/server;D:/Saju Ahmed/Softwares/sts-4.14.0.RELEASE//plugins/org.eclipse.justj.openjdk.hotspot.jre.full.win32.x86_64_17.0.2.v20220201-1208/jre/bin;C:\Program Files (x86)\Common Files\Oracle\Java\javapath;C:\app\Firus\product\18.0.0\dbhomeXE\bin;C:\Windows\system32;C:\Windows;C:\Windows\System32\Wbem;C:\Windows\System32\WindowsPowerShell\v1.0\;C:\Windows\System32\OpenSSH\;C:\Program Files\Git\cmd;C:\Program Files\apache-maven-3.5.4\bin;C:\Program Files\Java\jre1.8.0_333\bin;C:\Program Files\Java\jdk1.8.0_333\bin;C:\Program Files\MySQL\MySQL Shell 8.0\bin\;C:\Users\Firus\AppData\Local\Microsoft\WindowsApps;;C:\Users\Firus\AppData\Local\Programs\Microsoft VS Code\bin;D:\Saju Ahmed\Softwares\sts-4.14.0.RELEASE;
USERNAME=Firus
OS=Windows_NT
PROCESSOR_IDENTIFIER=Intel64 Family 6 Model 94 Stepping 3, GenuineIntel



---------------  S Y S T E M  ---------------

OS:
 Windows 10 , 64 bit Build 19041 (10.0.19041.1741)
OS uptime: 3 days 8:26 hours

CPU: total 4 (initial active 4) (2 cores per cpu, 2 threads per core) family 6 model 94 stepping 3 microcode 0xcc, cx8, cmov, fxsr, ht, mmx, 3dnowpref, sse, sse2, sse3, ssse3, sse4.1, sse4.2, popcnt, lzcnt, tsc, tscinvbit, avx, avx2, aes, erms, clmul, bmi1, bmi2, adx, fma, vzeroupper, clflush, clflushopt

Memory: 4k page, system-wide physical 8072M (995M free)
TotalPageFile size 18312M (AvailPageFile size 7121M)
current process WorkingSet (physical memory assigned to process): 503M, peak: 562M
current process commit charge ("private bytes"): 534M, peak: 586M

vm_info: OpenJDK 64-Bit Server VM (17.0.2+8) for windows-amd64 JRE (17.0.2+8), built on Jan 20 2022 04:52:34 by "" with MS VC++ 16.7 (VS2019)

END.
